[0.618s] DEBUG:colcon:Command line arguments: ['/usr/bin/colcon', 'build']
[0.618s] DEBUG:colcon:Parsed command line arguments: Namespace(log_base=None, log_level=None, verb_name='build', build_base='build', install_base='install', merge_install=False, symlink_install=False, test_result_base=None, continue_on_error=False, executor='parallel', parallel_workers=4, event_handlers=None, ignore_user_meta=False, metas=['./colcon.meta'], base_paths=['.'], packages_ignore=None, packages_ignore_regex=None, paths=None, packages_up_to=None, packages_up_to_regex=None, packages_above=None, packages_above_and_dependencies=None, packages_above_depth=None, packages_select_by_dep=None, packages_skip_by_dep=None, packages_skip_up_to=None, packages_select_build_failed=False, packages_skip_build_finished=False, packages_select_test_failures=False, packages_skip_test_passed=False, packages_select=None, packages_skip=None, packages_select_regex=None, packages_skip_regex=None, packages_start=None, packages_end=None, allow_overriding=[], cmake_args=None, cmake_target=None, cmake_target_skip_unavailable=False, cmake_clean_cache=False, cmake_clean_first=False, cmake_force_configure=False, ament_cmake_args=None, catkin_cmake_args=None, catkin_skip_building_tests=False, verb_parser=<colcon_defaults.argument_parser.defaults.DefaultArgumentsDecorator object at 0x7f69d65af280>, verb_extension=<colcon_core.verb.build.BuildVerb object at 0x7f69d6db0400>, main=<bound method BuildVerb.main of <colcon_core.verb.build.BuildVerb object at 0x7f69d6db0400>>)
[0.680s] Level 1:colcon.colcon_core.package_discovery:discover_packages(colcon_meta) check parameters
[0.680s] Level 1:colcon.colcon_core.package_discovery:discover_packages(recursive) check parameters
[0.680s] Level 1:colcon.colcon_core.package_discovery:discover_packages(ignore) check parameters
[0.680s] Level 1:colcon.colcon_core.package_discovery:discover_packages(path) check parameters
[0.681s] Level 1:colcon.colcon_core.package_discovery:discover_packages(colcon_meta) discover
[0.681s] Level 1:colcon.colcon_core.package_discovery:discover_packages(recursive) discover
[0.681s] INFO:colcon.colcon_core.package_discovery:Crawling recursively for packages in '/home/anand/Desktop/moveo_ros2'
[0.681s] Level 1:colcon.colcon_core.package_identification:_identify(.) by extensions ['ignore', 'ignore_ament_install']
[0.681s] Level 1:colcon.colcon_core.package_identification:_identify(.) by extension 'ignore'
[0.681s] Level 1:colcon.colcon_core.package_identification:_identify(.) by extension 'ignore_ament_install'
[0.682s] Level 1:colcon.colcon_core.package_identification:_identify(.) by extensions ['colcon_pkg']
[0.682s] Level 1:colcon.colcon_core.package_identification:_identify(.) by extension 'colcon_pkg'
[0.682s] Level 1:colcon.colcon_core.package_identification:_identify(.) by extensions ['colcon_meta']
[0.682s] Level 1:colcon.colcon_core.package_identification:_identify(.) by extension 'colcon_meta'
[0.682s] Level 1:colcon.colcon_core.package_identification:_identify(.) by extensions ['ros']
[0.682s] Level 1:colcon.colcon_core.package_identification:_identify(.) by extension 'ros'
[0.705s] Level 1:colcon.colcon_core.package_identification:_identify(.) by extensions ['cmake', 'python']
[0.705s] Level 1:colcon.colcon_core.package_identification:_identify(.) by extension 'cmake'
[0.705s] Level 1:colcon.colcon_core.package_identification:_identify(.) by extension 'python'
[0.706s] Level 1:colcon.colcon_core.package_identification:_identify(.) by extensions ['python_setup_py']
[0.706s] Level 1:colcon.colcon_core.package_identification:_identify(.) by extension 'python_setup_py'
[0.706s] Level 1:colcon.colcon_core.package_identification:_identify(build) by extensions ['ignore', 'ignore_ament_install']
[0.706s] Level 1:colcon.colcon_core.package_identification:_identify(build) by extension 'ignore'
[0.706s] Level 1:colcon.colcon_core.package_identification:_identify(build) ignored
[0.707s] Level 1:colcon.colcon_core.package_identification:_identify(install) by extensions ['ignore', 'ignore_ament_install']
[0.707s] Level 1:colcon.colcon_core.package_identification:_identify(install) by extension 'ignore'
[0.707s] Level 1:colcon.colcon_core.package_identification:_identify(install) ignored
[0.707s] Level 1:colcon.colcon_core.package_identification:_identify(log) by extensions ['ignore', 'ignore_ament_install']
[0.708s] Level 1:colcon.colcon_core.package_identification:_identify(log) by extension 'ignore'
[0.708s] Level 1:colcon.colcon_core.package_identification:_identify(log) ignored
[0.708s] Level 1:colcon.colcon_core.package_identification:_identify(src) by extensions ['ignore', 'ignore_ament_install']
[0.708s] Level 1:colcon.colcon_core.package_identification:_identify(src) by extension 'ignore'
[0.708s] Level 1:colcon.colcon_core.package_identification:_identify(src) by extension 'ignore_ament_install'
[0.708s] Level 1:colcon.colcon_core.package_identification:_identify(src) by extensions ['colcon_pkg']
[0.708s] Level 1:colcon.colcon_core.package_identification:_identify(src) by extension 'colcon_pkg'
[0.709s] Level 1:colcon.colcon_core.package_identification:_identify(src) by extensions ['colcon_meta']
[0.709s] Level 1:colcon.colcon_core.package_identification:_identify(src) by extension 'colcon_meta'
[0.709s] Level 1:colcon.colcon_core.package_identification:_identify(src) by extensions ['ros']
[0.709s] Level 1:colcon.colcon_core.package_identification:_identify(src) by extension 'ros'
[0.709s] Level 1:colcon.colcon_core.package_identification:_identify(src) by extensions ['cmake', 'python']
[0.709s] Level 1:colcon.colcon_core.package_identification:_identify(src) by extension 'cmake'
[0.709s] Level 1:colcon.colcon_core.package_identification:_identify(src) by extension 'python'
[0.710s] Level 1:colcon.colcon_core.package_identification:_identify(src) by extensions ['python_setup_py']
[0.710s] Level 1:colcon.colcon_core.package_identification:_identify(src) by extension 'python_setup_py'
[0.710s] Level 1:colcon.colcon_core.package_identification:_identify(src/moveo_arm) by extensions ['ignore', 'ignore_ament_install']
[0.710s] Level 1:colcon.colcon_core.package_identification:_identify(src/moveo_arm) by extension 'ignore'
[0.710s] Level 1:colcon.colcon_core.package_identification:_identify(src/moveo_arm) by extension 'ignore_ament_install'
[0.710s] Level 1:colcon.colcon_core.package_identification:_identify(src/moveo_arm) by extensions ['colcon_pkg']
[0.711s] Level 1:colcon.colcon_core.package_identification:_identify(src/moveo_arm) by extension 'colcon_pkg'
[0.711s] Level 1:colcon.colcon_core.package_identification:_identify(src/moveo_arm) by extensions ['colcon_meta']
[0.711s] Level 1:colcon.colcon_core.package_identification:_identify(src/moveo_arm) by extension 'colcon_meta'
[0.711s] Level 1:colcon.colcon_core.package_identification:_identify(src/moveo_arm) by extensions ['ros']
[0.711s] Level 1:colcon.colcon_core.package_identification:_identify(src/moveo_arm) by extension 'ros'
[0.715s] DEBUG:colcon.colcon_core.package_identification:Package 'src/moveo_arm' with type 'ros.ament_cmake' and name 'moveo_arm'
[0.715s] Level 1:colcon.colcon_core.package_identification:_identify(src/moveo_moveit_config) by extensions ['ignore', 'ignore_ament_install']
[0.716s] Level 1:colcon.colcon_core.package_identification:_identify(src/moveo_moveit_config) by extension 'ignore'
[0.716s] Level 1:colcon.colcon_core.package_identification:_identify(src/moveo_moveit_config) by extension 'ignore_ament_install'
[0.716s] Level 1:colcon.colcon_core.package_identification:_identify(src/moveo_moveit_config) by extensions ['colcon_pkg']
[0.716s] Level 1:colcon.colcon_core.package_identification:_identify(src/moveo_moveit_config) by extension 'colcon_pkg'
[0.716s] Level 1:colcon.colcon_core.package_identification:_identify(src/moveo_moveit_config) by extensions ['colcon_meta']
[0.716s] Level 1:colcon.colcon_core.package_identification:_identify(src/moveo_moveit_config) by extension 'colcon_meta'
[0.717s] Level 1:colcon.colcon_core.package_identification:_identify(src/moveo_moveit_config) by extensions ['ros']
[0.717s] Level 1:colcon.colcon_core.package_identification:_identify(src/moveo_moveit_config) by extension 'ros'
[0.718s] DEBUG:colcon.colcon_core.package_identification:Package 'src/moveo_moveit_config' with type 'ros.ament_cmake' and name 'moveo_moveit_config'
[0.718s] Level 1:colcon.colcon_core.package_discovery:discover_packages(recursive) using defaults
[0.719s] Level 1:colcon.colcon_core.package_discovery:discover_packages(ignore) discover
[0.719s] Level 1:colcon.colcon_core.package_discovery:discover_packages(ignore) using defaults
[0.719s] Level 1:colcon.colcon_core.package_discovery:discover_packages(path) discover
[0.719s] Level 1:colcon.colcon_core.package_discovery:discover_packages(path) using defaults
[0.761s] Level 1:colcon.colcon_core.package_discovery:discover_packages(prefix_path) check parameters
[0.761s] Level 1:colcon.colcon_core.package_discovery:discover_packages(prefix_path) discover
[0.766s] DEBUG:colcon.colcon_installed_package_information.package_discovery:Found 2 installed packages in /home/anand/Desktop/moveo_ros2/install
[0.770s] DEBUG:colcon.colcon_installed_package_information.package_discovery:Found 392 installed packages in /opt/ros/humble
[0.775s] Level 1:colcon.colcon_core.package_discovery:discover_packages(prefix_path) using defaults
[0.927s] Level 5:colcon.colcon_core.verb:set package 'moveo_arm' build argument 'cmake_args' from command line to 'None'
[0.927s] Level 5:colcon.colcon_core.verb:set package 'moveo_arm' build argument 'cmake_target' from command line to 'None'
[0.927s] Level 5:colcon.colcon_core.verb:set package 'moveo_arm' build argument 'cmake_target_skip_unavailable' from command line to 'False'
[0.927s] Level 5:colcon.colcon_core.verb:set package 'moveo_arm' build argument 'cmake_clean_cache' from command line to 'False'
[0.927s] Level 5:colcon.colcon_core.verb:set package 'moveo_arm' build argument 'cmake_clean_first' from command line to 'False'
[0.927s] Level 5:colcon.colcon_core.verb:set package 'moveo_arm' build argument 'cmake_force_configure' from command line to 'False'
[0.927s] Level 5:colcon.colcon_core.verb:set package 'moveo_arm' build argument 'ament_cmake_args' from command line to 'None'
[0.927s] Level 5:colcon.colcon_core.verb:set package 'moveo_arm' build argument 'catkin_cmake_args' from command line to 'None'
[0.927s] Level 5:colcon.colcon_core.verb:set package 'moveo_arm' build argument 'catkin_skip_building_tests' from command line to 'False'
[0.928s] DEBUG:colcon.colcon_core.verb:Building package 'moveo_arm' with the following arguments: {'ament_cmake_args': None, 'build_base': '/home/anand/Desktop/moveo_ros2/build/moveo_arm', 'catkin_cmake_args': None, 'catkin_skip_building_tests': False, 'cmake_args': None, 'cmake_clean_cache': False, 'cmake_clean_first': False, 'cmake_force_configure': False, 'cmake_target': None, 'cmake_target_skip_unavailable': False, 'install_base': '/home/anand/Desktop/moveo_ros2/install/moveo_arm', 'merge_install': False, 'path': '/home/anand/Desktop/moveo_ros2/src/moveo_arm', 'symlink_install': False, 'test_result_base': None}
[0.930s] Level 5:colcon.colcon_core.verb:set package 'moveo_moveit_config' build argument 'cmake_args' from command line to 'None'
[0.930s] Level 5:colcon.colcon_core.verb:set package 'moveo_moveit_config' build argument 'cmake_target' from command line to 'None'
[0.930s] Level 5:colcon.colcon_core.verb:set package 'moveo_moveit_config' build argument 'cmake_target_skip_unavailable' from command line to 'False'
[0.930s] Level 5:colcon.colcon_core.verb:set package 'moveo_moveit_config' build argument 'cmake_clean_cache' from command line to 'False'
[0.930s] Level 5:colcon.colcon_core.verb:set package 'moveo_moveit_config' build argument 'cmake_clean_first' from command line to 'False'
[0.930s] Level 5:colcon.colcon_core.verb:set package 'moveo_moveit_config' build argument 'cmake_force_configure' from command line to 'False'
[0.930s] Level 5:colcon.colcon_core.verb:set package 'moveo_moveit_config' build argument 'ament_cmake_args' from command line to 'None'
[0.930s] Level 5:colcon.colcon_core.verb:set package 'moveo_moveit_config' build argument 'catkin_cmake_args' from command line to 'None'
[0.930s] Level 5:colcon.colcon_core.verb:set package 'moveo_moveit_config' build argument 'catkin_skip_building_tests' from command line to 'False'
[0.931s] DEBUG:colcon.colcon_core.verb:Building package 'moveo_moveit_config' with the following arguments: {'ament_cmake_args': None, 'build_base': '/home/anand/Desktop/moveo_ros2/build/moveo_moveit_config', 'catkin_cmake_args': None, 'catkin_skip_building_tests': False, 'cmake_args': None, 'cmake_clean_cache': False, 'cmake_clean_first': False, 'cmake_force_configure': False, 'cmake_target': None, 'cmake_target_skip_unavailable': False, 'install_base': '/home/anand/Desktop/moveo_ros2/install/moveo_moveit_config', 'merge_install': False, 'path': '/home/anand/Desktop/moveo_ros2/src/moveo_moveit_config', 'symlink_install': False, 'test_result_base': None}
[0.932s] INFO:colcon.colcon_core.executor:Executing jobs using 'parallel' executor
[0.939s] DEBUG:colcon.colcon_parallel_executor.executor.parallel:run_until_complete
[0.939s] INFO:colcon.colcon_ros.task.ament_cmake.build:Building ROS package in '/home/anand/Desktop/moveo_ros2/src/moveo_arm' with build type 'ament_cmake'
[0.939s] INFO:colcon.colcon_cmake.task.cmake.build:Building CMake package in '/home/anand/Desktop/moveo_ros2/src/moveo_arm'
[0.947s] INFO:colcon.colcon_core.plugin_system:Skipping extension 'colcon_core.shell.bat': Not used on non-Windows systems
[0.948s] INFO:colcon.colcon_core.shell:Skip shell extension 'powershell' for command environment: Not usable outside of PowerShell
[0.948s] DEBUG:colcon.colcon_core.shell:Skip shell extension 'dsv' for command environment
[0.971s] DEBUG:colcon.colcon_core.event_handler.log_command:Invoking command in '/home/anand/Desktop/moveo_ros2/build/moveo_arm': CMAKE_PREFIX_PATH=${CMAKE_PREFIX_PATH}:/opt/ros/humble /usr/bin/cmake --build /home/anand/Desktop/moveo_ros2/build/moveo_arm -- -j4 -l4
[1.020s] DEBUG:colcon.colcon_core.event_handler.log_command:Invoked command in '/home/anand/Desktop/moveo_ros2/build/moveo_arm' returned '0': CMAKE_PREFIX_PATH=${CMAKE_PREFIX_PATH}:/opt/ros/humble /usr/bin/cmake --build /home/anand/Desktop/moveo_ros2/build/moveo_arm -- -j4 -l4
[1.071s] DEBUG:colcon.colcon_core.event_handler.log_command:Invoking command in '/home/anand/Desktop/moveo_ros2/build/moveo_arm': CMAKE_PREFIX_PATH=${CMAKE_PREFIX_PATH}:/opt/ros/humble /usr/bin/cmake --install /home/anand/Desktop/moveo_ros2/build/moveo_arm
[1.090s] Level 1:colcon.colcon_core.environment:create_environment_scripts_only(moveo_arm)
[1.106s] Level 1:colcon.colcon_core.environment:checking '/home/anand/Desktop/moveo_ros2/install/moveo_arm' for CMake module files
[1.109s] DEBUG:colcon.colcon_core.event_handler.log_command:Invoked command in '/home/anand/Desktop/moveo_ros2/build/moveo_arm' returned '0': CMAKE_PREFIX_PATH=${CMAKE_PREFIX_PATH}:/opt/ros/humble /usr/bin/cmake --install /home/anand/Desktop/moveo_ros2/build/moveo_arm
[1.109s] Level 1:colcon.colcon_core.environment:checking '/home/anand/Desktop/moveo_ros2/install/moveo_arm' for CMake config files
[1.110s] Level 1:colcon.colcon_core.shell:create_environment_hook('moveo_arm', 'cmake_prefix_path')
[1.114s] INFO:colcon.colcon_core.shell:Creating environment hook '/home/anand/Desktop/moveo_ros2/install/moveo_arm/share/moveo_arm/hook/cmake_prefix_path.ps1'
[1.116s] INFO:colcon.colcon_core.shell:Creating environment descriptor '/home/anand/Desktop/moveo_ros2/install/moveo_arm/share/moveo_arm/hook/cmake_prefix_path.dsv'
[1.117s] INFO:colcon.colcon_core.shell:Creating environment hook '/home/anand/Desktop/moveo_ros2/install/moveo_arm/share/moveo_arm/hook/cmake_prefix_path.sh'
[1.119s] Level 1:colcon.colcon_core.environment:checking '/home/anand/Desktop/moveo_ros2/install/moveo_arm/bin'
[1.119s] Level 1:colcon.colcon_core.environment:checking '/home/anand/Desktop/moveo_ros2/install/moveo_arm/lib/pkgconfig/moveo_arm.pc'
[1.120s] Level 1:colcon.colcon_core.environment:checking '/home/anand/Desktop/moveo_ros2/install/moveo_arm/lib/python3.10/site-packages'
[1.121s] Level 1:colcon.colcon_core.environment:checking '/home/anand/Desktop/moveo_ros2/install/moveo_arm/bin'
[1.125s] INFO:colcon.colcon_core.shell:Creating package script '/home/anand/Desktop/moveo_ros2/install/moveo_arm/share/moveo_arm/package.ps1'
[1.127s] INFO:colcon.colcon_core.shell:Creating package descriptor '/home/anand/Desktop/moveo_ros2/install/moveo_arm/share/moveo_arm/package.dsv'
[1.128s] INFO:colcon.colcon_core.shell:Creating package script '/home/anand/Desktop/moveo_ros2/install/moveo_arm/share/moveo_arm/package.sh'
[1.130s] INFO:colcon.colcon_core.shell:Creating package script '/home/anand/Desktop/moveo_ros2/install/moveo_arm/share/moveo_arm/package.bash'
[1.131s] INFO:colcon.colcon_core.shell:Creating package script '/home/anand/Desktop/moveo_ros2/install/moveo_arm/share/moveo_arm/package.zsh'
[1.132s] Level 1:colcon.colcon_core.environment:create_file_with_runtime_dependencies(/home/anand/Desktop/moveo_ros2/install/moveo_arm/share/colcon-core/packages/moveo_arm)
[1.163s] Level 1:colcon.colcon_core.environment:create_environment_scripts_only(moveo_arm)
[1.169s] Level 1:colcon.colcon_core.environment:checking '/home/anand/Desktop/moveo_ros2/install/moveo_arm' for CMake module files
[1.170s] Level 1:colcon.colcon_core.environment:checking '/home/anand/Desktop/moveo_ros2/install/moveo_arm' for CMake config files
[1.171s] Level 1:colcon.colcon_core.shell:create_environment_hook('moveo_arm', 'cmake_prefix_path')
[1.173s] INFO:colcon.colcon_core.shell:Creating environment hook '/home/anand/Desktop/moveo_ros2/install/moveo_arm/share/moveo_arm/hook/cmake_prefix_path.ps1'
[1.174s] INFO:colcon.colcon_core.shell:Creating environment descriptor '/home/anand/Desktop/moveo_ros2/install/moveo_arm/share/moveo_arm/hook/cmake_prefix_path.dsv'
[1.175s] INFO:colcon.colcon_core.shell:Creating environment hook '/home/anand/Desktop/moveo_ros2/install/moveo_arm/share/moveo_arm/hook/cmake_prefix_path.sh'
[1.176s] Level 1:colcon.colcon_core.environment:checking '/home/anand/Desktop/moveo_ros2/install/moveo_arm/bin'
[1.176s] Level 1:colcon.colcon_core.environment:checking '/home/anand/Desktop/moveo_ros2/install/moveo_arm/lib/pkgconfig/moveo_arm.pc'
[1.176s] Level 1:colcon.colcon_core.environment:checking '/home/anand/Desktop/moveo_ros2/install/moveo_arm/lib/python3.10/site-packages'
[1.177s] Level 1:colcon.colcon_core.environment:checking '/home/anand/Desktop/moveo_ros2/install/moveo_arm/bin'
[1.179s] INFO:colcon.colcon_core.shell:Creating package script '/home/anand/Desktop/moveo_ros2/install/moveo_arm/share/moveo_arm/package.ps1'
[1.181s] INFO:colcon.colcon_core.shell:Creating package descriptor '/home/anand/Desktop/moveo_ros2/install/moveo_arm/share/moveo_arm/package.dsv'
[1.182s] INFO:colcon.colcon_core.shell:Creating package script '/home/anand/Desktop/moveo_ros2/install/moveo_arm/share/moveo_arm/package.sh'
[1.182s] INFO:colcon.colcon_core.shell:Creating package script '/home/anand/Desktop/moveo_ros2/install/moveo_arm/share/moveo_arm/package.bash'
[1.183s] INFO:colcon.colcon_core.shell:Creating package script '/home/anand/Desktop/moveo_ros2/install/moveo_arm/share/moveo_arm/package.zsh'
[1.184s] Level 1:colcon.colcon_core.environment:create_file_with_runtime_dependencies(/home/anand/Desktop/moveo_ros2/install/moveo_arm/share/colcon-core/packages/moveo_arm)
[1.184s] INFO:colcon.colcon_ros.task.ament_cmake.build:Building ROS package in '/home/anand/Desktop/moveo_ros2/src/moveo_moveit_config' with build type 'ament_cmake'
[1.184s] INFO:colcon.colcon_cmake.task.cmake.build:Building CMake package in '/home/anand/Desktop/moveo_ros2/src/moveo_moveit_config'
[1.187s] INFO:colcon.colcon_core.shell:Skip shell extension 'powershell' for command environment: Not usable outside of PowerShell
[1.187s] DEBUG:colcon.colcon_core.shell:Skip shell extension 'dsv' for command environment
[1.213s] DEBUG:colcon.colcon_core.event_handler.log_command:Invoking command in '/home/anand/Desktop/moveo_ros2/build/moveo_moveit_config': CMAKE_PREFIX_PATH=/home/anand/Desktop/moveo_ros2/install/moveo_arm:/home/anand/Desktop/moveo_ros2/install/moveo_moveit_config:/opt/ros/humble /usr/bin/cmake --build /home/anand/Desktop/moveo_ros2/build/moveo_moveit_config -- -j4 -l4
[1.283s] DEBUG:colcon.colcon_core.event_handler.log_command:Invoked command in '/home/anand/Desktop/moveo_ros2/build/moveo_moveit_config' returned '0': CMAKE_PREFIX_PATH=/home/anand/Desktop/moveo_ros2/install/moveo_arm:/home/anand/Desktop/moveo_ros2/install/moveo_moveit_config:/opt/ros/humble /usr/bin/cmake --build /home/anand/Desktop/moveo_ros2/build/moveo_moveit_config -- -j4 -l4
[1.318s] DEBUG:colcon.colcon_core.event_handler.log_command:Invoking command in '/home/anand/Desktop/moveo_ros2/build/moveo_moveit_config': CMAKE_PREFIX_PATH=/home/anand/Desktop/moveo_ros2/install/moveo_arm:/home/anand/Desktop/moveo_ros2/install/moveo_moveit_config:/opt/ros/humble /usr/bin/cmake --install /home/anand/Desktop/moveo_ros2/build/moveo_moveit_config
[1.335s] Level 1:colcon.colcon_core.environment:create_environment_scripts_only(moveo_moveit_config)
[1.339s] Level 1:colcon.colcon_core.environment:checking '/home/anand/Desktop/moveo_ros2/install/moveo_moveit_config' for CMake module files
[1.341s] Level 1:colcon.colcon_core.environment:checking '/home/anand/Desktop/moveo_ros2/install/moveo_moveit_config' for CMake config files
[1.347s] DEBUG:colcon.colcon_core.event_handler.log_command:Invoked command in '/home/anand/Desktop/moveo_ros2/build/moveo_moveit_config' returned '0': CMAKE_PREFIX_PATH=/home/anand/Desktop/moveo_ros2/install/moveo_arm:/home/anand/Desktop/moveo_ros2/install/moveo_moveit_config:/opt/ros/humble /usr/bin/cmake --install /home/anand/Desktop/moveo_ros2/build/moveo_moveit_config
[1.348s] Level 1:colcon.colcon_core.shell:create_environment_hook('moveo_moveit_config', 'cmake_prefix_path')
[1.353s] INFO:colcon.colcon_core.shell:Creating environment hook '/home/anand/Desktop/moveo_ros2/install/moveo_moveit_config/share/moveo_moveit_config/hook/cmake_prefix_path.ps1'
[1.354s] INFO:colcon.colcon_core.shell:Creating environment descriptor '/home/anand/Desktop/moveo_ros2/install/moveo_moveit_config/share/moveo_moveit_config/hook/cmake_prefix_path.dsv'
[1.355s] INFO:colcon.colcon_core.shell:Creating environment hook '/home/anand/Desktop/moveo_ros2/install/moveo_moveit_config/share/moveo_moveit_config/hook/cmake_prefix_path.sh'
[1.356s] Level 1:colcon.colcon_core.environment:checking '/home/anand/Desktop/moveo_ros2/install/moveo_moveit_config/bin'
[1.356s] Level 1:colcon.colcon_core.environment:checking '/home/anand/Desktop/moveo_ros2/install/moveo_moveit_config/lib/pkgconfig/moveo_moveit_config.pc'
[1.357s] Level 1:colcon.colcon_core.environment:checking '/home/anand/Desktop/moveo_ros2/install/moveo_moveit_config/lib/python3.10/site-packages'
[1.357s] Level 1:colcon.colcon_core.environment:checking '/home/anand/Desktop/moveo_ros2/install/moveo_moveit_config/bin'
[1.361s] INFO:colcon.colcon_core.shell:Creating package script '/home/anand/Desktop/moveo_ros2/install/moveo_moveit_config/share/moveo_moveit_config/package.ps1'
[1.363s] INFO:colcon.colcon_core.shell:Creating package descriptor '/home/anand/Desktop/moveo_ros2/install/moveo_moveit_config/share/moveo_moveit_config/package.dsv'
[1.364s] INFO:colcon.colcon_core.shell:Creating package script '/home/anand/Desktop/moveo_ros2/install/moveo_moveit_config/share/moveo_moveit_config/package.sh'
[1.365s] INFO:colcon.colcon_core.shell:Creating package script '/home/anand/Desktop/moveo_ros2/install/moveo_moveit_config/share/moveo_moveit_config/package.bash'
[1.365s] INFO:colcon.colcon_core.shell:Creating package script '/home/anand/Desktop/moveo_ros2/install/moveo_moveit_config/share/moveo_moveit_config/package.zsh'
[1.367s] Level 1:colcon.colcon_core.environment:create_file_with_runtime_dependencies(/home/anand/Desktop/moveo_ros2/install/moveo_moveit_config/share/colcon-core/packages/moveo_moveit_config)
[1.410s] Level 1:colcon.colcon_core.environment:create_environment_scripts_only(moveo_moveit_config)
[1.415s] Level 1:colcon.colcon_core.environment:checking '/home/anand/Desktop/moveo_ros2/install/moveo_moveit_config' for CMake module files
[1.416s] Level 1:colcon.colcon_core.environment:checking '/home/anand/Desktop/moveo_ros2/install/moveo_moveit_config' for CMake config files
[1.417s] Level 1:colcon.colcon_core.shell:create_environment_hook('moveo_moveit_config', 'cmake_prefix_path')
[1.419s] INFO:colcon.colcon_core.shell:Creating environment hook '/home/anand/Desktop/moveo_ros2/install/moveo_moveit_config/share/moveo_moveit_config/hook/cmake_prefix_path.ps1'
[1.420s] INFO:colcon.colcon_core.shell:Creating environment descriptor '/home/anand/Desktop/moveo_ros2/install/moveo_moveit_config/share/moveo_moveit_config/hook/cmake_prefix_path.dsv'
[1.421s] INFO:colcon.colcon_core.shell:Creating environment hook '/home/anand/Desktop/moveo_ros2/install/moveo_moveit_config/share/moveo_moveit_config/hook/cmake_prefix_path.sh'
[1.422s] Level 1:colcon.colcon_core.environment:checking '/home/anand/Desktop/moveo_ros2/install/moveo_moveit_config/bin'
[1.422s] Level 1:colcon.colcon_core.environment:checking '/home/anand/Desktop/moveo_ros2/install/moveo_moveit_config/lib/pkgconfig/moveo_moveit_config.pc'
[1.422s] Level 1:colcon.colcon_core.environment:checking '/home/anand/Desktop/moveo_ros2/install/moveo_moveit_config/lib/python3.10/site-packages'
[1.423s] Level 1:colcon.colcon_core.environment:checking '/home/anand/Desktop/moveo_ros2/install/moveo_moveit_config/bin'
[1.426s] INFO:colcon.colcon_core.shell:Creating package script '/home/anand/Desktop/moveo_ros2/install/moveo_moveit_config/share/moveo_moveit_config/package.ps1'
[1.427s] INFO:colcon.colcon_core.shell:Creating package descriptor '/home/anand/Desktop/moveo_ros2/install/moveo_moveit_config/share/moveo_moveit_config/package.dsv'
[1.429s] INFO:colcon.colcon_core.shell:Creating package script '/home/anand/Desktop/moveo_ros2/install/moveo_moveit_config/share/moveo_moveit_config/package.sh'
[1.430s] INFO:colcon.colcon_core.shell:Creating package script '/home/anand/Desktop/moveo_ros2/install/moveo_moveit_config/share/moveo_moveit_config/package.bash'
[1.431s] INFO:colcon.colcon_core.shell:Creating package script '/home/anand/Desktop/moveo_ros2/install/moveo_moveit_config/share/moveo_moveit_config/package.zsh'
[1.432s] Level 1:colcon.colcon_core.environment:create_file_with_runtime_dependencies(/home/anand/Desktop/moveo_ros2/install/moveo_moveit_config/share/colcon-core/packages/moveo_moveit_config)
[1.433s] DEBUG:colcon.colcon_parallel_executor.executor.parallel:closing loop
[1.434s] DEBUG:colcon.colcon_parallel_executor.executor.parallel:loop closed
[1.434s] DEBUG:colcon.colcon_parallel_executor.executor.parallel:run_until_complete finished with '0'
[1.434s] DEBUG:colcon.colcon_core.event_reactor:joining thread
[1.447s] INFO:colcon.colcon_core.plugin_system:Skipping extension 'colcon_notification.desktop_notification.terminal_notifier': Not used on non-Darwin systems
[1.447s] INFO:colcon.colcon_core.plugin_system:Skipping extension 'colcon_notification.desktop_notification.win32': Not used on non-Windows systems
[1.448s] INFO:colcon.colcon_notification.desktop_notification:Sending desktop notification using 'notify2'
[1.479s] DEBUG:colcon.colcon_core.event_reactor:joined thread
[1.483s] INFO:colcon.colcon_core.shell:Creating prefix script '/home/anand/Desktop/moveo_ros2/install/local_setup.ps1'
[1.488s] INFO:colcon.colcon_core.shell:Creating prefix util module '/home/anand/Desktop/moveo_ros2/install/_local_setup_util_ps1.py'
[1.492s] INFO:colcon.colcon_core.shell:Creating prefix chain script '/home/anand/Desktop/moveo_ros2/install/setup.ps1'
[1.495s] INFO:colcon.colcon_core.shell:Creating prefix script '/home/anand/Desktop/moveo_ros2/install/local_setup.sh'
[1.497s] INFO:colcon.colcon_core.shell:Creating prefix util module '/home/anand/Desktop/moveo_ros2/install/_local_setup_util_sh.py'
[1.498s] INFO:colcon.colcon_core.shell:Creating prefix chain script '/home/anand/Desktop/moveo_ros2/install/setup.sh'
[1.503s] INFO:colcon.colcon_core.shell:Creating prefix script '/home/anand/Desktop/moveo_ros2/install/local_setup.bash'
[1.504s] INFO:colcon.colcon_core.shell:Creating prefix chain script '/home/anand/Desktop/moveo_ros2/install/setup.bash'
[1.509s] INFO:colcon.colcon_core.shell:Creating prefix script '/home/anand/Desktop/moveo_ros2/install/local_setup.zsh'
[1.511s] INFO:colcon.colcon_core.shell:Creating prefix chain script '/home/anand/Desktop/moveo_ros2/install/setup.zsh'
