[0.028s] Invoking command in '/home/anand/Desktop/moveo_ros2/build/moveo_moveit_config': AMENT_PREFIX_PATH=/home/anand/Desktop/moveo_ros2/install/moveo_arm:${AMENT_PREFIX_PATH} CMAKE_PREFIX_PATH=/home/anand/Desktop/moveo_ros2/install/moveo_arm:/opt/ros/humble /usr/bin/cmake --build /home/anand/Desktop/moveo_ros2/build/moveo_moveit_config -- -j4 -l4
[0.097s] Invoked command in '/home/anand/Desktop/moveo_ros2/build/moveo_moveit_config' returned '0': AMENT_PREFIX_PATH=/home/anand/Desktop/moveo_ros2/install/moveo_arm:${AMENT_PREFIX_PATH} CMAKE_PREFIX_PATH=/home/anand/Desktop/moveo_ros2/install/moveo_arm:/opt/ros/humble /usr/bin/cmake --build /home/anand/Desktop/moveo_ros2/build/moveo_moveit_config -- -j4 -l4
[0.184s] Invoking command in '/home/anand/Desktop/moveo_ros2/build/moveo_moveit_config': AMENT_PREFIX_PATH=/home/anand/Desktop/moveo_ros2/install/moveo_arm:${AMENT_PREFIX_PATH} CMAKE_PREFIX_PATH=/home/anand/Desktop/moveo_ros2/install/moveo_arm:/opt/ros/humble /usr/bin/cmake --install /home/anand/Desktop/moveo_ros2/build/moveo_moveit_config
[0.195s] -- Install configuration: ""
[0.196s] -- Up-to-date: /home/anand/Desktop/moveo_ros2/install/moveo_moveit_config/share/ament_index/resource_index/package_run_dependencies/moveo_moveit_config
[0.196s] -- Up-to-date: /home/anand/Desktop/moveo_ros2/install/moveo_moveit_config/share/ament_index/resource_index/parent_prefix_path/moveo_moveit_config
[0.196s] -- Up-to-date: /home/anand/Desktop/moveo_ros2/install/moveo_moveit_config/share/moveo_moveit_config/environment/ament_prefix_path.sh
[0.197s] -- Up-to-date: /home/anand/Desktop/moveo_ros2/install/moveo_moveit_config/share/moveo_moveit_config/environment/ament_prefix_path.dsv
[0.197s] -- Up-to-date: /home/anand/Desktop/moveo_ros2/install/moveo_moveit_config/share/moveo_moveit_config/environment/path.sh
[0.198s] -- Up-to-date: /home/anand/Desktop/moveo_ros2/install/moveo_moveit_config/share/moveo_moveit_config/environment/path.dsv
[0.198s] -- Up-to-date: /home/anand/Desktop/moveo_ros2/install/moveo_moveit_config/share/moveo_moveit_config/local_setup.bash
[0.198s] -- Up-to-date: /home/anand/Desktop/moveo_ros2/install/moveo_moveit_config/share/moveo_moveit_config/local_setup.sh
[0.198s] -- Up-to-date: /home/anand/Desktop/moveo_ros2/install/moveo_moveit_config/share/moveo_moveit_config/local_setup.zsh
[0.199s] -- Up-to-date: /home/anand/Desktop/moveo_ros2/install/moveo_moveit_config/share/moveo_moveit_config/local_setup.dsv
[0.199s] -- Installing: /home/anand/Desktop/moveo_ros2/install/moveo_moveit_config/share/moveo_moveit_config/package.dsv
[0.199s] -- Up-to-date: /home/anand/Desktop/moveo_ros2/install/moveo_moveit_config/share/ament_index/resource_index/packages/moveo_moveit_config
[0.199s] -- Up-to-date: /home/anand/Desktop/moveo_ros2/install/moveo_moveit_config/share/moveo_moveit_config/cmake/moveo_moveit_configConfig.cmake
[0.199s] -- Up-to-date: /home/anand/Desktop/moveo_ros2/install/moveo_moveit_config/share/moveo_moveit_config/cmake/moveo_moveit_configConfig-version.cmake
[0.199s] -- Up-to-date: /home/anand/Desktop/moveo_ros2/install/moveo_moveit_config/share/moveo_moveit_config/package.xml
[0.200s] -- Up-to-date: /home/anand/Desktop/moveo_ros2/install/moveo_moveit_config/share/moveo_moveit_config/launch
[0.200s] -- Up-to-date: /home/anand/Desktop/moveo_ros2/install/moveo_moveit_config/share/moveo_moveit_config/launch/warehouse_db.launch.py
[0.205s] -- Up-to-date: /home/anand/Desktop/moveo_ros2/install/moveo_moveit_config/share/moveo_moveit_config/launch/spawn_controllers.launch.py
[0.205s] -- Up-to-date: /home/anand/Desktop/moveo_ros2/install/moveo_moveit_config/share/moveo_moveit_config/launch/static_virtual_joint_tfs.launch.py
[0.205s] -- Up-to-date: /home/anand/Desktop/moveo_ros2/install/moveo_moveit_config/share/moveo_moveit_config/launch/demo.launch.py
[0.206s] -- Up-to-date: /home/anand/Desktop/moveo_ros2/install/moveo_moveit_config/share/moveo_moveit_config/launch/setup_assistant.launch.py
[0.206s] -- Up-to-date: /home/anand/Desktop/moveo_ros2/install/moveo_moveit_config/share/moveo_moveit_config/launch/moveit_rviz.launch.py
[0.206s] -- Up-to-date: /home/anand/Desktop/moveo_ros2/install/moveo_moveit_config/share/moveo_moveit_config/launch/rsp.launch.py
[0.207s] -- Up-to-date: /home/anand/Desktop/moveo_ros2/install/moveo_moveit_config/share/moveo_moveit_config/launch/move_group.launch.py
[0.207s] -- Up-to-date: /home/anand/Desktop/moveo_ros2/install/moveo_moveit_config/share/moveo_moveit_config/config
[0.207s] -- Up-to-date: /home/anand/Desktop/moveo_ros2/install/moveo_moveit_config/share/moveo_moveit_config/config/pilz_cartesian_limits.yaml
[0.207s] -- Up-to-date: /home/anand/Desktop/moveo_ros2/install/moveo_moveit_config/share/moveo_moveit_config/config/panda.ros2_control.xacro
[0.207s] -- Up-to-date: /home/anand/Desktop/moveo_ros2/install/moveo_moveit_config/share/moveo_moveit_config/config/initial_positions.yaml
[0.208s] -- Up-to-date: /home/anand/Desktop/moveo_ros2/install/moveo_moveit_config/share/moveo_moveit_config/config/moveit_controllers.yaml
[0.208s] -- Up-to-date: /home/anand/Desktop/moveo_ros2/install/moveo_moveit_config/share/moveo_moveit_config/config/ros2_controllers.yaml
[0.208s] -- Up-to-date: /home/anand/Desktop/moveo_ros2/install/moveo_moveit_config/share/moveo_moveit_config/config/joint_limits.yaml
[0.208s] -- Up-to-date: /home/anand/Desktop/moveo_ros2/install/moveo_moveit_config/share/moveo_moveit_config/config/panda.srdf
[0.209s] -- Up-to-date: /home/anand/Desktop/moveo_ros2/install/moveo_moveit_config/share/moveo_moveit_config/config/moveit.rviz
[0.211s] -- Up-to-date: /home/anand/Desktop/moveo_ros2/install/moveo_moveit_config/share/moveo_moveit_config/config/kinematics.yaml
[0.212s] -- Up-to-date: /home/anand/Desktop/moveo_ros2/install/moveo_moveit_config/share/moveo_moveit_config/config/panda.urdf.xacro
[0.212s] -- Up-to-date: /home/anand/Desktop/moveo_ros2/install/moveo_moveit_config/share/moveo_moveit_config/.setup_assistant
[0.212s] Invoked command in '/home/anand/Desktop/moveo_ros2/build/moveo_moveit_config' returned '0': AMENT_PREFIX_PATH=/home/anand/Desktop/moveo_ros2/install/moveo_arm:${AMENT_PREFIX_PATH} CMAKE_PREFIX_PATH=/home/anand/Desktop/moveo_ros2/install/moveo_arm:/opt/ros/humble /usr/bin/cmake --install /home/anand/Desktop/moveo_ros2/build/moveo_moveit_config
