[0.219s] Invoking command in '/home/anand/Desktop/moveo_ros2/build/diffdrive_arduino': CMAKE_PREFIX_PATH=/home/anand/Desktop/moveo_ros2/install/serial:/home/anand/Desktop/moveo_ros2/install/diffdrive_arduino:/home/anand/Desktop/moveo_ros2/install/moveo_moveit_config:/home/anand/Desktop/moveo_ros2/install/moveo_arm:/home/anand/Desktop/moveo_ros2/install/gazebo_ros2_control_demos:/home/anand/Desktop/moveo_ros2/install/gazebo_ros2_control:/opt/ros/humble /usr/bin/cmake --build /home/anand/Desktop/moveo_ros2/build/diffdrive_arduino -- -j4 -l4
[0.621s] [35m[1mConsolidate compiler generated dependencies of target diffdrive_arduino[0m
[0.717s] [100%] Built target diffdrive_arduino
[0.737s] Invoked command in '/home/anand/Desktop/moveo_ros2/build/diffdrive_arduino' returned '0': CMAKE_PREFIX_PATH=/home/anand/Desktop/moveo_ros2/install/serial:/home/anand/Desktop/moveo_ros2/install/diffdrive_arduino:/home/anand/Desktop/moveo_ros2/install/moveo_moveit_config:/home/anand/Desktop/moveo_ros2/install/moveo_arm:/home/anand/Desktop/moveo_ros2/install/gazebo_ros2_control_demos:/home/anand/Desktop/moveo_ros2/install/gazebo_ros2_control:/opt/ros/humble /usr/bin/cmake --build /home/anand/Desktop/moveo_ros2/build/diffdrive_arduino -- -j4 -l4
[0.788s] Invoking command in '/home/anand/Desktop/moveo_ros2/build/diffdrive_arduino': CMAKE_PREFIX_PATH=/home/anand/Desktop/moveo_ros2/install/serial:/home/anand/Desktop/moveo_ros2/install/diffdrive_arduino:/home/anand/Desktop/moveo_ros2/install/moveo_moveit_config:/home/anand/Desktop/moveo_ros2/install/moveo_arm:/home/anand/Desktop/moveo_ros2/install/gazebo_ros2_control_demos:/home/anand/Desktop/moveo_ros2/install/gazebo_ros2_control:/opt/ros/humble /usr/bin/cmake --install /home/anand/Desktop/moveo_ros2/build/diffdrive_arduino
[0.831s] -- Install configuration: ""
[0.831s] -- Up-to-date: /home/anand/Desktop/moveo_ros2/install/diffdrive_arduino/share/diffdrive_arduino/robot_hardware.xml
[0.831s] -- Up-to-date: /home/anand/Desktop/moveo_ros2/install/diffdrive_arduino/lib/libdiffdrive_arduino.so
[0.832s] -- Up-to-date: /home/anand/Desktop/moveo_ros2/install/diffdrive_arduino/share/diffdrive_arduino/controllers
[0.832s] -- Up-to-date: /home/anand/Desktop/moveo_ros2/install/diffdrive_arduino/share/diffdrive_arduino/controllers/robot_controller_example.yaml
[0.833s] -- Up-to-date: /home/anand/Desktop/moveo_ros2/install/diffdrive_arduino/share/diffdrive_arduino
[0.833s] -- Up-to-date: /home/anand/Desktop/moveo_ros2/install/diffdrive_arduino/share/diffdrive_arduino/test_robot.launch.py
[0.833s] -- Up-to-date: /home/anand/Desktop/moveo_ros2/install/diffdrive_arduino/share/diffdrive_arduino/fake_robot.launch.py
[0.834s] -- Up-to-date: /home/anand/Desktop/moveo_ros2/install/diffdrive_arduino/share/diffdrive_arduino/__pycache__
[0.834s] -- Up-to-date: /home/anand/Desktop/moveo_ros2/install/diffdrive_arduino/share/diffdrive_arduino/__pycache__/test_robot.launch.cpython-310.pyc
[0.834s] -- Up-to-date: /home/anand/Desktop/moveo_ros2/install/diffdrive_arduino/share/diffdrive_arduino/environment/library_path.sh
[0.834s] -- Up-to-date: /home/anand/Desktop/moveo_ros2/install/diffdrive_arduino/share/diffdrive_arduino/environment/library_path.dsv
[0.835s] -- Up-to-date: /home/anand/Desktop/moveo_ros2/install/diffdrive_arduino/share/ament_index/resource_index/package_run_dependencies/diffdrive_arduino
[0.835s] -- Up-to-date: /home/anand/Desktop/moveo_ros2/install/diffdrive_arduino/share/ament_index/resource_index/parent_prefix_path/diffdrive_arduino
[0.835s] -- Up-to-date: /home/anand/Desktop/moveo_ros2/install/diffdrive_arduino/share/diffdrive_arduino/environment/ament_prefix_path.sh
[0.835s] -- Up-to-date: /home/anand/Desktop/moveo_ros2/install/diffdrive_arduino/share/diffdrive_arduino/environment/ament_prefix_path.dsv
[0.835s] -- Up-to-date: /home/anand/Desktop/moveo_ros2/install/diffdrive_arduino/share/diffdrive_arduino/environment/path.sh
[0.835s] -- Up-to-date: /home/anand/Desktop/moveo_ros2/install/diffdrive_arduino/share/diffdrive_arduino/environment/path.dsv
[0.836s] -- Up-to-date: /home/anand/Desktop/moveo_ros2/install/diffdrive_arduino/share/diffdrive_arduino/local_setup.bash
[0.836s] -- Up-to-date: /home/anand/Desktop/moveo_ros2/install/diffdrive_arduino/share/diffdrive_arduino/local_setup.sh
[0.836s] -- Up-to-date: /home/anand/Desktop/moveo_ros2/install/diffdrive_arduino/share/diffdrive_arduino/local_setup.zsh
[0.836s] -- Up-to-date: /home/anand/Desktop/moveo_ros2/install/diffdrive_arduino/share/diffdrive_arduino/local_setup.dsv
[0.836s] -- Installing: /home/anand/Desktop/moveo_ros2/install/diffdrive_arduino/share/diffdrive_arduino/package.dsv
[0.873s] -- Up-to-date: /home/anand/Desktop/moveo_ros2/install/diffdrive_arduino/share/ament_index/resource_index/packages/diffdrive_arduino
[0.873s] -- Up-to-date: /home/anand/Desktop/moveo_ros2/install/diffdrive_arduino/share/ament_index/resource_index/hardware_interface__pluginlib__plugin/diffdrive_arduino
[0.874s] -- Up-to-date: /home/anand/Desktop/moveo_ros2/install/diffdrive_arduino/share/diffdrive_arduino/cmake/ament_cmake_export_libraries-extras.cmake
[0.874s] -- Up-to-date: /home/anand/Desktop/moveo_ros2/install/diffdrive_arduino/share/diffdrive_arduino/cmake/ament_cmake_export_dependencies-extras.cmake
[0.874s] -- Up-to-date: /home/anand/Desktop/moveo_ros2/install/diffdrive_arduino/share/diffdrive_arduino/cmake/diffdrive_arduinoConfig.cmake
[0.874s] -- Up-to-date: /home/anand/Desktop/moveo_ros2/install/diffdrive_arduino/share/diffdrive_arduino/cmake/diffdrive_arduinoConfig-version.cmake
[0.875s] -- Up-to-date: /home/anand/Desktop/moveo_ros2/install/diffdrive_arduino/share/diffdrive_arduino/package.xml
[0.884s] Invoked command in '/home/anand/Desktop/moveo_ros2/build/diffdrive_arduino' returned '0': CMAKE_PREFIX_PATH=/home/anand/Desktop/moveo_ros2/install/serial:/home/anand/Desktop/moveo_ros2/install/diffdrive_arduino:/home/anand/Desktop/moveo_ros2/install/moveo_moveit_config:/home/anand/Desktop/moveo_ros2/install/moveo_arm:/home/anand/Desktop/moveo_ros2/install/gazebo_ros2_control_demos:/home/anand/Desktop/moveo_ros2/install/gazebo_ros2_control:/opt/ros/humble /usr/bin/cmake --install /home/anand/Desktop/moveo_ros2/build/diffdrive_arduino
