[0.264s] Invoking command in '/home/anand/Desktop/moveo_ros2/build/gazebo_ros2_control': CMAKE_PREFIX_PATH=${CMAKE_PREFIX_PATH}:/opt/ros/humble /usr/bin/cmake --build /home/anand/Desktop/moveo_ros2/build/gazebo_ros2_control -- -j4 -l4
[3.138s] [ 50%] Built target gazebo_hardware_plugins
[3.141s] [100%] Built target gazebo_ros2_control
[3.163s] Invoked command in '/home/anand/Desktop/moveo_ros2/build/gazebo_ros2_control' returned '0': CMAKE_PREFIX_PATH=${CMAKE_PREFIX_PATH}:/opt/ros/humble /usr/bin/cmake --build /home/anand/Desktop/moveo_ros2/build/gazebo_ros2_control -- -j4 -l4
[3.207s] Invoking command in '/home/anand/Desktop/moveo_ros2/build/gazebo_ros2_control': CMAKE_PREFIX_PATH=${CMAKE_PREFIX_PATH}:/opt/ros/humble /usr/bin/cmake --install /home/anand/Desktop/moveo_ros2/build/gazebo_ros2_control
[3.219s] -- Install configuration: ""
[3.303s] -- Up-to-date: /home/anand/Desktop/moveo_ros2/install/gazebo_ros2_control/lib/libgazebo_ros2_control.so
[3.316s] -- Up-to-date: /home/anand/Desktop/moveo_ros2/install/gazebo_ros2_control/lib/libgazebo_hardware_plugins.so
[3.324s] -- Up-to-date: /home/anand/Desktop/moveo_ros2/install/gazebo_ros2_control/share/gazebo_ros2_control/environment/library_path.sh
[3.325s] -- Up-to-date: /home/anand/Desktop/moveo_ros2/install/gazebo_ros2_control/share/gazebo_ros2_control/environment/library_path.dsv
[3.326s] -- Up-to-date: /home/anand/Desktop/moveo_ros2/install/gazebo_ros2_control/include/gazebo_ros2_control
[3.333s] -- Up-to-date: /home/anand/Desktop/moveo_ros2/install/gazebo_ros2_control/include/gazebo_ros2_control/gazebo_system_interface.hpp
[3.334s] -- Up-to-date: /home/anand/Desktop/moveo_ros2/install/gazebo_ros2_control/include/gazebo_ros2_control/gazebo_system.hpp
[3.334s] -- Up-to-date: /home/anand/Desktop/moveo_ros2/install/gazebo_ros2_control/include/gazebo_ros2_control/gazebo_ros2_control_plugin.hpp
[3.334s] -- Up-to-date: /home/anand/Desktop/moveo_ros2/install/gazebo_ros2_control/share/gazebo_ros2_control/gazebo_hardware_plugins.xml
[3.334s] -- Up-to-date: /home/anand/Desktop/moveo_ros2/install/gazebo_ros2_control/share/ament_index/resource_index/package_run_dependencies/gazebo_ros2_control
[3.344s] -- Up-to-date: /home/anand/Desktop/moveo_ros2/install/gazebo_ros2_control/share/ament_index/resource_index/parent_prefix_path/gazebo_ros2_control
[3.344s] -- Up-to-date: /home/anand/Desktop/moveo_ros2/install/gazebo_ros2_control/share/gazebo_ros2_control/environment/ament_prefix_path.sh
[3.345s] -- Up-to-date: /home/anand/Desktop/moveo_ros2/install/gazebo_ros2_control/share/gazebo_ros2_control/environment/ament_prefix_path.dsv
[3.345s] -- Up-to-date: /home/anand/Desktop/moveo_ros2/install/gazebo_ros2_control/share/gazebo_ros2_control/environment/path.sh
[3.345s] -- Up-to-date: /home/anand/Desktop/moveo_ros2/install/gazebo_ros2_control/share/gazebo_ros2_control/environment/path.dsv
[3.345s] -- Up-to-date: /home/anand/Desktop/moveo_ros2/install/gazebo_ros2_control/share/gazebo_ros2_control/local_setup.bash
[3.346s] -- Up-to-date: /home/anand/Desktop/moveo_ros2/install/gazebo_ros2_control/share/gazebo_ros2_control/local_setup.sh
[3.346s] -- Up-to-date: /home/anand/Desktop/moveo_ros2/install/gazebo_ros2_control/share/gazebo_ros2_control/local_setup.zsh
[3.346s] -- Up-to-date: /home/anand/Desktop/moveo_ros2/install/gazebo_ros2_control/share/gazebo_ros2_control/local_setup.dsv
[3.346s] -- Installing: /home/anand/Desktop/moveo_ros2/install/gazebo_ros2_control/share/gazebo_ros2_control/package.dsv
[3.355s] -- Up-to-date: /home/anand/Desktop/moveo_ros2/install/gazebo_ros2_control/share/ament_index/resource_index/packages/gazebo_ros2_control
[3.366s] -- Up-to-date: /home/anand/Desktop/moveo_ros2/install/gazebo_ros2_control/share/ament_index/resource_index/gazebo_ros2_control__pluginlib__plugin/gazebo_ros2_control
[3.385s] -- Up-to-date: /home/anand/Desktop/moveo_ros2/install/gazebo_ros2_control/share/gazebo_ros2_control/cmake/ament_cmake_export_include_directories-extras.cmake
[3.386s] -- Up-to-date: /home/anand/Desktop/moveo_ros2/install/gazebo_ros2_control/share/gazebo_ros2_control/cmake/ament_cmake_export_dependencies-extras.cmake
[3.386s] -- Up-to-date: /home/anand/Desktop/moveo_ros2/install/gazebo_ros2_control/share/gazebo_ros2_control/cmake/ament_cmake_export_libraries-extras.cmake
[3.386s] -- Up-to-date: /home/anand/Desktop/moveo_ros2/install/gazebo_ros2_control/share/gazebo_ros2_control/cmake/gazebo_ros2_controlConfig.cmake
[3.387s] -- Up-to-date: /home/anand/Desktop/moveo_ros2/install/gazebo_ros2_control/share/gazebo_ros2_control/cmake/gazebo_ros2_controlConfig-version.cmake
[3.387s] -- Up-to-date: /home/anand/Desktop/moveo_ros2/install/gazebo_ros2_control/share/gazebo_ros2_control/package.xml
[3.411s] Invoked command in '/home/anand/Desktop/moveo_ros2/build/gazebo_ros2_control' returned '0': CMAKE_PREFIX_PATH=${CMAKE_PREFIX_PATH}:/opt/ros/humble /usr/bin/cmake --install /home/anand/Desktop/moveo_ros2/build/gazebo_ros2_control
