[0.037s] Invoking command in '/home/anand/Desktop/moveo_ros2/build/gazebo_ros2_control': CMAKE_PREFIX_PATH=/opt/ros/humble /usr/bin/cmake --build /home/anand/Desktop/moveo_ros2/build/gazebo_ros2_control -- -j4 -l4
[0.108s] [35m[1mConsolidate compiler generated dependencies of target gazebo_ros2_control[0m
[0.185s] [ 50%] Built target gazebo_ros2_control
[0.204s] [35m[1mConsolidate compiler generated dependencies of target gazebo_hardware_plugins[0m
[0.270s] [100%] Built target gazebo_hardware_plugins
[0.341s] Invoked command in '/home/anand/Desktop/moveo_ros2/build/gazebo_ros2_control' returned '0': CMAKE_PREFIX_PATH=/opt/ros/humble /usr/bin/cmake --build /home/anand/Desktop/moveo_ros2/build/gazebo_ros2_control -- -j4 -l4
[0.602s] Invoking command in '/home/anand/Desktop/moveo_ros2/build/gazebo_ros2_control': CMAKE_PREFIX_PATH=/opt/ros/humble /usr/bin/cmake --install /home/anand/Desktop/moveo_ros2/build/gazebo_ros2_control
[0.615s] -- Install configuration: ""
[0.616s] -- Up-to-date: /home/anand/Desktop/moveo_ros2/install/gazebo_ros2_control/lib/libgazebo_ros2_control.so
[0.617s] -- Up-to-date: /home/anand/Desktop/moveo_ros2/install/gazebo_ros2_control/lib/libgazebo_hardware_plugins.so
[0.617s] -- Up-to-date: /home/anand/Desktop/moveo_ros2/install/gazebo_ros2_control/share/gazebo_ros2_control/environment/library_path.sh
[0.618s] -- Up-to-date: /home/anand/Desktop/moveo_ros2/install/gazebo_ros2_control/share/gazebo_ros2_control/environment/library_path.dsv
[0.618s] -- Up-to-date: /home/anand/Desktop/moveo_ros2/install/gazebo_ros2_control/include/gazebo_ros2_control
[0.619s] -- Up-to-date: /home/anand/Desktop/moveo_ros2/install/gazebo_ros2_control/include/gazebo_ros2_control/gazebo_system_interface.hpp
[0.619s] -- Up-to-date: /home/anand/Desktop/moveo_ros2/install/gazebo_ros2_control/include/gazebo_ros2_control/gazebo_system.hpp
[0.620s] -- Up-to-date: /home/anand/Desktop/moveo_ros2/install/gazebo_ros2_control/include/gazebo_ros2_control/gazebo_ros2_control_plugin.hpp
[0.622s] -- Up-to-date: /home/anand/Desktop/moveo_ros2/install/gazebo_ros2_control/share/gazebo_ros2_control/gazebo_hardware_plugins.xml
[0.623s] -- Up-to-date: /home/anand/Desktop/moveo_ros2/install/gazebo_ros2_control/share/ament_index/resource_index/package_run_dependencies/gazebo_ros2_control
[0.624s] -- Up-to-date: /home/anand/Desktop/moveo_ros2/install/gazebo_ros2_control/share/ament_index/resource_index/parent_prefix_path/gazebo_ros2_control
[0.629s] -- Up-to-date: /home/anand/Desktop/moveo_ros2/install/gazebo_ros2_control/share/gazebo_ros2_control/environment/ament_prefix_path.sh
[0.630s] -- Up-to-date: /home/anand/Desktop/moveo_ros2/install/gazebo_ros2_control/share/gazebo_ros2_control/environment/ament_prefix_path.dsv
[0.631s] -- Up-to-date: /home/anand/Desktop/moveo_ros2/install/gazebo_ros2_control/share/gazebo_ros2_control/environment/path.sh
[0.631s] -- Up-to-date: /home/anand/Desktop/moveo_ros2/install/gazebo_ros2_control/share/gazebo_ros2_control/environment/path.dsv
[0.631s] -- Up-to-date: /home/anand/Desktop/moveo_ros2/install/gazebo_ros2_control/share/gazebo_ros2_control/local_setup.bash
[0.632s] -- Up-to-date: /home/anand/Desktop/moveo_ros2/install/gazebo_ros2_control/share/gazebo_ros2_control/local_setup.sh
[0.632s] -- Up-to-date: /home/anand/Desktop/moveo_ros2/install/gazebo_ros2_control/share/gazebo_ros2_control/local_setup.zsh
[0.632s] -- Up-to-date: /home/anand/Desktop/moveo_ros2/install/gazebo_ros2_control/share/gazebo_ros2_control/local_setup.dsv
[0.633s] -- Installing: /home/anand/Desktop/moveo_ros2/install/gazebo_ros2_control/share/gazebo_ros2_control/package.dsv
[0.633s] -- Up-to-date: /home/anand/Desktop/moveo_ros2/install/gazebo_ros2_control/share/ament_index/resource_index/packages/gazebo_ros2_control
[0.633s] -- Up-to-date: /home/anand/Desktop/moveo_ros2/install/gazebo_ros2_control/share/ament_index/resource_index/gazebo_ros2_control__pluginlib__plugin/gazebo_ros2_control
[0.633s] -- Up-to-date: /home/anand/Desktop/moveo_ros2/install/gazebo_ros2_control/share/gazebo_ros2_control/cmake/ament_cmake_export_include_directories-extras.cmake
[0.634s] -- Up-to-date: /home/anand/Desktop/moveo_ros2/install/gazebo_ros2_control/share/gazebo_ros2_control/cmake/ament_cmake_export_dependencies-extras.cmake
[0.637s] -- Up-to-date: /home/anand/Desktop/moveo_ros2/install/gazebo_ros2_control/share/gazebo_ros2_control/cmake/ament_cmake_export_libraries-extras.cmake
[0.638s] -- Up-to-date: /home/anand/Desktop/moveo_ros2/install/gazebo_ros2_control/share/gazebo_ros2_control/cmake/gazebo_ros2_controlConfig.cmake
[0.638s] -- Up-to-date: /home/anand/Desktop/moveo_ros2/install/gazebo_ros2_control/share/gazebo_ros2_control/cmake/gazebo_ros2_controlConfig-version.cmake
[0.639s] -- Up-to-date: /home/anand/Desktop/moveo_ros2/install/gazebo_ros2_control/share/gazebo_ros2_control/package.xml
[0.639s] Invoked command in '/home/anand/Desktop/moveo_ros2/build/gazebo_ros2_control' returned '0': CMAKE_PREFIX_PATH=/opt/ros/humble /usr/bin/cmake --install /home/anand/Desktop/moveo_ros2/build/gazebo_ros2_control
