[0.242s] Invoking command in '/home/anand/Desktop/moveo_ros2/build/moveo_arm': CMAKE_PREFIX_PATH=/opt/ros/humble /usr/bin/cmake /home/anand/Desktop/moveo_ros2/src/moveo_arm -DCMAKE_INSTALL_PREFIX=/home/anand/Desktop/moveo_ros2/install/moveo_arm
[5.175s] -- The C compiler identification is GNU 11.3.0
[6.475s] -- The CXX compiler identification is GNU 11.3.0
[6.817s] -- Detecting C compiler ABI info
[7.615s] -- Detecting C compiler ABI info - done
[7.633s] -- Check for working C compiler: /usr/bin/cc - skipped
[7.654s] -- Detecting C compile features
[7.670s] -- Detecting C compile features - done
[7.693s] -- Detecting CXX compiler ABI info
[7.881s] -- Detecting CXX compiler ABI info - done
[7.895s] -- Check for working CXX compiler: /usr/bin/c++ - skipped
[7.896s] -- Detecting CXX compile features
[7.897s] -- Detecting CXX compile features - done
[8.107s] -- Found ament_cmake: 1.3.3 (/opt/ros/humble/share/ament_cmake/cmake)
[8.711s] -- Found Python3: /usr/bin/python3.10 (found version "3.10.6") found components: Interpreter 
[10.008s] -- Found ament_lint_auto: 0.12.5 (/opt/ros/humble/share/ament_lint_auto/cmake)
[10.690s] -- Added test 'flake8' to check Python code syntax and style conventions
[10.693s] -- Added test 'lint_cmake' to check CMake code style
[10.696s] -- Added test 'pep257' to check Python code against some of the docstring style conventions in PEP 257
[10.703s] -- Added test 'xmllint' to check XML markup files
[10.709s] -- Configuring done
[10.721s] -- Generating done
[10.726s] -- Build files have been written to: /home/anand/Desktop/moveo_ros2/build/moveo_arm
[10.737s] Invoked command in '/home/anand/Desktop/moveo_ros2/build/moveo_arm' returned '0': CMAKE_PREFIX_PATH=/opt/ros/humble /usr/bin/cmake /home/anand/Desktop/moveo_ros2/src/moveo_arm -DCMAKE_INSTALL_PREFIX=/home/anand/Desktop/moveo_ros2/install/moveo_arm
[10.742s] Invoking command in '/home/anand/Desktop/moveo_ros2/build/moveo_arm': CMAKE_PREFIX_PATH=/opt/ros/humble /usr/bin/cmake --build /home/anand/Desktop/moveo_ros2/build/moveo_arm -- -j4 -l4
[10.800s] Invoked command in '/home/anand/Desktop/moveo_ros2/build/moveo_arm' returned '0': CMAKE_PREFIX_PATH=/opt/ros/humble /usr/bin/cmake --build /home/anand/Desktop/moveo_ros2/build/moveo_arm -- -j4 -l4
[10.844s] Invoking command in '/home/anand/Desktop/moveo_ros2/build/moveo_arm': CMAKE_PREFIX_PATH=/opt/ros/humble /usr/bin/cmake --install /home/anand/Desktop/moveo_ros2/build/moveo_arm
[10.852s] -- Install configuration: ""
[10.853s] -- Installing: /home/anand/Desktop/moveo_ros2/install/moveo_arm/share/ament_index/resource_index/package_run_dependencies/moveo_arm
[10.853s] -- Installing: /home/anand/Desktop/moveo_ros2/install/moveo_arm/share/ament_index/resource_index/parent_prefix_path/moveo_arm
[10.854s] -- Installing: /home/anand/Desktop/moveo_ros2/install/moveo_arm/share/moveo_arm/environment/ament_prefix_path.sh
[10.854s] -- Installing: /home/anand/Desktop/moveo_ros2/install/moveo_arm/share/moveo_arm/environment/ament_prefix_path.dsv
[10.854s] -- Installing: /home/anand/Desktop/moveo_ros2/install/moveo_arm/share/moveo_arm/environment/path.sh
[10.854s] -- Installing: /home/anand/Desktop/moveo_ros2/install/moveo_arm/share/moveo_arm/environment/path.dsv
[10.854s] -- Installing: /home/anand/Desktop/moveo_ros2/install/moveo_arm/share/moveo_arm/local_setup.bash
[10.855s] -- Installing: /home/anand/Desktop/moveo_ros2/install/moveo_arm/share/moveo_arm/local_setup.sh
[10.855s] -- Installing: /home/anand/Desktop/moveo_ros2/install/moveo_arm/share/moveo_arm/local_setup.zsh
[10.855s] -- Installing: /home/anand/Desktop/moveo_ros2/install/moveo_arm/share/moveo_arm/local_setup.dsv
[10.855s] -- Installing: /home/anand/Desktop/moveo_ros2/install/moveo_arm/share/moveo_arm/package.dsv
[10.855s] -- Installing: /home/anand/Desktop/moveo_ros2/install/moveo_arm/share/ament_index/resource_index/packages/moveo_arm
[10.856s] -- Installing: /home/anand/Desktop/moveo_ros2/install/moveo_arm/share/moveo_arm/cmake/moveo_armConfig.cmake
[10.856s] -- Installing: /home/anand/Desktop/moveo_ros2/install/moveo_arm/share/moveo_arm/cmake/moveo_armConfig-version.cmake
[10.856s] -- Installing: /home/anand/Desktop/moveo_ros2/install/moveo_arm/share/moveo_arm/package.xml
[10.860s] Invoked command in '/home/anand/Desktop/moveo_ros2/build/moveo_arm' returned '0': CMAKE_PREFIX_PATH=/opt/ros/humble /usr/bin/cmake --install /home/anand/Desktop/moveo_ros2/build/moveo_arm
