[0.167s] Invoking command in '/home/anand/Desktop/moveo_ros2/build/moveo_moveit_config': CMAKE_PREFIX_PATH=${CMAKE_PREFIX_PATH}:/opt/ros/humble /usr/bin/cmake /home/anand/Desktop/moveo_ros2/src/moveo_moveit_config -DCMAKE_INSTALL_PREFIX=/home/anand/Desktop/moveo_ros2/install/moveo_moveit_config
[5.403s] -- The C compiler identification is GNU 11.3.0
[10.170s] -- The CXX compiler identification is GNU 11.3.0
[10.369s] -- Detecting C compiler ABI info
[11.039s] -- Detecting C compiler ABI info - done
[11.054s] -- Check for working C compiler: /usr/bin/cc - skipped
[11.121s] -- Detecting C compile features
[11.160s] -- Detecting C compile features - done
[11.364s] -- Detecting CXX compiler ABI info
[11.793s] -- Detecting CXX compiler ABI info - done
[11.812s] -- Check for working CXX compiler: /usr/bin/c++ - skipped
[11.813s] -- Detecting CXX compile features
[11.814s] -- Detecting CXX compile features - done
[12.129s] -- Found ament_cmake: 1.3.3 (/opt/ros/humble/share/ament_cmake/cmake)
[13.594s] -- Found Python3: /usr/bin/python3.10 (found version "3.10.6") found components: Interpreter 
[15.308s] -- Configuring done
[15.316s] -- Generating done
[15.318s] -- Build files have been written to: /home/anand/Desktop/moveo_ros2/build/moveo_moveit_config
[15.328s] Invoked command in '/home/anand/Desktop/moveo_ros2/build/moveo_moveit_config' returned '0': CMAKE_PREFIX_PATH=${CMAKE_PREFIX_PATH}:/opt/ros/humble /usr/bin/cmake /home/anand/Desktop/moveo_ros2/src/moveo_moveit_config -DCMAKE_INSTALL_PREFIX=/home/anand/Desktop/moveo_ros2/install/moveo_moveit_config
[15.331s] Invoking command in '/home/anand/Desktop/moveo_ros2/build/moveo_moveit_config': CMAKE_PREFIX_PATH=${CMAKE_PREFIX_PATH}:/opt/ros/humble /usr/bin/cmake --build /home/anand/Desktop/moveo_ros2/build/moveo_moveit_config -- -j4 -l4
[15.385s] Invoked command in '/home/anand/Desktop/moveo_ros2/build/moveo_moveit_config' returned '0': CMAKE_PREFIX_PATH=${CMAKE_PREFIX_PATH}:/opt/ros/humble /usr/bin/cmake --build /home/anand/Desktop/moveo_ros2/build/moveo_moveit_config -- -j4 -l4
[15.415s] Invoking command in '/home/anand/Desktop/moveo_ros2/build/moveo_moveit_config': CMAKE_PREFIX_PATH=${CMAKE_PREFIX_PATH}:/opt/ros/humble /usr/bin/cmake --install /home/anand/Desktop/moveo_ros2/build/moveo_moveit_config
[15.428s] -- Install configuration: ""
[15.429s] -- Installing: /home/anand/Desktop/moveo_ros2/install/moveo_moveit_config/share/ament_index/resource_index/package_run_dependencies/moveo_moveit_config
[15.429s] -- Installing: /home/anand/Desktop/moveo_ros2/install/moveo_moveit_config/share/ament_index/resource_index/parent_prefix_path/moveo_moveit_config
[15.429s] -- Installing: /home/anand/Desktop/moveo_ros2/install/moveo_moveit_config/share/moveo_moveit_config/environment/ament_prefix_path.sh
[15.430s] -- Installing: /home/anand/Desktop/moveo_ros2/install/moveo_moveit_config/share/moveo_moveit_config/environment/ament_prefix_path.dsv
[15.430s] -- Installing: /home/anand/Desktop/moveo_ros2/install/moveo_moveit_config/share/moveo_moveit_config/environment/path.sh
[15.430s] -- Installing: /home/anand/Desktop/moveo_ros2/install/moveo_moveit_config/share/moveo_moveit_config/environment/path.dsv
[15.431s] -- Installing: /home/anand/Desktop/moveo_ros2/install/moveo_moveit_config/share/moveo_moveit_config/local_setup.bash
[15.433s] -- Installing: /home/anand/Desktop/moveo_ros2/install/moveo_moveit_config/share/moveo_moveit_config/local_setup.sh
[15.433s] -- Installing: /home/anand/Desktop/moveo_ros2/install/moveo_moveit_config/share/moveo_moveit_config/local_setup.zsh
[15.434s] -- Installing: /home/anand/Desktop/moveo_ros2/install/moveo_moveit_config/share/moveo_moveit_config/local_setup.dsv
[15.434s] -- Installing: /home/anand/Desktop/moveo_ros2/install/moveo_moveit_config/share/moveo_moveit_config/package.dsv
[15.434s] -- Installing: /home/anand/Desktop/moveo_ros2/install/moveo_moveit_config/share/ament_index/resource_index/packages/moveo_moveit_config
[15.434s] -- Installing: /home/anand/Desktop/moveo_ros2/install/moveo_moveit_config/share/moveo_moveit_config/cmake/moveo_moveit_configConfig.cmake
[15.437s] -- Installing: /home/anand/Desktop/moveo_ros2/install/moveo_moveit_config/share/moveo_moveit_config/cmake/moveo_moveit_configConfig-version.cmake
[15.437s] -- Installing: /home/anand/Desktop/moveo_ros2/install/moveo_moveit_config/share/moveo_moveit_config/package.xml
[15.438s] -- Installing: /home/anand/Desktop/moveo_ros2/install/moveo_moveit_config/share/moveo_moveit_config/launch
[15.438s] -- Installing: /home/anand/Desktop/moveo_ros2/install/moveo_moveit_config/share/moveo_moveit_config/launch/warehouse_db.launch.py
[15.439s] -- Installing: /home/anand/Desktop/moveo_ros2/install/moveo_moveit_config/share/moveo_moveit_config/launch/spawn_controllers.launch.py
[15.439s] -- Installing: /home/anand/Desktop/moveo_ros2/install/moveo_moveit_config/share/moveo_moveit_config/launch/static_virtual_joint_tfs.launch.py
[15.439s] -- Installing: /home/anand/Desktop/moveo_ros2/install/moveo_moveit_config/share/moveo_moveit_config/launch/demo.launch.py
[15.441s] -- Installing: /home/anand/Desktop/moveo_ros2/install/moveo_moveit_config/share/moveo_moveit_config/launch/setup_assistant.launch.py
[15.441s] -- Installing: /home/anand/Desktop/moveo_ros2/install/moveo_moveit_config/share/moveo_moveit_config/launch/moveit_rviz.launch.py
[15.442s] -- Installing: /home/anand/Desktop/moveo_ros2/install/moveo_moveit_config/share/moveo_moveit_config/launch/rsp.launch.py
[15.442s] -- Installing: /home/anand/Desktop/moveo_ros2/install/moveo_moveit_config/share/moveo_moveit_config/launch/move_group.launch.py
[15.442s] -- Installing: /home/anand/Desktop/moveo_ros2/install/moveo_moveit_config/share/moveo_moveit_config/config
[15.442s] -- Installing: /home/anand/Desktop/moveo_ros2/install/moveo_moveit_config/share/moveo_moveit_config/config/pilz_cartesian_limits.yaml
[15.443s] -- Installing: /home/anand/Desktop/moveo_ros2/install/moveo_moveit_config/share/moveo_moveit_config/config/panda.ros2_control.xacro
[15.443s] -- Installing: /home/anand/Desktop/moveo_ros2/install/moveo_moveit_config/share/moveo_moveit_config/config/initial_positions.yaml
[15.443s] -- Installing: /home/anand/Desktop/moveo_ros2/install/moveo_moveit_config/share/moveo_moveit_config/config/moveit_controllers.yaml
[15.444s] -- Installing: /home/anand/Desktop/moveo_ros2/install/moveo_moveit_config/share/moveo_moveit_config/config/ros2_controllers.yaml
[15.444s] -- Installing: /home/anand/Desktop/moveo_ros2/install/moveo_moveit_config/share/moveo_moveit_config/config/joint_limits.yaml
[15.444s] -- Installing: /home/anand/Desktop/moveo_ros2/install/moveo_moveit_config/share/moveo_moveit_config/config/panda.srdf
[15.444s] -- Installing: /home/anand/Desktop/moveo_ros2/install/moveo_moveit_config/share/moveo_moveit_config/config/moveit.rviz
[15.445s] -- Installing: /home/anand/Desktop/moveo_ros2/install/moveo_moveit_config/share/moveo_moveit_config/config/kinematics.yaml
[15.445s] -- Installing: /home/anand/Desktop/moveo_ros2/install/moveo_moveit_config/share/moveo_moveit_config/config/panda.urdf.xacro
[15.445s] -- Installing: /home/anand/Desktop/moveo_ros2/install/moveo_moveit_config/share/moveo_moveit_config/.setup_assistant
[15.455s] Invoked command in '/home/anand/Desktop/moveo_ros2/build/moveo_moveit_config' returned '0': CMAKE_PREFIX_PATH=${CMAKE_PREFIX_PATH}:/opt/ros/humble /usr/bin/cmake --install /home/anand/Desktop/moveo_ros2/build/moveo_moveit_config
