-- Install configuration: ""
-- Up-to-date: /home/anand/Desktop/moveo_ros2/install/moveo_arm/share/moveo_arm/launch
-- Installing: /home/anand/Desktop/moveo_ros2/install/moveo_arm/share/moveo_arm/launch/moveit_gazebo.launch.py
-- Installing: /home/anand/Desktop/moveo_ros2/install/moveo_arm/share/moveo_arm/launch/moveit.launch.py
-- Up-to-date: /home/anand/Desktop/moveo_ros2/install/moveo_arm/share/moveo_arm/launch/start_moveit.launch.py
-- Up-to-date: /home/anand/Desktop/moveo_ros2/install/moveo_arm/share/moveo_arm/urdf
-- Installing: /home/anand/Desktop/moveo_ros2/install/moveo_arm/share/moveo_arm/urdf/moveo_gazebo.xacro
-- Up-to-date: /home/anand/Desktop/moveo_ros2/install/moveo_arm/share/moveo_arm/urdf/moveo.urdf.xacro
-- Up-to-date: /home/anand/Desktop/moveo_ros2/install/moveo_arm/share/moveo_arm/urdf/moveo.urdf
-- Up-to-date: /home/anand/Desktop/moveo_ros2/install/moveo_arm/share/moveo_arm/meshes
-- Up-to-date: /home/anand/Desktop/moveo_ros2/install/moveo_arm/share/moveo_arm/meshes/Gripper_Servo_Gear.STL
-- Up-to-date: /home/anand/Desktop/moveo_ros2/install/moveo_arm/share/moveo_arm/meshes/link5.mlp
-- Up-to-date: /home/anand/Desktop/moveo_ros2/install/moveo_arm/share/moveo_arm/meshes/Pivot_Arm_Gripper_Idol.STL
-- Up-to-date: /home/anand/Desktop/moveo_ros2/install/moveo_arm/share/moveo_arm/meshes/Gripper_Idol_Gear_col.STL
-- Up-to-date: /home/anand/Desktop/moveo_ros2/install/moveo_arm/share/moveo_arm/meshes/Tip_Gripper_Servo.STL
-- Up-to-date: /home/anand/Desktop/moveo_ros2/install/moveo_arm/share/moveo_arm/meshes/Link_2_edited.STL
-- Up-to-date: /home/anand/Desktop/moveo_ros2/install/moveo_arm/share/moveo_arm/meshes/Link_3_col.STL
-- Up-to-date: /home/anand/Desktop/moveo_ros2/install/moveo_arm/share/moveo_arm/meshes/Tip_Gripper_Idol.STL
-- Up-to-date: /home/anand/Desktop/moveo_ros2/install/moveo_arm/share/moveo_arm/meshes/Link_5_col.STL
-- Up-to-date: /home/anand/Desktop/moveo_ros2/install/moveo_arm/share/moveo_arm/meshes/base_link.STL
-- Up-to-date: /home/anand/Desktop/moveo_ros2/install/moveo_arm/share/moveo_arm/meshes/Pivot_Arm_Gripper_Servo_col.STL
-- Up-to-date: /home/anand/Desktop/moveo_ros2/install/moveo_arm/share/moveo_arm/meshes/Gripper_Idol_Gear.STL
-- Up-to-date: /home/anand/Desktop/moveo_ros2/install/moveo_arm/share/moveo_arm/meshes/Pivot_Arm_Gripper_Servo.STL
-- Up-to-date: /home/anand/Desktop/moveo_ros2/install/moveo_arm/share/moveo_arm/meshes/Link_5_edited.STL
-- Up-to-date: /home/anand/Desktop/moveo_ros2/install/moveo_arm/share/moveo_arm/meshes/Link_1_edited.STL
-- Up-to-date: /home/anand/Desktop/moveo_ros2/install/moveo_arm/share/moveo_arm/meshes/Link_4_edited.STL
-- Up-to-date: /home/anand/Desktop/moveo_ros2/install/moveo_arm/share/moveo_arm/meshes/Gripper_Servo_Gear_col.STL
-- Up-to-date: /home/anand/Desktop/moveo_ros2/install/moveo_arm/share/moveo_arm/meshes/link5col.mlp
-- Up-to-date: /home/anand/Desktop/moveo_ros2/install/moveo_arm/share/moveo_arm/meshes/Link_1_col.STL
-- Up-to-date: /home/anand/Desktop/moveo_ros2/install/moveo_arm/share/moveo_arm/meshes/Link_2_col.STL
-- Up-to-date: /home/anand/Desktop/moveo_ros2/install/moveo_arm/share/moveo_arm/meshes/Tip_Gripper_Idol_col.STL
-- Up-to-date: /home/anand/Desktop/moveo_ros2/install/moveo_arm/share/moveo_arm/meshes/Pivot_Arm_Gripper_Idol_col.STL
-- Up-to-date: /home/anand/Desktop/moveo_ros2/install/moveo_arm/share/moveo_arm/meshes/Tip_Gripper_Servo_col.STL
-- Up-to-date: /home/anand/Desktop/moveo_ros2/install/moveo_arm/share/moveo_arm/meshes/Link_4_col.STL
-- Up-to-date: /home/anand/Desktop/moveo_ros2/install/moveo_arm/share/moveo_arm/meshes/Link_3_edited.STL
-- Up-to-date: /home/anand/Desktop/moveo_ros2/install/moveo_arm/share/moveo_arm/meshes/base_link_col.STL
-- Up-to-date: /home/anand/Desktop/moveo_ros2/install/moveo_arm/share/ament_index/resource_index/package_run_dependencies/moveo_arm
-- Up-to-date: /home/anand/Desktop/moveo_ros2/install/moveo_arm/share/ament_index/resource_index/parent_prefix_path/moveo_arm
-- Up-to-date: /home/anand/Desktop/moveo_ros2/install/moveo_arm/share/moveo_arm/environment/ament_prefix_path.sh
-- Up-to-date: /home/anand/Desktop/moveo_ros2/install/moveo_arm/share/moveo_arm/environment/ament_prefix_path.dsv
-- Up-to-date: /home/anand/Desktop/moveo_ros2/install/moveo_arm/share/moveo_arm/environment/path.sh
-- Up-to-date: /home/anand/Desktop/moveo_ros2/install/moveo_arm/share/moveo_arm/environment/path.dsv
-- Up-to-date: /home/anand/Desktop/moveo_ros2/install/moveo_arm/share/moveo_arm/local_setup.bash
-- Up-to-date: /home/anand/Desktop/moveo_ros2/install/moveo_arm/share/moveo_arm/local_setup.sh
-- Up-to-date: /home/anand/Desktop/moveo_ros2/install/moveo_arm/share/moveo_arm/local_setup.zsh
-- Up-to-date: /home/anand/Desktop/moveo_ros2/install/moveo_arm/share/moveo_arm/local_setup.dsv
-- Installing: /home/anand/Desktop/moveo_ros2/install/moveo_arm/share/moveo_arm/package.dsv
-- Up-to-date: /home/anand/Desktop/moveo_ros2/install/moveo_arm/share/ament_index/resource_index/packages/moveo_arm
-- Up-to-date: /home/anand/Desktop/moveo_ros2/install/moveo_arm/share/moveo_arm/cmake/moveo_armConfig.cmake
-- Up-to-date: /home/anand/Desktop/moveo_ros2/install/moveo_arm/share/moveo_arm/cmake/moveo_armConfig-version.cmake
-- Up-to-date: /home/anand/Desktop/moveo_ros2/install/moveo_arm/share/moveo_arm/package.xml
