[0.134s] Invoking command in '/home/anand/Desktop/moveo_ros2/build/moveo_moveit_config': CMAKE_PREFIX_PATH=/home/anand/Desktop/moveo_ros2/install/moveo_arm:/home/anand/Desktop/moveo_ros2/install/diffdrive_arduino:/home/anand/Desktop/moveo_ros2/install/serial:/home/anand/Desktop/moveo_ros2/install/moveo_moveit_config:/home/anand/Desktop/moveo_ros2/install/gazebo_ros2_control_demos:/home/anand/Desktop/moveo_ros2/install/gazebo_ros2_control:/opt/ros/humble /usr/bin/cmake --build /home/anand/Desktop/moveo_ros2/build/moveo_moveit_config -- -j4 -l4
[0.324s] Invoked command in '/home/anand/Desktop/moveo_ros2/build/moveo_moveit_config' returned '0': CMAKE_PREFIX_PATH=/home/anand/Desktop/moveo_ros2/install/moveo_arm:/home/anand/Desktop/moveo_ros2/install/diffdrive_arduino:/home/anand/Desktop/moveo_ros2/install/serial:/home/anand/Desktop/moveo_ros2/install/moveo_moveit_config:/home/anand/Desktop/moveo_ros2/install/gazebo_ros2_control_demos:/home/anand/Desktop/moveo_ros2/install/gazebo_ros2_control:/opt/ros/humble /usr/bin/cmake --build /home/anand/Desktop/moveo_ros2/build/moveo_moveit_config -- -j4 -l4
[0.358s] Invoking command in '/home/anand/Desktop/moveo_ros2/build/moveo_moveit_config': CMAKE_PREFIX_PATH=/home/anand/Desktop/moveo_ros2/install/moveo_arm:/home/anand/Desktop/moveo_ros2/install/diffdrive_arduino:/home/anand/Desktop/moveo_ros2/install/serial:/home/anand/Desktop/moveo_ros2/install/moveo_moveit_config:/home/anand/Desktop/moveo_ros2/install/gazebo_ros2_control_demos:/home/anand/Desktop/moveo_ros2/install/gazebo_ros2_control:/opt/ros/humble /usr/bin/cmake --install /home/anand/Desktop/moveo_ros2/build/moveo_moveit_config
[0.369s] -- Install configuration: ""
[0.369s] -- Up-to-date: /home/anand/Desktop/moveo_ros2/install/moveo_moveit_config/share/ament_index/resource_index/package_run_dependencies/moveo_moveit_config
[0.370s] -- Up-to-date: /home/anand/Desktop/moveo_ros2/install/moveo_moveit_config/share/ament_index/resource_index/parent_prefix_path/moveo_moveit_config
[0.370s] -- Up-to-date: /home/anand/Desktop/moveo_ros2/install/moveo_moveit_config/share/moveo_moveit_config/environment/ament_prefix_path.sh
[0.370s] -- Up-to-date: /home/anand/Desktop/moveo_ros2/install/moveo_moveit_config/share/moveo_moveit_config/environment/ament_prefix_path.dsv
[0.370s] -- Up-to-date: /home/anand/Desktop/moveo_ros2/install/moveo_moveit_config/share/moveo_moveit_config/environment/path.sh
[0.370s] -- Up-to-date: /home/anand/Desktop/moveo_ros2/install/moveo_moveit_config/share/moveo_moveit_config/environment/path.dsv
[0.371s] -- Up-to-date: /home/anand/Desktop/moveo_ros2/install/moveo_moveit_config/share/moveo_moveit_config/local_setup.bash
[0.371s] -- Up-to-date: /home/anand/Desktop/moveo_ros2/install/moveo_moveit_config/share/moveo_moveit_config/local_setup.sh
[0.371s] -- Up-to-date: /home/anand/Desktop/moveo_ros2/install/moveo_moveit_config/share/moveo_moveit_config/local_setup.zsh
[0.371s] -- Up-to-date: /home/anand/Desktop/moveo_ros2/install/moveo_moveit_config/share/moveo_moveit_config/local_setup.dsv
[0.371s] -- Installing: /home/anand/Desktop/moveo_ros2/install/moveo_moveit_config/share/moveo_moveit_config/package.dsv
[0.398s] -- Up-to-date: /home/anand/Desktop/moveo_ros2/install/moveo_moveit_config/share/ament_index/resource_index/packages/moveo_moveit_config
[0.399s] -- Up-to-date: /home/anand/Desktop/moveo_ros2/install/moveo_moveit_config/share/moveo_moveit_config/cmake/moveo_moveit_configConfig.cmake
[0.399s] -- Up-to-date: /home/anand/Desktop/moveo_ros2/install/moveo_moveit_config/share/moveo_moveit_config/cmake/moveo_moveit_configConfig-version.cmake
[0.399s] -- Up-to-date: /home/anand/Desktop/moveo_ros2/install/moveo_moveit_config/share/moveo_moveit_config/package.xml
[0.399s] -- Up-to-date: /home/anand/Desktop/moveo_ros2/install/moveo_moveit_config/share/moveo_moveit_config/launch
[0.400s] -- Up-to-date: /home/anand/Desktop/moveo_ros2/install/moveo_moveit_config/share/moveo_moveit_config/launch/warehouse_db.launch.py
[0.400s] -- Up-to-date: /home/anand/Desktop/moveo_ros2/install/moveo_moveit_config/share/moveo_moveit_config/launch/spawn_controllers.launch.py
[0.400s] -- Up-to-date: /home/anand/Desktop/moveo_ros2/install/moveo_moveit_config/share/moveo_moveit_config/launch/static_virtual_joint_tfs.launch.py
[0.401s] -- Up-to-date: /home/anand/Desktop/moveo_ros2/install/moveo_moveit_config/share/moveo_moveit_config/launch/demo.launch.py
[0.401s] -- Up-to-date: /home/anand/Desktop/moveo_ros2/install/moveo_moveit_config/share/moveo_moveit_config/launch/setup_assistant.launch.py
[0.401s] -- Up-to-date: /home/anand/Desktop/moveo_ros2/install/moveo_moveit_config/share/moveo_moveit_config/launch/moveit_rviz.launch.py
[0.401s] -- Up-to-date: /home/anand/Desktop/moveo_ros2/install/moveo_moveit_config/share/moveo_moveit_config/launch/rsp.launch.py
[0.401s] -- Up-to-date: /home/anand/Desktop/moveo_ros2/install/moveo_moveit_config/share/moveo_moveit_config/launch/move_group.launch.py
[0.401s] -- Up-to-date: /home/anand/Desktop/moveo_ros2/install/moveo_moveit_config/share/moveo_moveit_config/config
[0.401s] -- Up-to-date: /home/anand/Desktop/moveo_ros2/install/moveo_moveit_config/share/moveo_moveit_config/config/pilz_cartesian_limits.yaml
[0.402s] -- Up-to-date: /home/anand/Desktop/moveo_ros2/install/moveo_moveit_config/share/moveo_moveit_config/config/panda.ros2_control.xacro
[0.402s] -- Up-to-date: /home/anand/Desktop/moveo_ros2/install/moveo_moveit_config/share/moveo_moveit_config/config/initial_positions.yaml
[0.402s] -- Up-to-date: /home/anand/Desktop/moveo_ros2/install/moveo_moveit_config/share/moveo_moveit_config/config/moveit_controllers.yaml
[0.402s] -- Up-to-date: /home/anand/Desktop/moveo_ros2/install/moveo_moveit_config/share/moveo_moveit_config/config/ros2_controllers.yaml
[0.402s] -- Up-to-date: /home/anand/Desktop/moveo_ros2/install/moveo_moveit_config/share/moveo_moveit_config/config/joint_limits.yaml
[0.402s] -- Up-to-date: /home/anand/Desktop/moveo_ros2/install/moveo_moveit_config/share/moveo_moveit_config/config/panda.srdf
[0.402s] -- Up-to-date: /home/anand/Desktop/moveo_ros2/install/moveo_moveit_config/share/moveo_moveit_config/config/moveit.rviz
[0.403s] -- Up-to-date: /home/anand/Desktop/moveo_ros2/install/moveo_moveit_config/share/moveo_moveit_config/config/kinematics.yaml
[0.403s] -- Installing: /home/anand/Desktop/moveo_ros2/install/moveo_moveit_config/share/moveo_moveit_config/config/panda.urdf.xacro
[0.403s] -- Up-to-date: /home/anand/Desktop/moveo_ros2/install/moveo_moveit_config/share/moveo_moveit_config/.setup_assistant
[0.409s] Invoked command in '/home/anand/Desktop/moveo_ros2/build/moveo_moveit_config' returned '0': CMAKE_PREFIX_PATH=/home/anand/Desktop/moveo_ros2/install/moveo_arm:/home/anand/Desktop/moveo_ros2/install/diffdrive_arduino:/home/anand/Desktop/moveo_ros2/install/serial:/home/anand/Desktop/moveo_ros2/install/moveo_moveit_config:/home/anand/Desktop/moveo_ros2/install/gazebo_ros2_control_demos:/home/anand/Desktop/moveo_ros2/install/gazebo_ros2_control:/opt/ros/humble /usr/bin/cmake --install /home/anand/Desktop/moveo_ros2/build/moveo_moveit_config
