[0.164s] Invoking command in '/home/anand/Desktop/moveo_ros2/build/gazebo_ros2_control_demos': AMENT_PREFIX_PATH=/home/anand/Desktop/moveo_ros2/install/gazebo_ros2_control:${AMENT_PREFIX_PATH} CMAKE_PREFIX_PATH=/home/anand/Desktop/moveo_ros2/install/gazebo_ros2_control:/opt/ros/humble LD_LIBRARY_PATH=/home/anand/Desktop/moveo_ros2/install/gazebo_ros2_control/lib:${LD_LIBRARY_PATH} /usr/bin/cmake --build /home/anand/Desktop/moveo_ros2/build/gazebo_ros2_control_demos -- -j4 -l4
[0.523s] [ 16%] Built target example_effort
[0.586s] [ 33%] Built target example_position
[0.603s] [ 66%] Built target example_diff_drive
[0.604s] [ 66%] Built target example_velocity
[0.606s] [ 83%] Built target example_gripper
[0.632s] [100%] Built target example_tricycle_drive
[0.649s] Invoked command in '/home/anand/Desktop/moveo_ros2/build/gazebo_ros2_control_demos' returned '0': AMENT_PREFIX_PATH=/home/anand/Desktop/moveo_ros2/install/gazebo_ros2_control:${AMENT_PREFIX_PATH} CMAKE_PREFIX_PATH=/home/anand/Desktop/moveo_ros2/install/gazebo_ros2_control:/opt/ros/humble LD_LIBRARY_PATH=/home/anand/Desktop/moveo_ros2/install/gazebo_ros2_control/lib:${LD_LIBRARY_PATH} /usr/bin/cmake --build /home/anand/Desktop/moveo_ros2/build/gazebo_ros2_control_demos -- -j4 -l4
[0.702s] Invoking command in '/home/anand/Desktop/moveo_ros2/build/gazebo_ros2_control_demos': AMENT_PREFIX_PATH=/home/anand/Desktop/moveo_ros2/install/gazebo_ros2_control:${AMENT_PREFIX_PATH} CMAKE_PREFIX_PATH=/home/anand/Desktop/moveo_ros2/install/gazebo_ros2_control:/opt/ros/humble LD_LIBRARY_PATH=/home/anand/Desktop/moveo_ros2/install/gazebo_ros2_control/lib:${LD_LIBRARY_PATH} /usr/bin/cmake --install /home/anand/Desktop/moveo_ros2/build/gazebo_ros2_control_demos
[0.769s] -- Install configuration: ""
[0.770s] -- Up-to-date: /home/anand/Desktop/moveo_ros2/install/gazebo_ros2_control_demos/share/gazebo_ros2_control_demos//launch
[0.775s] -- Up-to-date: /home/anand/Desktop/moveo_ros2/install/gazebo_ros2_control_demos/share/gazebo_ros2_control_demos//launch/gripper_mimic_joint_example.launch.py
[0.775s] -- Up-to-date: /home/anand/Desktop/moveo_ros2/install/gazebo_ros2_control_demos/share/gazebo_ros2_control_demos//launch/cart_example_velocity.launch.py
[0.776s] -- Up-to-date: /home/anand/Desktop/moveo_ros2/install/gazebo_ros2_control_demos/share/gazebo_ros2_control_demos//launch/diff_drive.launch.py
[0.776s] -- Up-to-date: /home/anand/Desktop/moveo_ros2/install/gazebo_ros2_control_demos/share/gazebo_ros2_control_demos//launch/cart_example_effort.launch.py
[0.776s] -- Up-to-date: /home/anand/Desktop/moveo_ros2/install/gazebo_ros2_control_demos/share/gazebo_ros2_control_demos//launch/cart_example_position.launch.py
[0.776s] -- Up-to-date: /home/anand/Desktop/moveo_ros2/install/gazebo_ros2_control_demos/share/gazebo_ros2_control_demos//launch/tricycle_drive.launch.py
[0.776s] -- Up-to-date: /home/anand/Desktop/moveo_ros2/install/gazebo_ros2_control_demos/share/gazebo_ros2_control_demos//config
[0.776s] -- Up-to-date: /home/anand/Desktop/moveo_ros2/install/gazebo_ros2_control_demos/share/gazebo_ros2_control_demos//config/cartpole_controller.yaml
[0.777s] -- Up-to-date: /home/anand/Desktop/moveo_ros2/install/gazebo_ros2_control_demos/share/gazebo_ros2_control_demos//config/tricycle_drive_controller.yaml
[0.777s] -- Up-to-date: /home/anand/Desktop/moveo_ros2/install/gazebo_ros2_control_demos/share/gazebo_ros2_control_demos//config/cartpole_controller_velocity.yaml
[0.777s] -- Up-to-date: /home/anand/Desktop/moveo_ros2/install/gazebo_ros2_control_demos/share/gazebo_ros2_control_demos//config/config.rviz
[0.777s] -- Up-to-date: /home/anand/Desktop/moveo_ros2/install/gazebo_ros2_control_demos/share/gazebo_ros2_control_demos//config/diff_drive_controller.yaml
[0.777s] -- Up-to-date: /home/anand/Desktop/moveo_ros2/install/gazebo_ros2_control_demos/share/gazebo_ros2_control_demos//config/cartpole_controller_effort.yaml
[0.777s] -- Up-to-date: /home/anand/Desktop/moveo_ros2/install/gazebo_ros2_control_demos/share/gazebo_ros2_control_demos//config/gripper_controller.yaml
[0.778s] -- Up-to-date: /home/anand/Desktop/moveo_ros2/install/gazebo_ros2_control_demos/share/gazebo_ros2_control_demos//urdf
[0.778s] -- Up-to-date: /home/anand/Desktop/moveo_ros2/install/gazebo_ros2_control_demos/share/gazebo_ros2_control_demos//urdf/test_tricycle_drive.xacro.urdf
[0.778s] -- Up-to-date: /home/anand/Desktop/moveo_ros2/install/gazebo_ros2_control_demos/share/gazebo_ros2_control_demos//urdf/test_cart_effort.xacro.urdf
[0.778s] -- Up-to-date: /home/anand/Desktop/moveo_ros2/install/gazebo_ros2_control_demos/share/gazebo_ros2_control_demos//urdf/test_cart_position.xacro.urdf
[0.778s] -- Up-to-date: /home/anand/Desktop/moveo_ros2/install/gazebo_ros2_control_demos/share/gazebo_ros2_control_demos//urdf/test_cart_velocity.xacro.urdf
[0.778s] -- Up-to-date: /home/anand/Desktop/moveo_ros2/install/gazebo_ros2_control_demos/share/gazebo_ros2_control_demos//urdf/test_diff_drive.xacro.urdf
[0.778s] -- Up-to-date: /home/anand/Desktop/moveo_ros2/install/gazebo_ros2_control_demos/share/gazebo_ros2_control_demos//urdf/test_gripper_mimic_joint.xacro.urdf
[0.883s] -- Up-to-date: /home/anand/Desktop/moveo_ros2/install/gazebo_ros2_control_demos/lib/gazebo_ros2_control_demos/example_position
[0.901s] -- Up-to-date: /home/anand/Desktop/moveo_ros2/install/gazebo_ros2_control_demos/lib/gazebo_ros2_control_demos/example_velocity
[0.923s] -- Up-to-date: /home/anand/Desktop/moveo_ros2/install/gazebo_ros2_control_demos/lib/gazebo_ros2_control_demos/example_effort
[0.959s] -- Up-to-date: /home/anand/Desktop/moveo_ros2/install/gazebo_ros2_control_demos/lib/gazebo_ros2_control_demos/example_diff_drive
[0.982s] -- Up-to-date: /home/anand/Desktop/moveo_ros2/install/gazebo_ros2_control_demos/lib/gazebo_ros2_control_demos/example_tricycle_drive
[1.041s] -- Up-to-date: /home/anand/Desktop/moveo_ros2/install/gazebo_ros2_control_demos/lib/gazebo_ros2_control_demos/example_gripper
[1.075s] -- Up-to-date: /home/anand/Desktop/moveo_ros2/install/gazebo_ros2_control_demos/share/ament_index/resource_index/package_run_dependencies/gazebo_ros2_control_demos
[1.076s] -- Up-to-date: /home/anand/Desktop/moveo_ros2/install/gazebo_ros2_control_demos/share/ament_index/resource_index/parent_prefix_path/gazebo_ros2_control_demos
[1.076s] -- Up-to-date: /home/anand/Desktop/moveo_ros2/install/gazebo_ros2_control_demos/share/gazebo_ros2_control_demos/environment/ament_prefix_path.sh
[1.077s] -- Up-to-date: /home/anand/Desktop/moveo_ros2/install/gazebo_ros2_control_demos/share/gazebo_ros2_control_demos/environment/ament_prefix_path.dsv
[1.077s] -- Up-to-date: /home/anand/Desktop/moveo_ros2/install/gazebo_ros2_control_demos/share/gazebo_ros2_control_demos/environment/path.sh
[1.078s] -- Up-to-date: /home/anand/Desktop/moveo_ros2/install/gazebo_ros2_control_demos/share/gazebo_ros2_control_demos/environment/path.dsv
[1.078s] -- Up-to-date: /home/anand/Desktop/moveo_ros2/install/gazebo_ros2_control_demos/share/gazebo_ros2_control_demos/local_setup.bash
[1.078s] -- Up-to-date: /home/anand/Desktop/moveo_ros2/install/gazebo_ros2_control_demos/share/gazebo_ros2_control_demos/local_setup.sh
[1.078s] -- Up-to-date: /home/anand/Desktop/moveo_ros2/install/gazebo_ros2_control_demos/share/gazebo_ros2_control_demos/local_setup.zsh
[1.078s] -- Up-to-date: /home/anand/Desktop/moveo_ros2/install/gazebo_ros2_control_demos/share/gazebo_ros2_control_demos/local_setup.dsv
[1.079s] -- Installing: /home/anand/Desktop/moveo_ros2/install/gazebo_ros2_control_demos/share/gazebo_ros2_control_demos/package.dsv
[1.087s] -- Up-to-date: /home/anand/Desktop/moveo_ros2/install/gazebo_ros2_control_demos/share/ament_index/resource_index/packages/gazebo_ros2_control_demos
[1.087s] -- Up-to-date: /home/anand/Desktop/moveo_ros2/install/gazebo_ros2_control_demos/share/gazebo_ros2_control_demos/cmake/gazebo_ros2_control_demosConfig.cmake
[1.088s] -- Up-to-date: /home/anand/Desktop/moveo_ros2/install/gazebo_ros2_control_demos/share/gazebo_ros2_control_demos/cmake/gazebo_ros2_control_demosConfig-version.cmake
[1.088s] -- Up-to-date: /home/anand/Desktop/moveo_ros2/install/gazebo_ros2_control_demos/share/gazebo_ros2_control_demos/package.xml
[1.096s] Invoked command in '/home/anand/Desktop/moveo_ros2/build/gazebo_ros2_control_demos' returned '0': AMENT_PREFIX_PATH=/home/anand/Desktop/moveo_ros2/install/gazebo_ros2_control:${AMENT_PREFIX_PATH} CMAKE_PREFIX_PATH=/home/anand/Desktop/moveo_ros2/install/gazebo_ros2_control:/opt/ros/humble LD_LIBRARY_PATH=/home/anand/Desktop/moveo_ros2/install/gazebo_ros2_control/lib:${LD_LIBRARY_PATH} /usr/bin/cmake --install /home/anand/Desktop/moveo_ros2/build/gazebo_ros2_control_demos
