[0.024s] Invoking command in '/home/anand/Desktop/moveo_ros2/build/moveo_arm': CMAKE_PREFIX_PATH=/opt/ros/humble /usr/bin/cmake --build /home/anand/Desktop/moveo_ros2/build/moveo_arm -- -j4 -l4
[0.057s] -- Found ament_cmake: 1.3.3 (/opt/ros/humble/share/ament_cmake/cmake)
[0.317s] -- Found ament_lint_auto: 0.12.5 (/opt/ros/humble/share/ament_lint_auto/cmake)
[0.451s] -- Added test 'flake8' to check Python code syntax and style conventions
[0.452s] -- Added test 'lint_cmake' to check CMake code style
[0.454s] -- Added test 'pep257' to check Python code against some of the docstring style conventions in PEP 257
[0.460s] -- Added test 'xmllint' to check XML markup files
[0.462s] -- Configuring done
[0.468s] -- Generating done
[0.477s] -- Build files have been written to: /home/anand/Desktop/moveo_ros2/build/moveo_arm
[0.610s] Invoked command in '/home/anand/Desktop/moveo_ros2/build/moveo_arm' returned '0': CMAKE_PREFIX_PATH=/opt/ros/humble /usr/bin/cmake --build /home/anand/Desktop/moveo_ros2/build/moveo_arm -- -j4 -l4
[0.657s] Invoking command in '/home/anand/Desktop/moveo_ros2/build/moveo_arm': CMAKE_PREFIX_PATH=/opt/ros/humble /usr/bin/cmake --install /home/anand/Desktop/moveo_ros2/build/moveo_arm
[0.668s] -- Install configuration: ""
[0.668s] -- Installing: /home/anand/Desktop/moveo_ros2/install/moveo_arm/share/moveo_arm/launch
[0.669s] -- Installing: /home/anand/Desktop/moveo_ros2/install/moveo_arm/share/moveo_arm/launch/start_moveit.launch.py
[0.669s] -- Installing: /home/anand/Desktop/moveo_ros2/install/moveo_arm/share/moveo_arm/urdf
[0.669s] -- Installing: /home/anand/Desktop/moveo_ros2/install/moveo_arm/share/moveo_arm/urdf/moveo_gazebo.xacro
[0.670s] -- Installing: /home/anand/Desktop/moveo_ros2/install/moveo_arm/share/moveo_arm/urdf/moveo.urdf.xacro
[0.670s] -- Installing: /home/anand/Desktop/moveo_ros2/install/moveo_arm/share/moveo_arm/urdf/moveo.urdf
[0.670s] -- Installing: /home/anand/Desktop/moveo_ros2/install/moveo_arm/share/moveo_arm/meshes
[0.670s] -- Installing: /home/anand/Desktop/moveo_ros2/install/moveo_arm/share/moveo_arm/meshes/Gripper_Servo_Gear.STL
[0.704s] -- Installing: /home/anand/Desktop/moveo_ros2/install/moveo_arm/share/moveo_arm/meshes/link5.mlp
[0.704s] -- Installing: /home/anand/Desktop/moveo_ros2/install/moveo_arm/share/moveo_arm/meshes/Pivot_Arm_Gripper_Idol.STL
[0.705s] -- Installing: /home/anand/Desktop/moveo_ros2/install/moveo_arm/share/moveo_arm/meshes/Gripper_Idol_Gear_col.STL
[0.722s] -- Installing: /home/anand/Desktop/moveo_ros2/install/moveo_arm/share/moveo_arm/meshes/Tip_Gripper_Servo.STL
[0.722s] -- Installing: /home/anand/Desktop/moveo_ros2/install/moveo_arm/share/moveo_arm/meshes/Link_2_edited.STL
[0.724s] -- Installing: /home/anand/Desktop/moveo_ros2/install/moveo_arm/share/moveo_arm/meshes/Link_3_col.STL
[0.725s] -- Installing: /home/anand/Desktop/moveo_ros2/install/moveo_arm/share/moveo_arm/meshes/Tip_Gripper_Idol.STL
[0.725s] -- Installing: /home/anand/Desktop/moveo_ros2/install/moveo_arm/share/moveo_arm/meshes/Link_5_col.STL
[0.726s] -- Installing: /home/anand/Desktop/moveo_ros2/install/moveo_arm/share/moveo_arm/meshes/base_link.STL
[0.730s] -- Installing: /home/anand/Desktop/moveo_ros2/install/moveo_arm/share/moveo_arm/meshes/Pivot_Arm_Gripper_Servo_col.STL
[0.730s] -- Installing: /home/anand/Desktop/moveo_ros2/install/moveo_arm/share/moveo_arm/meshes/Gripper_Idol_Gear.STL
[0.825s] -- Installing: /home/anand/Desktop/moveo_ros2/install/moveo_arm/share/moveo_arm/meshes/Pivot_Arm_Gripper_Servo.STL
[0.826s] -- Installing: /home/anand/Desktop/moveo_ros2/install/moveo_arm/share/moveo_arm/meshes/Link_5_edited.STL
[0.828s] -- Installing: /home/anand/Desktop/moveo_ros2/install/moveo_arm/share/moveo_arm/meshes/Link_1_edited.STL
[0.889s] -- Installing: /home/anand/Desktop/moveo_ros2/install/moveo_arm/share/moveo_arm/meshes/Link_4_edited.STL
[0.891s] -- Installing: /home/anand/Desktop/moveo_ros2/install/moveo_arm/share/moveo_arm/meshes/Gripper_Servo_Gear_col.STL
[0.892s] -- Installing: /home/anand/Desktop/moveo_ros2/install/moveo_arm/share/moveo_arm/meshes/link5col.mlp
[0.893s] -- Installing: /home/anand/Desktop/moveo_ros2/install/moveo_arm/share/moveo_arm/meshes/Link_1_col.STL
[1.052s] -- Installing: /home/anand/Desktop/moveo_ros2/install/moveo_arm/share/moveo_arm/meshes/Link_2_col.STL
[1.053s] -- Installing: /home/anand/Desktop/moveo_ros2/install/moveo_arm/share/moveo_arm/meshes/Tip_Gripper_Idol_col.STL
[1.054s] -- Installing: /home/anand/Desktop/moveo_ros2/install/moveo_arm/share/moveo_arm/meshes/Pivot_Arm_Gripper_Idol_col.STL
[1.054s] -- Installing: /home/anand/Desktop/moveo_ros2/install/moveo_arm/share/moveo_arm/meshes/Tip_Gripper_Servo_col.STL
[1.055s] -- Installing: /home/anand/Desktop/moveo_ros2/install/moveo_arm/share/moveo_arm/meshes/Link_4_col.STL
[1.056s] -- Installing: /home/anand/Desktop/moveo_ros2/install/moveo_arm/share/moveo_arm/meshes/Link_3_edited.STL
[1.058s] -- Installing: /home/anand/Desktop/moveo_ros2/install/moveo_arm/share/moveo_arm/meshes/base_link_col.STL
[1.059s] -- Up-to-date: /home/anand/Desktop/moveo_ros2/install/moveo_arm/share/ament_index/resource_index/package_run_dependencies/moveo_arm
[1.060s] -- Up-to-date: /home/anand/Desktop/moveo_ros2/install/moveo_arm/share/ament_index/resource_index/parent_prefix_path/moveo_arm
[1.060s] -- Up-to-date: /home/anand/Desktop/moveo_ros2/install/moveo_arm/share/moveo_arm/environment/ament_prefix_path.sh
[1.061s] -- Installing: /home/anand/Desktop/moveo_ros2/install/moveo_arm/share/moveo_arm/environment/ament_prefix_path.dsv
[1.062s] -- Up-to-date: /home/anand/Desktop/moveo_ros2/install/moveo_arm/share/moveo_arm/environment/path.sh
[1.062s] -- Installing: /home/anand/Desktop/moveo_ros2/install/moveo_arm/share/moveo_arm/environment/path.dsv
[1.063s] -- Up-to-date: /home/anand/Desktop/moveo_ros2/install/moveo_arm/share/moveo_arm/local_setup.bash
[1.063s] -- Up-to-date: /home/anand/Desktop/moveo_ros2/install/moveo_arm/share/moveo_arm/local_setup.sh
[1.064s] -- Up-to-date: /home/anand/Desktop/moveo_ros2/install/moveo_arm/share/moveo_arm/local_setup.zsh
[1.065s] -- Installing: /home/anand/Desktop/moveo_ros2/install/moveo_arm/share/moveo_arm/local_setup.dsv
[1.065s] -- Installing: /home/anand/Desktop/moveo_ros2/install/moveo_arm/share/moveo_arm/package.dsv
[1.066s] -- Up-to-date: /home/anand/Desktop/moveo_ros2/install/moveo_arm/share/ament_index/resource_index/packages/moveo_arm
[1.066s] -- Up-to-date: /home/anand/Desktop/moveo_ros2/install/moveo_arm/share/moveo_arm/cmake/moveo_armConfig.cmake
[1.067s] -- Up-to-date: /home/anand/Desktop/moveo_ros2/install/moveo_arm/share/moveo_arm/cmake/moveo_armConfig-version.cmake
[1.067s] -- Up-to-date: /home/anand/Desktop/moveo_ros2/install/moveo_arm/share/moveo_arm/package.xml
[1.072s] Invoked command in '/home/anand/Desktop/moveo_ros2/build/moveo_arm' returned '0': CMAKE_PREFIX_PATH=/opt/ros/humble /usr/bin/cmake --install /home/anand/Desktop/moveo_ros2/build/moveo_arm
