[0.260s] Invoking command in '/home/anand/Desktop/moveo_ros2/build/moveo_arm': CMAKE_PREFIX_PATH=${CMAKE_PREFIX_PATH}:/opt/ros/humble /usr/bin/cmake --build /home/anand/Desktop/moveo_ros2/build/moveo_arm -- -j4 -l4
[3.948s] Invoked command in '/home/anand/Desktop/moveo_ros2/build/moveo_arm' returned '0': CMAKE_PREFIX_PATH=${CMAKE_PREFIX_PATH}:/opt/ros/humble /usr/bin/cmake --build /home/anand/Desktop/moveo_ros2/build/moveo_arm -- -j4 -l4
[4.000s] Invoking command in '/home/anand/Desktop/moveo_ros2/build/moveo_arm': CMAKE_PREFIX_PATH=${CMAKE_PREFIX_PATH}:/opt/ros/humble /usr/bin/cmake --install /home/anand/Desktop/moveo_ros2/build/moveo_arm
[4.031s] -- Install configuration: ""
[4.032s] -- Up-to-date: /home/anand/Desktop/moveo_ros2/install/moveo_arm/share/moveo_arm/launch
[4.032s] -- Up-to-date: /home/anand/Desktop/moveo_ros2/install/moveo_arm/share/moveo_arm/launch/moveit_gazebo.launch.py
[4.033s] -- Up-to-date: /home/anand/Desktop/moveo_ros2/install/moveo_arm/share/moveo_arm/launch/moveit.launch.py
[4.033s] -- Installing: /home/anand/Desktop/moveo_ros2/install/moveo_arm/share/moveo_arm/launch/start_moveit.launch.py
[4.033s] -- Up-to-date: /home/anand/Desktop/moveo_ros2/install/moveo_arm/share/moveo_arm/urdf
[4.033s] -- Up-to-date: /home/anand/Desktop/moveo_ros2/install/moveo_arm/share/moveo_arm/urdf/moveo_gazebo.xacro
[4.034s] -- Up-to-date: /home/anand/Desktop/moveo_ros2/install/moveo_arm/share/moveo_arm/urdf/moveo.urdf.xacro
[4.034s] -- Up-to-date: /home/anand/Desktop/moveo_ros2/install/moveo_arm/share/moveo_arm/urdf/moveo.urdf
[4.034s] -- Up-to-date: /home/anand/Desktop/moveo_ros2/install/moveo_arm/share/moveo_arm/meshes
[4.064s] -- Up-to-date: /home/anand/Desktop/moveo_ros2/install/moveo_arm/share/moveo_arm/meshes/Gripper_Servo_Gear.STL
[4.065s] -- Up-to-date: /home/anand/Desktop/moveo_ros2/install/moveo_arm/share/moveo_arm/meshes/link5.mlp
[4.065s] -- Up-to-date: /home/anand/Desktop/moveo_ros2/install/moveo_arm/share/moveo_arm/meshes/Pivot_Arm_Gripper_Idol.STL
[4.066s] -- Up-to-date: /home/anand/Desktop/moveo_ros2/install/moveo_arm/share/moveo_arm/meshes/Gripper_Idol_Gear_col.STL
[4.066s] -- Up-to-date: /home/anand/Desktop/moveo_ros2/install/moveo_arm/share/moveo_arm/meshes/Tip_Gripper_Servo.STL
[4.067s] -- Up-to-date: /home/anand/Desktop/moveo_ros2/install/moveo_arm/share/moveo_arm/meshes/Link_2_edited.STL
[4.067s] -- Up-to-date: /home/anand/Desktop/moveo_ros2/install/moveo_arm/share/moveo_arm/meshes/Link_3_col.STL
[4.068s] -- Up-to-date: /home/anand/Desktop/moveo_ros2/install/moveo_arm/share/moveo_arm/meshes/Tip_Gripper_Idol.STL
[4.068s] -- Up-to-date: /home/anand/Desktop/moveo_ros2/install/moveo_arm/share/moveo_arm/meshes/Link_5_col.STL
[4.069s] -- Up-to-date: /home/anand/Desktop/moveo_ros2/install/moveo_arm/share/moveo_arm/meshes/base_link.STL
[4.069s] -- Up-to-date: /home/anand/Desktop/moveo_ros2/install/moveo_arm/share/moveo_arm/meshes/Pivot_Arm_Gripper_Servo_col.STL
[4.070s] -- Up-to-date: /home/anand/Desktop/moveo_ros2/install/moveo_arm/share/moveo_arm/meshes/Gripper_Idol_Gear.STL
[4.070s] -- Up-to-date: /home/anand/Desktop/moveo_ros2/install/moveo_arm/share/moveo_arm/meshes/Pivot_Arm_Gripper_Servo.STL
[4.070s] -- Up-to-date: /home/anand/Desktop/moveo_ros2/install/moveo_arm/share/moveo_arm/meshes/Link_5_edited.STL
[4.071s] -- Up-to-date: /home/anand/Desktop/moveo_ros2/install/moveo_arm/share/moveo_arm/meshes/Link_1_edited.STL
[4.071s] -- Up-to-date: /home/anand/Desktop/moveo_ros2/install/moveo_arm/share/moveo_arm/meshes/Link_4_edited.STL
[4.071s] -- Up-to-date: /home/anand/Desktop/moveo_ros2/install/moveo_arm/share/moveo_arm/meshes/Gripper_Servo_Gear_col.STL
[4.071s] -- Up-to-date: /home/anand/Desktop/moveo_ros2/install/moveo_arm/share/moveo_arm/meshes/link5col.mlp
[4.072s] -- Up-to-date: /home/anand/Desktop/moveo_ros2/install/moveo_arm/share/moveo_arm/meshes/Link_1_col.STL
[4.072s] -- Up-to-date: /home/anand/Desktop/moveo_ros2/install/moveo_arm/share/moveo_arm/meshes/Link_2_col.STL
[4.072s] -- Up-to-date: /home/anand/Desktop/moveo_ros2/install/moveo_arm/share/moveo_arm/meshes/Tip_Gripper_Idol_col.STL
[4.073s] -- Up-to-date: /home/anand/Desktop/moveo_ros2/install/moveo_arm/share/moveo_arm/meshes/Pivot_Arm_Gripper_Idol_col.STL
[4.073s] -- Up-to-date: /home/anand/Desktop/moveo_ros2/install/moveo_arm/share/moveo_arm/meshes/Tip_Gripper_Servo_col.STL
[4.073s] -- Up-to-date: /home/anand/Desktop/moveo_ros2/install/moveo_arm/share/moveo_arm/meshes/Link_4_col.STL
[4.074s] -- Up-to-date: /home/anand/Desktop/moveo_ros2/install/moveo_arm/share/moveo_arm/meshes/Link_3_edited.STL
[4.074s] -- Up-to-date: /home/anand/Desktop/moveo_ros2/install/moveo_arm/share/moveo_arm/meshes/base_link_col.STL
[4.074s] -- Up-to-date: /home/anand/Desktop/moveo_ros2/install/moveo_arm/share/ament_index/resource_index/package_run_dependencies/moveo_arm
[4.075s] -- Up-to-date: /home/anand/Desktop/moveo_ros2/install/moveo_arm/share/ament_index/resource_index/parent_prefix_path/moveo_arm
[4.075s] -- Up-to-date: /home/anand/Desktop/moveo_ros2/install/moveo_arm/share/moveo_arm/environment/ament_prefix_path.sh
[4.075s] -- Up-to-date: /home/anand/Desktop/moveo_ros2/install/moveo_arm/share/moveo_arm/environment/ament_prefix_path.dsv
[4.075s] -- Up-to-date: /home/anand/Desktop/moveo_ros2/install/moveo_arm/share/moveo_arm/environment/path.sh
[4.076s] -- Up-to-date: /home/anand/Desktop/moveo_ros2/install/moveo_arm/share/moveo_arm/environment/path.dsv
[4.076s] -- Up-to-date: /home/anand/Desktop/moveo_ros2/install/moveo_arm/share/moveo_arm/local_setup.bash
[4.076s] -- Up-to-date: /home/anand/Desktop/moveo_ros2/install/moveo_arm/share/moveo_arm/local_setup.sh
[4.077s] -- Up-to-date: /home/anand/Desktop/moveo_ros2/install/moveo_arm/share/moveo_arm/local_setup.zsh
[4.077s] -- Up-to-date: /home/anand/Desktop/moveo_ros2/install/moveo_arm/share/moveo_arm/local_setup.dsv
[4.077s] -- Installing: /home/anand/Desktop/moveo_ros2/install/moveo_arm/share/moveo_arm/package.dsv
[4.113s] -- Up-to-date: /home/anand/Desktop/moveo_ros2/install/moveo_arm/share/ament_index/resource_index/packages/moveo_arm
[4.114s] -- Up-to-date: /home/anand/Desktop/moveo_ros2/install/moveo_arm/share/moveo_arm/cmake/moveo_armConfig.cmake
[4.114s] -- Up-to-date: /home/anand/Desktop/moveo_ros2/install/moveo_arm/share/moveo_arm/cmake/moveo_armConfig-version.cmake
[4.114s] -- Up-to-date: /home/anand/Desktop/moveo_ros2/install/moveo_arm/share/moveo_arm/package.xml
[4.119s] Invoked command in '/home/anand/Desktop/moveo_ros2/build/moveo_arm' returned '0': CMAKE_PREFIX_PATH=${CMAKE_PREFIX_PATH}:/opt/ros/humble /usr/bin/cmake --install /home/anand/Desktop/moveo_ros2/build/moveo_arm
