[23.768s] DEBUG:colcon:Command line arguments: ['/usr/bin/colcon', 'build']
[23.768s] DEBUG:colcon:Parsed command line arguments: Namespace(log_base=None, log_level=None, verb_name='build', build_base='build', install_base='install', merge_install=False, symlink_install=False, test_result_base=None, continue_on_error=False, executor='parallel', parallel_workers=4, event_handlers=None, ignore_user_meta=False, metas=['./colcon.meta'], base_paths=['.'], packages_ignore=None, packages_ignore_regex=None, paths=None, packages_up_to=None, packages_up_to_regex=None, packages_above=None, packages_above_and_dependencies=None, packages_above_depth=None, packages_select_by_dep=None, packages_skip_by_dep=None, packages_skip_up_to=None, packages_select_build_failed=False, packages_skip_build_finished=False, packages_select_test_failures=False, packages_skip_test_passed=False, packages_select=None, packages_skip=None, packages_select_regex=None, packages_skip_regex=None, packages_start=None, packages_end=None, allow_overriding=[], cmake_args=None, cmake_target=None, cmake_target_skip_unavailable=False, cmake_clean_cache=False, cmake_clean_first=False, cmake_force_configure=False, ament_cmake_args=None, catkin_cmake_args=None, catkin_skip_building_tests=False, verb_parser=<colcon_defaults.argument_parser.defaults.DefaultArgumentsDecorator object at 0x7f4e65d43340>, verb_extension=<colcon_core.verb.build.BuildVerb object at 0x7f4e6654c5e0>, main=<bound method BuildVerb.main of <colcon_core.verb.build.BuildVerb object at 0x7f4e6654c5e0>>)
[25.601s] Level 1:colcon.colcon_core.package_discovery:discover_packages(colcon_meta) check parameters
[25.601s] Level 1:colcon.colcon_core.package_discovery:discover_packages(recursive) check parameters
[25.601s] Level 1:colcon.colcon_core.package_discovery:discover_packages(ignore) check parameters
[25.602s] Level 1:colcon.colcon_core.package_discovery:discover_packages(path) check parameters
[25.602s] Level 1:colcon.colcon_core.package_discovery:discover_packages(colcon_meta) discover
[25.602s] Level 1:colcon.colcon_core.package_discovery:discover_packages(recursive) discover
[25.602s] INFO:colcon.colcon_core.package_discovery:Crawling recursively for packages in '/home/anand/Desktop/moveo_ros2'
[25.602s] Level 1:colcon.colcon_core.package_identification:_identify(.) by extensions ['ignore', 'ignore_ament_install']
[25.603s] Level 1:colcon.colcon_core.package_identification:_identify(.) by extension 'ignore'
[25.603s] Level 1:colcon.colcon_core.package_identification:_identify(.) by extension 'ignore_ament_install'
[25.603s] Level 1:colcon.colcon_core.package_identification:_identify(.) by extensions ['colcon_pkg']
[25.603s] Level 1:colcon.colcon_core.package_identification:_identify(.) by extension 'colcon_pkg'
[25.603s] Level 1:colcon.colcon_core.package_identification:_identify(.) by extensions ['colcon_meta']
[25.604s] Level 1:colcon.colcon_core.package_identification:_identify(.) by extension 'colcon_meta'
[25.604s] Level 1:colcon.colcon_core.package_identification:_identify(.) by extensions ['ros']
[25.604s] Level 1:colcon.colcon_core.package_identification:_identify(.) by extension 'ros'
[25.804s] Level 1:colcon.colcon_core.package_identification:_identify(.) by extensions ['cmake', 'python']
[25.804s] Level 1:colcon.colcon_core.package_identification:_identify(.) by extension 'cmake'
[25.804s] Level 1:colcon.colcon_core.package_identification:_identify(.) by extension 'python'
[25.805s] Level 1:colcon.colcon_core.package_identification:_identify(.) by extensions ['python_setup_py']
[25.805s] Level 1:colcon.colcon_core.package_identification:_identify(.) by extension 'python_setup_py'
[25.874s] Level 1:colcon.colcon_core.package_identification:_identify(build) by extensions ['ignore', 'ignore_ament_install']
[25.874s] Level 1:colcon.colcon_core.package_identification:_identify(build) by extension 'ignore'
[25.875s] Level 1:colcon.colcon_core.package_identification:_identify(build) ignored
[25.876s] Level 1:colcon.colcon_core.package_identification:_identify(install) by extensions ['ignore', 'ignore_ament_install']
[25.876s] Level 1:colcon.colcon_core.package_identification:_identify(install) by extension 'ignore'
[25.876s] Level 1:colcon.colcon_core.package_identification:_identify(install) ignored
[25.877s] Level 1:colcon.colcon_core.package_identification:_identify(log) by extensions ['ignore', 'ignore_ament_install']
[25.877s] Level 1:colcon.colcon_core.package_identification:_identify(log) by extension 'ignore'
[25.877s] Level 1:colcon.colcon_core.package_identification:_identify(log) ignored
[25.877s] Level 1:colcon.colcon_core.package_identification:_identify(src) by extensions ['ignore', 'ignore_ament_install']
[25.878s] Level 1:colcon.colcon_core.package_identification:_identify(src) by extension 'ignore'
[25.878s] Level 1:colcon.colcon_core.package_identification:_identify(src) by extension 'ignore_ament_install'
[25.878s] Level 1:colcon.colcon_core.package_identification:_identify(src) by extensions ['colcon_pkg']
[25.878s] Level 1:colcon.colcon_core.package_identification:_identify(src) by extension 'colcon_pkg'
[25.878s] Level 1:colcon.colcon_core.package_identification:_identify(src) by extensions ['colcon_meta']
[25.879s] Level 1:colcon.colcon_core.package_identification:_identify(src) by extension 'colcon_meta'
[25.879s] Level 1:colcon.colcon_core.package_identification:_identify(src) by extensions ['ros']
[25.879s] Level 1:colcon.colcon_core.package_identification:_identify(src) by extension 'ros'
[25.879s] Level 1:colcon.colcon_core.package_identification:_identify(src) by extensions ['cmake', 'python']
[25.879s] Level 1:colcon.colcon_core.package_identification:_identify(src) by extension 'cmake'
[25.880s] Level 1:colcon.colcon_core.package_identification:_identify(src) by extension 'python'
[25.880s] Level 1:colcon.colcon_core.package_identification:_identify(src) by extensions ['python_setup_py']
[25.880s] Level 1:colcon.colcon_core.package_identification:_identify(src) by extension 'python_setup_py'
[25.880s] Level 1:colcon.colcon_core.package_identification:_identify(src/diffdrive_arduino) by extensions ['ignore', 'ignore_ament_install']
[25.881s] Level 1:colcon.colcon_core.package_identification:_identify(src/diffdrive_arduino) by extension 'ignore'
[25.881s] Level 1:colcon.colcon_core.package_identification:_identify(src/diffdrive_arduino) by extension 'ignore_ament_install'
[25.881s] Level 1:colcon.colcon_core.package_identification:_identify(src/diffdrive_arduino) by extensions ['colcon_pkg']
[25.881s] Level 1:colcon.colcon_core.package_identification:_identify(src/diffdrive_arduino) by extension 'colcon_pkg'
[25.881s] Level 1:colcon.colcon_core.package_identification:_identify(src/diffdrive_arduino) by extensions ['colcon_meta']
[25.881s] Level 1:colcon.colcon_core.package_identification:_identify(src/diffdrive_arduino) by extension 'colcon_meta'
[25.882s] Level 1:colcon.colcon_core.package_identification:_identify(src/diffdrive_arduino) by extensions ['ros']
[25.882s] Level 1:colcon.colcon_core.package_identification:_identify(src/diffdrive_arduino) by extension 'ros'
[25.979s] DEBUG:colcon.colcon_core.package_identification:Package 'src/diffdrive_arduino' with type 'ros.ament_cmake' and name 'diffdrive_arduino'
[26.070s] Level 1:colcon.colcon_core.package_identification:_identify(src/gazebo_ros2_control) by extensions ['ignore', 'ignore_ament_install']
[26.070s] Level 1:colcon.colcon_core.package_identification:_identify(src/gazebo_ros2_control) by extension 'ignore'
[26.071s] Level 1:colcon.colcon_core.package_identification:_identify(src/gazebo_ros2_control) by extension 'ignore_ament_install'
[26.071s] Level 1:colcon.colcon_core.package_identification:_identify(src/gazebo_ros2_control) by extensions ['colcon_pkg']
[26.071s] Level 1:colcon.colcon_core.package_identification:_identify(src/gazebo_ros2_control) by extension 'colcon_pkg'
[26.071s] Level 1:colcon.colcon_core.package_identification:_identify(src/gazebo_ros2_control) by extensions ['colcon_meta']
[26.071s] Level 1:colcon.colcon_core.package_identification:_identify(src/gazebo_ros2_control) by extension 'colcon_meta'
[26.072s] Level 1:colcon.colcon_core.package_identification:_identify(src/gazebo_ros2_control) by extensions ['ros']
[26.072s] Level 1:colcon.colcon_core.package_identification:_identify(src/gazebo_ros2_control) by extension 'ros'
[26.119s] DEBUG:colcon.colcon_core.package_identification:Package 'src/gazebo_ros2_control' with type 'ros.ament_cmake' and name 'gazebo_ros2_control'
[26.120s] Level 1:colcon.colcon_core.package_identification:_identify(src/gazebo_ros2_control_demos) by extensions ['ignore', 'ignore_ament_install']
[26.120s] Level 1:colcon.colcon_core.package_identification:_identify(src/gazebo_ros2_control_demos) by extension 'ignore'
[26.120s] Level 1:colcon.colcon_core.package_identification:_identify(src/gazebo_ros2_control_demos) by extension 'ignore_ament_install'
[26.120s] Level 1:colcon.colcon_core.package_identification:_identify(src/gazebo_ros2_control_demos) by extensions ['colcon_pkg']
[26.121s] Level 1:colcon.colcon_core.package_identification:_identify(src/gazebo_ros2_control_demos) by extension 'colcon_pkg'
[26.121s] Level 1:colcon.colcon_core.package_identification:_identify(src/gazebo_ros2_control_demos) by extensions ['colcon_meta']
[26.121s] Level 1:colcon.colcon_core.package_identification:_identify(src/gazebo_ros2_control_demos) by extension 'colcon_meta'
[26.121s] Level 1:colcon.colcon_core.package_identification:_identify(src/gazebo_ros2_control_demos) by extensions ['ros']
[26.121s] Level 1:colcon.colcon_core.package_identification:_identify(src/gazebo_ros2_control_demos) by extension 'ros'
[26.187s] DEBUG:colcon.colcon_core.package_identification:Package 'src/gazebo_ros2_control_demos' with type 'ros.ament_cmake' and name 'gazebo_ros2_control_demos'
[26.188s] Level 1:colcon.colcon_core.package_identification:_identify(src/moveo_arm) by extensions ['ignore', 'ignore_ament_install']
[26.188s] Level 1:colcon.colcon_core.package_identification:_identify(src/moveo_arm) by extension 'ignore'
[26.188s] Level 1:colcon.colcon_core.package_identification:_identify(src/moveo_arm) by extension 'ignore_ament_install'
[26.189s] Level 1:colcon.colcon_core.package_identification:_identify(src/moveo_arm) by extensions ['colcon_pkg']
[26.189s] Level 1:colcon.colcon_core.package_identification:_identify(src/moveo_arm) by extension 'colcon_pkg'
[26.189s] Level 1:colcon.colcon_core.package_identification:_identify(src/moveo_arm) by extensions ['colcon_meta']
[26.189s] Level 1:colcon.colcon_core.package_identification:_identify(src/moveo_arm) by extension 'colcon_meta'
[26.189s] Level 1:colcon.colcon_core.package_identification:_identify(src/moveo_arm) by extensions ['ros']
[26.189s] Level 1:colcon.colcon_core.package_identification:_identify(src/moveo_arm) by extension 'ros'
[26.204s] DEBUG:colcon.colcon_core.package_identification:Package 'src/moveo_arm' with type 'ros.ament_cmake' and name 'moveo_arm'
[26.205s] Level 1:colcon.colcon_core.package_identification:_identify(src/moveo_moveit_config) by extensions ['ignore', 'ignore_ament_install']
[26.205s] Level 1:colcon.colcon_core.package_identification:_identify(src/moveo_moveit_config) by extension 'ignore'
[26.205s] Level 1:colcon.colcon_core.package_identification:_identify(src/moveo_moveit_config) by extension 'ignore_ament_install'
[26.205s] Level 1:colcon.colcon_core.package_identification:_identify(src/moveo_moveit_config) by extensions ['colcon_pkg']
[26.206s] Level 1:colcon.colcon_core.package_identification:_identify(src/moveo_moveit_config) by extension 'colcon_pkg'
[26.206s] Level 1:colcon.colcon_core.package_identification:_identify(src/moveo_moveit_config) by extensions ['colcon_meta']
[26.206s] Level 1:colcon.colcon_core.package_identification:_identify(src/moveo_moveit_config) by extension 'colcon_meta'
[26.206s] Level 1:colcon.colcon_core.package_identification:_identify(src/moveo_moveit_config) by extensions ['ros']
[26.206s] Level 1:colcon.colcon_core.package_identification:_identify(src/moveo_moveit_config) by extension 'ros'
[26.223s] DEBUG:colcon.colcon_core.package_identification:Package 'src/moveo_moveit_config' with type 'ros.ament_cmake' and name 'moveo_moveit_config'
[26.273s] Level 1:colcon.colcon_core.package_identification:_identify(src/serial) by extensions ['ignore', 'ignore_ament_install']
[26.274s] Level 1:colcon.colcon_core.package_identification:_identify(src/serial) by extension 'ignore'
[26.274s] Level 1:colcon.colcon_core.package_identification:_identify(src/serial) by extension 'ignore_ament_install'
[26.274s] Level 1:colcon.colcon_core.package_identification:_identify(src/serial) by extensions ['colcon_pkg']
[26.274s] Level 1:colcon.colcon_core.package_identification:_identify(src/serial) by extension 'colcon_pkg'
[26.274s] Level 1:colcon.colcon_core.package_identification:_identify(src/serial) by extensions ['colcon_meta']
[26.275s] Level 1:colcon.colcon_core.package_identification:_identify(src/serial) by extension 'colcon_meta'
[26.275s] Level 1:colcon.colcon_core.package_identification:_identify(src/serial) by extensions ['ros']
[26.275s] Level 1:colcon.colcon_core.package_identification:_identify(src/serial) by extension 'ros'
[26.295s] DEBUG:colcon.colcon_core.package_identification:Package 'src/serial' with type 'ros.ament_cmake' and name 'serial'
[26.296s] Level 1:colcon.colcon_core.package_discovery:discover_packages(recursive) using defaults
[26.296s] Level 1:colcon.colcon_core.package_discovery:discover_packages(ignore) discover
[26.296s] Level 1:colcon.colcon_core.package_discovery:discover_packages(ignore) using defaults
[26.296s] Level 1:colcon.colcon_core.package_discovery:discover_packages(path) discover
[26.296s] Level 1:colcon.colcon_core.package_discovery:discover_packages(path) using defaults
[27.424s] Level 1:colcon.colcon_core.package_discovery:discover_packages(prefix_path) check parameters
[27.425s] Level 1:colcon.colcon_core.package_discovery:discover_packages(prefix_path) discover
[27.546s] DEBUG:colcon.colcon_installed_package_information.package_discovery:Found 6 installed packages in /home/anand/Desktop/moveo_ros2/install
[27.604s] DEBUG:colcon.colcon_installed_package_information.package_discovery:Found 392 installed packages in /opt/ros/humble
[27.613s] Level 1:colcon.colcon_core.package_discovery:discover_packages(prefix_path) using defaults
[37.296s] Level 5:colcon.colcon_core.verb:set package 'gazebo_ros2_control' build argument 'cmake_args' from command line to 'None'
[37.296s] Level 5:colcon.colcon_core.verb:set package 'gazebo_ros2_control' build argument 'cmake_target' from command line to 'None'
[37.296s] Level 5:colcon.colcon_core.verb:set package 'gazebo_ros2_control' build argument 'cmake_target_skip_unavailable' from command line to 'False'
[37.296s] Level 5:colcon.colcon_core.verb:set package 'gazebo_ros2_control' build argument 'cmake_clean_cache' from command line to 'False'
[37.296s] Level 5:colcon.colcon_core.verb:set package 'gazebo_ros2_control' build argument 'cmake_clean_first' from command line to 'False'
[37.296s] Level 5:colcon.colcon_core.verb:set package 'gazebo_ros2_control' build argument 'cmake_force_configure' from command line to 'False'
[37.296s] Level 5:colcon.colcon_core.verb:set package 'gazebo_ros2_control' build argument 'ament_cmake_args' from command line to 'None'
[37.296s] Level 5:colcon.colcon_core.verb:set package 'gazebo_ros2_control' build argument 'catkin_cmake_args' from command line to 'None'
[37.297s] Level 5:colcon.colcon_core.verb:set package 'gazebo_ros2_control' build argument 'catkin_skip_building_tests' from command line to 'False'
[37.297s] DEBUG:colcon.colcon_core.verb:Building package 'gazebo_ros2_control' with the following arguments: {'ament_cmake_args': None, 'build_base': '/home/anand/Desktop/moveo_ros2/build/gazebo_ros2_control', 'catkin_cmake_args': None, 'catkin_skip_building_tests': False, 'cmake_args': None, 'cmake_clean_cache': False, 'cmake_clean_first': False, 'cmake_force_configure': False, 'cmake_target': None, 'cmake_target_skip_unavailable': False, 'install_base': '/home/anand/Desktop/moveo_ros2/install/gazebo_ros2_control', 'merge_install': False, 'path': '/home/anand/Desktop/moveo_ros2/src/gazebo_ros2_control', 'symlink_install': False, 'test_result_base': None}
[37.298s] Level 5:colcon.colcon_core.verb:set package 'moveo_arm' build argument 'cmake_args' from command line to 'None'
[37.298s] Level 5:colcon.colcon_core.verb:set package 'moveo_arm' build argument 'cmake_target' from command line to 'None'
[37.299s] Level 5:colcon.colcon_core.verb:set package 'moveo_arm' build argument 'cmake_target_skip_unavailable' from command line to 'False'
[37.299s] Level 5:colcon.colcon_core.verb:set package 'moveo_arm' build argument 'cmake_clean_cache' from command line to 'False'
[37.299s] Level 5:colcon.colcon_core.verb:set package 'moveo_arm' build argument 'cmake_clean_first' from command line to 'False'
[37.299s] Level 5:colcon.colcon_core.verb:set package 'moveo_arm' build argument 'cmake_force_configure' from command line to 'False'
[37.299s] Level 5:colcon.colcon_core.verb:set package 'moveo_arm' build argument 'ament_cmake_args' from command line to 'None'
[37.299s] Level 5:colcon.colcon_core.verb:set package 'moveo_arm' build argument 'catkin_cmake_args' from command line to 'None'
[37.299s] Level 5:colcon.colcon_core.verb:set package 'moveo_arm' build argument 'catkin_skip_building_tests' from command line to 'False'
[37.299s] DEBUG:colcon.colcon_core.verb:Building package 'moveo_arm' with the following arguments: {'ament_cmake_args': None, 'build_base': '/home/anand/Desktop/moveo_ros2/build/moveo_arm', 'catkin_cmake_args': None, 'catkin_skip_building_tests': False, 'cmake_args': None, 'cmake_clean_cache': False, 'cmake_clean_first': False, 'cmake_force_configure': False, 'cmake_target': None, 'cmake_target_skip_unavailable': False, 'install_base': '/home/anand/Desktop/moveo_ros2/install/moveo_arm', 'merge_install': False, 'path': '/home/anand/Desktop/moveo_ros2/src/moveo_arm', 'symlink_install': False, 'test_result_base': None}
[37.301s] Level 5:colcon.colcon_core.verb:set package 'serial' build argument 'cmake_args' from command line to 'None'
[37.301s] Level 5:colcon.colcon_core.verb:set package 'serial' build argument 'cmake_target' from command line to 'None'
[37.301s] Level 5:colcon.colcon_core.verb:set package 'serial' build argument 'cmake_target_skip_unavailable' from command line to 'False'
[37.301s] Level 5:colcon.colcon_core.verb:set package 'serial' build argument 'cmake_clean_cache' from command line to 'False'
[37.301s] Level 5:colcon.colcon_core.verb:set package 'serial' build argument 'cmake_clean_first' from command line to 'False'
[37.301s] Level 5:colcon.colcon_core.verb:set package 'serial' build argument 'cmake_force_configure' from command line to 'False'
[37.301s] Level 5:colcon.colcon_core.verb:set package 'serial' build argument 'ament_cmake_args' from command line to 'None'
[37.301s] Level 5:colcon.colcon_core.verb:set package 'serial' build argument 'catkin_cmake_args' from command line to 'None'
[37.301s] Level 5:colcon.colcon_core.verb:set package 'serial' build argument 'catkin_skip_building_tests' from command line to 'False'
[37.301s] DEBUG:colcon.colcon_core.verb:Building package 'serial' with the following arguments: {'ament_cmake_args': None, 'build_base': '/home/anand/Desktop/moveo_ros2/build/serial', 'catkin_cmake_args': None, 'catkin_skip_building_tests': False, 'cmake_args': None, 'cmake_clean_cache': False, 'cmake_clean_first': False, 'cmake_force_configure': False, 'cmake_target': None, 'cmake_target_skip_unavailable': False, 'install_base': '/home/anand/Desktop/moveo_ros2/install/serial', 'merge_install': False, 'path': '/home/anand/Desktop/moveo_ros2/src/serial', 'symlink_install': False, 'test_result_base': None}
[37.303s] Level 5:colcon.colcon_core.verb:set package 'diffdrive_arduino' build argument 'cmake_args' from command line to 'None'
[37.303s] Level 5:colcon.colcon_core.verb:set package 'diffdrive_arduino' build argument 'cmake_target' from command line to 'None'
[37.303s] Level 5:colcon.colcon_core.verb:set package 'diffdrive_arduino' build argument 'cmake_target_skip_unavailable' from command line to 'False'
[37.303s] Level 5:colcon.colcon_core.verb:set package 'diffdrive_arduino' build argument 'cmake_clean_cache' from command line to 'False'
[37.303s] Level 5:colcon.colcon_core.verb:set package 'diffdrive_arduino' build argument 'cmake_clean_first' from command line to 'False'
[37.303s] Level 5:colcon.colcon_core.verb:set package 'diffdrive_arduino' build argument 'cmake_force_configure' from command line to 'False'
[37.303s] Level 5:colcon.colcon_core.verb:set package 'diffdrive_arduino' build argument 'ament_cmake_args' from command line to 'None'
[37.303s] Level 5:colcon.colcon_core.verb:set package 'diffdrive_arduino' build argument 'catkin_cmake_args' from command line to 'None'
[37.303s] Level 5:colcon.colcon_core.verb:set package 'diffdrive_arduino' build argument 'catkin_skip_building_tests' from command line to 'False'
[37.303s] DEBUG:colcon.colcon_core.verb:Building package 'diffdrive_arduino' with the following arguments: {'ament_cmake_args': None, 'build_base': '/home/anand/Desktop/moveo_ros2/build/diffdrive_arduino', 'catkin_cmake_args': None, 'catkin_skip_building_tests': False, 'cmake_args': None, 'cmake_clean_cache': False, 'cmake_clean_first': False, 'cmake_force_configure': False, 'cmake_target': None, 'cmake_target_skip_unavailable': False, 'install_base': '/home/anand/Desktop/moveo_ros2/install/diffdrive_arduino', 'merge_install': False, 'path': '/home/anand/Desktop/moveo_ros2/src/diffdrive_arduino', 'symlink_install': False, 'test_result_base': None}
[37.305s] Level 5:colcon.colcon_core.verb:set package 'gazebo_ros2_control_demos' build argument 'cmake_args' from command line to 'None'
[37.305s] Level 5:colcon.colcon_core.verb:set package 'gazebo_ros2_control_demos' build argument 'cmake_target' from command line to 'None'
[37.305s] Level 5:colcon.colcon_core.verb:set package 'gazebo_ros2_control_demos' build argument 'cmake_target_skip_unavailable' from command line to 'False'
[37.305s] Level 5:colcon.colcon_core.verb:set package 'gazebo_ros2_control_demos' build argument 'cmake_clean_cache' from command line to 'False'
[37.305s] Level 5:colcon.colcon_core.verb:set package 'gazebo_ros2_control_demos' build argument 'cmake_clean_first' from command line to 'False'
[37.306s] Level 5:colcon.colcon_core.verb:set package 'gazebo_ros2_control_demos' build argument 'cmake_force_configure' from command line to 'False'
[37.306s] Level 5:colcon.colcon_core.verb:set package 'gazebo_ros2_control_demos' build argument 'ament_cmake_args' from command line to 'None'
[37.306s] Level 5:colcon.colcon_core.verb:set package 'gazebo_ros2_control_demos' build argument 'catkin_cmake_args' from command line to 'None'
[37.306s] Level 5:colcon.colcon_core.verb:set package 'gazebo_ros2_control_demos' build argument 'catkin_skip_building_tests' from command line to 'False'
[37.306s] DEBUG:colcon.colcon_core.verb:Building package 'gazebo_ros2_control_demos' with the following arguments: {'ament_cmake_args': None, 'build_base': '/home/anand/Desktop/moveo_ros2/build/gazebo_ros2_control_demos', 'catkin_cmake_args': None, 'catkin_skip_building_tests': False, 'cmake_args': None, 'cmake_clean_cache': False, 'cmake_clean_first': False, 'cmake_force_configure': False, 'cmake_target': None, 'cmake_target_skip_unavailable': False, 'install_base': '/home/anand/Desktop/moveo_ros2/install/gazebo_ros2_control_demos', 'merge_install': False, 'path': '/home/anand/Desktop/moveo_ros2/src/gazebo_ros2_control_demos', 'symlink_install': False, 'test_result_base': None}
[37.308s] Level 5:colcon.colcon_core.verb:set package 'moveo_moveit_config' build argument 'cmake_args' from command line to 'None'
[37.308s] Level 5:colcon.colcon_core.verb:set package 'moveo_moveit_config' build argument 'cmake_target' from command line to 'None'
[37.308s] Level 5:colcon.colcon_core.verb:set package 'moveo_moveit_config' build argument 'cmake_target_skip_unavailable' from command line to 'False'
[37.308s] Level 5:colcon.colcon_core.verb:set package 'moveo_moveit_config' build argument 'cmake_clean_cache' from command line to 'False'
[37.308s] Level 5:colcon.colcon_core.verb:set package 'moveo_moveit_config' build argument 'cmake_clean_first' from command line to 'False'
[37.308s] Level 5:colcon.colcon_core.verb:set package 'moveo_moveit_config' build argument 'cmake_force_configure' from command line to 'False'
[37.308s] Level 5:colcon.colcon_core.verb:set package 'moveo_moveit_config' build argument 'ament_cmake_args' from command line to 'None'
[37.308s] Level 5:colcon.colcon_core.verb:set package 'moveo_moveit_config' build argument 'catkin_cmake_args' from command line to 'None'
[37.308s] Level 5:colcon.colcon_core.verb:set package 'moveo_moveit_config' build argument 'catkin_skip_building_tests' from command line to 'False'
[37.308s] DEBUG:colcon.colcon_core.verb:Building package 'moveo_moveit_config' with the following arguments: {'ament_cmake_args': None, 'build_base': '/home/anand/Desktop/moveo_ros2/build/moveo_moveit_config', 'catkin_cmake_args': None, 'catkin_skip_building_tests': False, 'cmake_args': None, 'cmake_clean_cache': False, 'cmake_clean_first': False, 'cmake_force_configure': False, 'cmake_target': None, 'cmake_target_skip_unavailable': False, 'install_base': '/home/anand/Desktop/moveo_ros2/install/moveo_moveit_config', 'merge_install': False, 'path': '/home/anand/Desktop/moveo_ros2/src/moveo_moveit_config', 'symlink_install': False, 'test_result_base': None}
[37.309s] INFO:colcon.colcon_core.executor:Executing jobs using 'parallel' executor
[37.315s] DEBUG:colcon.colcon_parallel_executor.executor.parallel:run_until_complete
[37.316s] INFO:colcon.colcon_ros.task.ament_cmake.build:Building ROS package in '/home/anand/Desktop/moveo_ros2/src/gazebo_ros2_control' with build type 'ament_cmake'
[37.316s] INFO:colcon.colcon_cmake.task.cmake.build:Building CMake package in '/home/anand/Desktop/moveo_ros2/src/gazebo_ros2_control'
[37.514s] INFO:colcon.colcon_core.plugin_system:Skipping extension 'colcon_core.shell.bat': Not used on non-Windows systems
[37.515s] INFO:colcon.colcon_core.shell:Skip shell extension 'powershell' for command environment: Not usable outside of PowerShell
[37.515s] DEBUG:colcon.colcon_core.shell:Skip shell extension 'dsv' for command environment
[37.760s] INFO:colcon.colcon_ros.task.ament_cmake.build:Building ROS package in '/home/anand/Desktop/moveo_ros2/src/moveo_arm' with build type 'ament_cmake'
[37.761s] INFO:colcon.colcon_cmake.task.cmake.build:Building CMake package in '/home/anand/Desktop/moveo_ros2/src/moveo_arm'
[37.766s] INFO:colcon.colcon_core.shell:Skip shell extension 'powershell' for command environment: Not usable outside of PowerShell
[37.766s] DEBUG:colcon.colcon_core.shell:Skip shell extension 'dsv' for command environment
[37.936s] INFO:colcon.colcon_ros.task.ament_cmake.build:Building ROS package in '/home/anand/Desktop/moveo_ros2/src/serial' with build type 'ament_cmake'
[37.936s] INFO:colcon.colcon_cmake.task.cmake.build:Building CMake package in '/home/anand/Desktop/moveo_ros2/src/serial'
[37.941s] INFO:colcon.colcon_core.shell:Skip shell extension 'powershell' for command environment: Not usable outside of PowerShell
[37.941s] DEBUG:colcon.colcon_core.shell:Skip shell extension 'dsv' for command environment
[38.104s] DEBUG:colcon.colcon_core.event_handler.log_command:Invoking command in '/home/anand/Desktop/moveo_ros2/build/gazebo_ros2_control': CMAKE_PREFIX_PATH=${CMAKE_PREFIX_PATH}:/opt/ros/humble /usr/bin/cmake --build /home/anand/Desktop/moveo_ros2/build/gazebo_ros2_control -- -j4 -l4
[38.175s] DEBUG:colcon.colcon_core.event_handler.log_command:Invoking command in '/home/anand/Desktop/moveo_ros2/build/moveo_arm': CMAKE_PREFIX_PATH=${CMAKE_PREFIX_PATH}:/opt/ros/humble /usr/bin/cmake --build /home/anand/Desktop/moveo_ros2/build/moveo_arm -- -j4 -l4
[38.314s] DEBUG:colcon.colcon_core.event_handler.log_command:Invoking command in '/home/anand/Desktop/moveo_ros2/build/serial': CMAKE_PREFIX_PATH=${CMAKE_PREFIX_PATH}:/opt/ros/humble /usr/bin/cmake --build /home/anand/Desktop/moveo_ros2/build/serial -- -j4 -l4
[41.518s] DEBUG:colcon.colcon_core.event_handler.log_command:Invoked command in '/home/anand/Desktop/moveo_ros2/build/moveo_arm' returned '0': CMAKE_PREFIX_PATH=${CMAKE_PREFIX_PATH}:/opt/ros/humble /usr/bin/cmake --build /home/anand/Desktop/moveo_ros2/build/moveo_arm -- -j4 -l4
[41.814s] DEBUG:colcon.colcon_core.event_handler.log_command:Invoking command in '/home/anand/Desktop/moveo_ros2/build/moveo_arm': CMAKE_PREFIX_PATH=${CMAKE_PREFIX_PATH}:/opt/ros/humble /usr/bin/cmake --install /home/anand/Desktop/moveo_ros2/build/moveo_arm
[42.173s] Level 1:colcon.colcon_core.environment:create_environment_scripts_only(moveo_arm)
[42.176s] DEBUG:colcon.colcon_core.event_handler.log_command:Invoked command in '/home/anand/Desktop/moveo_ros2/build/moveo_arm' returned '0': CMAKE_PREFIX_PATH=${CMAKE_PREFIX_PATH}:/opt/ros/humble /usr/bin/cmake --install /home/anand/Desktop/moveo_ros2/build/moveo_arm
[42.727s] Level 1:colcon.colcon_core.environment:checking '/home/anand/Desktop/moveo_ros2/install/moveo_arm' for CMake module files
[43.021s] Level 1:colcon.colcon_core.environment:checking '/home/anand/Desktop/moveo_ros2/install/moveo_arm' for CMake config files
[43.025s] Level 1:colcon.colcon_core.shell:create_environment_hook('moveo_arm', 'cmake_prefix_path')
[43.028s] INFO:colcon.colcon_core.shell:Creating environment hook '/home/anand/Desktop/moveo_ros2/install/moveo_arm/share/moveo_arm/hook/cmake_prefix_path.ps1'
[43.172s] INFO:colcon.colcon_core.shell:Creating environment descriptor '/home/anand/Desktop/moveo_ros2/install/moveo_arm/share/moveo_arm/hook/cmake_prefix_path.dsv'
[43.202s] INFO:colcon.colcon_core.shell:Creating environment hook '/home/anand/Desktop/moveo_ros2/install/moveo_arm/share/moveo_arm/hook/cmake_prefix_path.sh'
[43.226s] Level 1:colcon.colcon_core.environment:checking '/home/anand/Desktop/moveo_ros2/install/moveo_arm/bin'
[43.226s] Level 1:colcon.colcon_core.environment:checking '/home/anand/Desktop/moveo_ros2/install/moveo_arm/lib/pkgconfig/moveo_arm.pc'
[43.226s] Level 1:colcon.colcon_core.environment:checking '/home/anand/Desktop/moveo_ros2/install/moveo_arm/lib/python3.10/site-packages'
[43.227s] Level 1:colcon.colcon_core.environment:checking '/home/anand/Desktop/moveo_ros2/install/moveo_arm/bin'
[43.230s] INFO:colcon.colcon_core.shell:Creating package script '/home/anand/Desktop/moveo_ros2/install/moveo_arm/share/moveo_arm/package.ps1'
[43.251s] INFO:colcon.colcon_core.shell:Creating package descriptor '/home/anand/Desktop/moveo_ros2/install/moveo_arm/share/moveo_arm/package.dsv'
[43.255s] INFO:colcon.colcon_core.shell:Creating package script '/home/anand/Desktop/moveo_ros2/install/moveo_arm/share/moveo_arm/package.sh'
[43.257s] INFO:colcon.colcon_core.shell:Creating package script '/home/anand/Desktop/moveo_ros2/install/moveo_arm/share/moveo_arm/package.bash'
[43.301s] INFO:colcon.colcon_core.shell:Creating package script '/home/anand/Desktop/moveo_ros2/install/moveo_arm/share/moveo_arm/package.zsh'
[43.304s] Level 1:colcon.colcon_core.environment:create_file_with_runtime_dependencies(/home/anand/Desktop/moveo_ros2/install/moveo_arm/share/colcon-core/packages/moveo_arm)
[43.309s] DEBUG:colcon.colcon_core.event_handler.log_command:Invoked command in '/home/anand/Desktop/moveo_ros2/build/serial' returned '0': CMAKE_PREFIX_PATH=${CMAKE_PREFIX_PATH}:/opt/ros/humble /usr/bin/cmake --build /home/anand/Desktop/moveo_ros2/build/serial -- -j4 -l4
[43.340s] Level 1:colcon.colcon_core.environment:create_environment_scripts_only(moveo_arm)
[43.344s] Level 1:colcon.colcon_core.environment:checking '/home/anand/Desktop/moveo_ros2/install/moveo_arm' for CMake module files
[43.345s] Level 1:colcon.colcon_core.environment:checking '/home/anand/Desktop/moveo_ros2/install/moveo_arm' for CMake config files
[43.346s] Level 1:colcon.colcon_core.shell:create_environment_hook('moveo_arm', 'cmake_prefix_path')
[43.349s] INFO:colcon.colcon_core.shell:Creating environment hook '/home/anand/Desktop/moveo_ros2/install/moveo_arm/share/moveo_arm/hook/cmake_prefix_path.ps1'
[43.350s] INFO:colcon.colcon_core.shell:Creating environment descriptor '/home/anand/Desktop/moveo_ros2/install/moveo_arm/share/moveo_arm/hook/cmake_prefix_path.dsv'
[43.350s] INFO:colcon.colcon_core.shell:Creating environment hook '/home/anand/Desktop/moveo_ros2/install/moveo_arm/share/moveo_arm/hook/cmake_prefix_path.sh'
[43.351s] Level 1:colcon.colcon_core.environment:checking '/home/anand/Desktop/moveo_ros2/install/moveo_arm/bin'
[43.351s] Level 1:colcon.colcon_core.environment:checking '/home/anand/Desktop/moveo_ros2/install/moveo_arm/lib/pkgconfig/moveo_arm.pc'
[43.352s] Level 1:colcon.colcon_core.environment:checking '/home/anand/Desktop/moveo_ros2/install/moveo_arm/lib/python3.10/site-packages'
[43.352s] Level 1:colcon.colcon_core.environment:checking '/home/anand/Desktop/moveo_ros2/install/moveo_arm/bin'
[43.355s] INFO:colcon.colcon_core.shell:Creating package script '/home/anand/Desktop/moveo_ros2/install/moveo_arm/share/moveo_arm/package.ps1'
[43.356s] INFO:colcon.colcon_core.shell:Creating package descriptor '/home/anand/Desktop/moveo_ros2/install/moveo_arm/share/moveo_arm/package.dsv'
[43.358s] INFO:colcon.colcon_core.shell:Creating package script '/home/anand/Desktop/moveo_ros2/install/moveo_arm/share/moveo_arm/package.sh'
[43.359s] INFO:colcon.colcon_core.shell:Creating package script '/home/anand/Desktop/moveo_ros2/install/moveo_arm/share/moveo_arm/package.bash'
[43.360s] INFO:colcon.colcon_core.shell:Creating package script '/home/anand/Desktop/moveo_ros2/install/moveo_arm/share/moveo_arm/package.zsh'
[43.361s] Level 1:colcon.colcon_core.environment:create_file_with_runtime_dependencies(/home/anand/Desktop/moveo_ros2/install/moveo_arm/share/colcon-core/packages/moveo_arm)
[43.362s] INFO:colcon.colcon_ros.task.ament_cmake.build:Building ROS package in '/home/anand/Desktop/moveo_ros2/src/moveo_moveit_config' with build type 'ament_cmake'
[43.362s] INFO:colcon.colcon_cmake.task.cmake.build:Building CMake package in '/home/anand/Desktop/moveo_ros2/src/moveo_moveit_config'
[43.365s] INFO:colcon.colcon_core.shell:Skip shell extension 'powershell' for command environment: Not usable outside of PowerShell
[43.365s] DEBUG:colcon.colcon_core.shell:Skip shell extension 'dsv' for command environment
[43.574s] DEBUG:colcon.colcon_core.event_handler.log_command:Invoking command in '/home/anand/Desktop/moveo_ros2/build/serial': CMAKE_PREFIX_PATH=${CMAKE_PREFIX_PATH}:/opt/ros/humble /usr/bin/cmake --install /home/anand/Desktop/moveo_ros2/build/serial
[43.961s] DEBUG:colcon.colcon_core.event_handler.log_command:Invoking command in '/home/anand/Desktop/moveo_ros2/build/moveo_moveit_config': CMAKE_PREFIX_PATH=/home/anand/Desktop/moveo_ros2/install/moveo_arm:/home/anand/Desktop/moveo_ros2/install/diffdrive_arduino:/home/anand/Desktop/moveo_ros2/install/serial:/home/anand/Desktop/moveo_ros2/install/moveo_moveit_config:/home/anand/Desktop/moveo_ros2/install/gazebo_ros2_control_demos:/home/anand/Desktop/moveo_ros2/install/gazebo_ros2_control:/opt/ros/humble /usr/bin/cmake --build /home/anand/Desktop/moveo_ros2/build/moveo_moveit_config -- -j4 -l4
[44.070s] Level 1:colcon.colcon_core.environment:create_environment_scripts_only(serial)
[44.078s] Level 1:colcon.colcon_core.environment:checking '/home/anand/Desktop/moveo_ros2/install/serial' for CMake module files
[44.079s] DEBUG:colcon.colcon_core.event_handler.log_command:Invoked command in '/home/anand/Desktop/moveo_ros2/build/serial' returned '0': CMAKE_PREFIX_PATH=${CMAKE_PREFIX_PATH}:/opt/ros/humble /usr/bin/cmake --install /home/anand/Desktop/moveo_ros2/build/serial
[44.081s] Level 1:colcon.colcon_core.environment:checking '/home/anand/Desktop/moveo_ros2/install/serial' for CMake config files
[44.232s] Level 1:colcon.colcon_core.shell:create_environment_hook('serial', 'cmake_prefix_path')
[44.237s] INFO:colcon.colcon_core.shell:Creating environment hook '/home/anand/Desktop/moveo_ros2/install/serial/share/serial/hook/cmake_prefix_path.ps1'
[44.238s] INFO:colcon.colcon_core.shell:Creating environment descriptor '/home/anand/Desktop/moveo_ros2/install/serial/share/serial/hook/cmake_prefix_path.dsv'
[44.239s] INFO:colcon.colcon_core.shell:Creating environment hook '/home/anand/Desktop/moveo_ros2/install/serial/share/serial/hook/cmake_prefix_path.sh'
[44.240s] Level 1:colcon.colcon_core.environment:checking '/home/anand/Desktop/moveo_ros2/install/serial/lib'
[44.240s] Level 1:colcon.colcon_core.environment:checking '/home/anand/Desktop/moveo_ros2/install/serial/bin'
[44.240s] Level 1:colcon.colcon_core.environment:checking '/home/anand/Desktop/moveo_ros2/install/serial/lib/pkgconfig/serial.pc'
[44.241s] Level 1:colcon.colcon_core.environment:checking '/home/anand/Desktop/moveo_ros2/install/serial/lib/python3.10/site-packages'
[44.241s] Level 1:colcon.colcon_core.environment:checking '/home/anand/Desktop/moveo_ros2/install/serial/bin'
[44.244s] INFO:colcon.colcon_core.shell:Creating package script '/home/anand/Desktop/moveo_ros2/install/serial/share/serial/package.ps1'
[44.245s] INFO:colcon.colcon_core.shell:Creating package descriptor '/home/anand/Desktop/moveo_ros2/install/serial/share/serial/package.dsv'
[44.246s] INFO:colcon.colcon_core.shell:Creating package script '/home/anand/Desktop/moveo_ros2/install/serial/share/serial/package.sh'
[44.246s] INFO:colcon.colcon_core.shell:Creating package script '/home/anand/Desktop/moveo_ros2/install/serial/share/serial/package.bash'
[44.247s] INFO:colcon.colcon_core.shell:Creating package script '/home/anand/Desktop/moveo_ros2/install/serial/share/serial/package.zsh'
[44.247s] Level 1:colcon.colcon_core.environment:create_file_with_runtime_dependencies(/home/anand/Desktop/moveo_ros2/install/serial/share/colcon-core/packages/serial)
[44.305s] Level 1:colcon.colcon_core.environment:create_environment_scripts_only(serial)
[44.309s] Level 1:colcon.colcon_core.environment:checking '/home/anand/Desktop/moveo_ros2/install/serial' for CMake module files
[44.310s] Level 1:colcon.colcon_core.environment:checking '/home/anand/Desktop/moveo_ros2/install/serial' for CMake config files
[44.310s] Level 1:colcon.colcon_core.shell:create_environment_hook('serial', 'cmake_prefix_path')
[44.313s] INFO:colcon.colcon_core.shell:Creating environment hook '/home/anand/Desktop/moveo_ros2/install/serial/share/serial/hook/cmake_prefix_path.ps1'
[44.313s] INFO:colcon.colcon_core.shell:Creating environment descriptor '/home/anand/Desktop/moveo_ros2/install/serial/share/serial/hook/cmake_prefix_path.dsv'
[44.314s] INFO:colcon.colcon_core.shell:Creating environment hook '/home/anand/Desktop/moveo_ros2/install/serial/share/serial/hook/cmake_prefix_path.sh'
[44.315s] Level 1:colcon.colcon_core.environment:checking '/home/anand/Desktop/moveo_ros2/install/serial/lib'
[44.315s] Level 1:colcon.colcon_core.environment:checking '/home/anand/Desktop/moveo_ros2/install/serial/bin'
[44.315s] Level 1:colcon.colcon_core.environment:checking '/home/anand/Desktop/moveo_ros2/install/serial/lib/pkgconfig/serial.pc'
[44.315s] Level 1:colcon.colcon_core.environment:checking '/home/anand/Desktop/moveo_ros2/install/serial/lib/python3.10/site-packages'
[44.316s] Level 1:colcon.colcon_core.environment:checking '/home/anand/Desktop/moveo_ros2/install/serial/bin'
[44.318s] INFO:colcon.colcon_core.shell:Creating package script '/home/anand/Desktop/moveo_ros2/install/serial/share/serial/package.ps1'
[44.319s] INFO:colcon.colcon_core.shell:Creating package descriptor '/home/anand/Desktop/moveo_ros2/install/serial/share/serial/package.dsv'
[44.320s] INFO:colcon.colcon_core.shell:Creating package script '/home/anand/Desktop/moveo_ros2/install/serial/share/serial/package.sh'
[44.321s] INFO:colcon.colcon_core.shell:Creating package script '/home/anand/Desktop/moveo_ros2/install/serial/share/serial/package.bash'
[44.321s] INFO:colcon.colcon_core.shell:Creating package script '/home/anand/Desktop/moveo_ros2/install/serial/share/serial/package.zsh'
[44.322s] Level 1:colcon.colcon_core.environment:create_file_with_runtime_dependencies(/home/anand/Desktop/moveo_ros2/install/serial/share/colcon-core/packages/serial)
[44.323s] INFO:colcon.colcon_ros.task.ament_cmake.build:Building ROS package in '/home/anand/Desktop/moveo_ros2/src/diffdrive_arduino' with build type 'ament_cmake'
[44.323s] INFO:colcon.colcon_cmake.task.cmake.build:Building CMake package in '/home/anand/Desktop/moveo_ros2/src/diffdrive_arduino'
[44.325s] INFO:colcon.colcon_core.shell:Skip shell extension 'powershell' for command environment: Not usable outside of PowerShell
[44.326s] DEBUG:colcon.colcon_core.shell:Skip shell extension 'dsv' for command environment
[44.368s] DEBUG:colcon.colcon_core.event_handler.log_command:Invoked command in '/home/anand/Desktop/moveo_ros2/build/moveo_moveit_config' returned '0': CMAKE_PREFIX_PATH=/home/anand/Desktop/moveo_ros2/install/moveo_arm:/home/anand/Desktop/moveo_ros2/install/diffdrive_arduino:/home/anand/Desktop/moveo_ros2/install/serial:/home/anand/Desktop/moveo_ros2/install/moveo_moveit_config:/home/anand/Desktop/moveo_ros2/install/gazebo_ros2_control_demos:/home/anand/Desktop/moveo_ros2/install/gazebo_ros2_control:/opt/ros/humble /usr/bin/cmake --build /home/anand/Desktop/moveo_ros2/build/moveo_moveit_config -- -j4 -l4
[44.402s] DEBUG:colcon.colcon_core.event_handler.log_command:Invoking command in '/home/anand/Desktop/moveo_ros2/build/moveo_moveit_config': CMAKE_PREFIX_PATH=/home/anand/Desktop/moveo_ros2/install/moveo_arm:/home/anand/Desktop/moveo_ros2/install/diffdrive_arduino:/home/anand/Desktop/moveo_ros2/install/serial:/home/anand/Desktop/moveo_ros2/install/moveo_moveit_config:/home/anand/Desktop/moveo_ros2/install/gazebo_ros2_control_demos:/home/anand/Desktop/moveo_ros2/install/gazebo_ros2_control:/opt/ros/humble /usr/bin/cmake --install /home/anand/Desktop/moveo_ros2/build/moveo_moveit_config
[44.642s] Level 1:colcon.colcon_core.environment:create_environment_scripts_only(moveo_moveit_config)
[44.651s] Level 1:colcon.colcon_core.environment:checking '/home/anand/Desktop/moveo_ros2/install/moveo_moveit_config' for CMake module files
[44.653s] DEBUG:colcon.colcon_core.event_handler.log_command:Invoking command in '/home/anand/Desktop/moveo_ros2/build/diffdrive_arduino': CMAKE_PREFIX_PATH=/home/anand/Desktop/moveo_ros2/install/serial:/home/anand/Desktop/moveo_ros2/install/diffdrive_arduino:/home/anand/Desktop/moveo_ros2/install/moveo_moveit_config:/home/anand/Desktop/moveo_ros2/install/moveo_arm:/home/anand/Desktop/moveo_ros2/install/gazebo_ros2_control_demos:/home/anand/Desktop/moveo_ros2/install/gazebo_ros2_control:/opt/ros/humble /usr/bin/cmake --build /home/anand/Desktop/moveo_ros2/build/diffdrive_arduino -- -j4 -l4
[44.654s] DEBUG:colcon.colcon_core.event_handler.log_command:Invoked command in '/home/anand/Desktop/moveo_ros2/build/moveo_moveit_config' returned '0': CMAKE_PREFIX_PATH=/home/anand/Desktop/moveo_ros2/install/moveo_arm:/home/anand/Desktop/moveo_ros2/install/diffdrive_arduino:/home/anand/Desktop/moveo_ros2/install/serial:/home/anand/Desktop/moveo_ros2/install/moveo_moveit_config:/home/anand/Desktop/moveo_ros2/install/gazebo_ros2_control_demos:/home/anand/Desktop/moveo_ros2/install/gazebo_ros2_control:/opt/ros/humble /usr/bin/cmake --install /home/anand/Desktop/moveo_ros2/build/moveo_moveit_config
[44.655s] Level 1:colcon.colcon_core.environment:checking '/home/anand/Desktop/moveo_ros2/install/moveo_moveit_config' for CMake config files
[44.656s] Level 1:colcon.colcon_core.shell:create_environment_hook('moveo_moveit_config', 'cmake_prefix_path')
[44.661s] INFO:colcon.colcon_core.shell:Creating environment hook '/home/anand/Desktop/moveo_ros2/install/moveo_moveit_config/share/moveo_moveit_config/hook/cmake_prefix_path.ps1'
[44.662s] INFO:colcon.colcon_core.shell:Creating environment descriptor '/home/anand/Desktop/moveo_ros2/install/moveo_moveit_config/share/moveo_moveit_config/hook/cmake_prefix_path.dsv'
[44.663s] INFO:colcon.colcon_core.shell:Creating environment hook '/home/anand/Desktop/moveo_ros2/install/moveo_moveit_config/share/moveo_moveit_config/hook/cmake_prefix_path.sh'
[44.664s] Level 1:colcon.colcon_core.environment:checking '/home/anand/Desktop/moveo_ros2/install/moveo_moveit_config/bin'
[44.664s] Level 1:colcon.colcon_core.environment:checking '/home/anand/Desktop/moveo_ros2/install/moveo_moveit_config/lib/pkgconfig/moveo_moveit_config.pc'
[44.665s] Level 1:colcon.colcon_core.environment:checking '/home/anand/Desktop/moveo_ros2/install/moveo_moveit_config/lib/python3.10/site-packages'
[44.666s] Level 1:colcon.colcon_core.environment:checking '/home/anand/Desktop/moveo_ros2/install/moveo_moveit_config/bin'
[44.670s] INFO:colcon.colcon_core.shell:Creating package script '/home/anand/Desktop/moveo_ros2/install/moveo_moveit_config/share/moveo_moveit_config/package.ps1'
[44.671s] INFO:colcon.colcon_core.shell:Creating package descriptor '/home/anand/Desktop/moveo_ros2/install/moveo_moveit_config/share/moveo_moveit_config/package.dsv'
[44.671s] INFO:colcon.colcon_core.shell:Creating package script '/home/anand/Desktop/moveo_ros2/install/moveo_moveit_config/share/moveo_moveit_config/package.sh'
[44.672s] INFO:colcon.colcon_core.shell:Creating package script '/home/anand/Desktop/moveo_ros2/install/moveo_moveit_config/share/moveo_moveit_config/package.bash'
[44.673s] INFO:colcon.colcon_core.shell:Creating package script '/home/anand/Desktop/moveo_ros2/install/moveo_moveit_config/share/moveo_moveit_config/package.zsh'
[44.674s] Level 1:colcon.colcon_core.environment:create_file_with_runtime_dependencies(/home/anand/Desktop/moveo_ros2/install/moveo_moveit_config/share/colcon-core/packages/moveo_moveit_config)
[44.711s] Level 1:colcon.colcon_core.environment:create_environment_scripts_only(moveo_moveit_config)
[44.715s] Level 1:colcon.colcon_core.environment:checking '/home/anand/Desktop/moveo_ros2/install/moveo_moveit_config' for CMake module files
[44.716s] Level 1:colcon.colcon_core.environment:checking '/home/anand/Desktop/moveo_ros2/install/moveo_moveit_config' for CMake config files
[44.716s] Level 1:colcon.colcon_core.shell:create_environment_hook('moveo_moveit_config', 'cmake_prefix_path')
[44.719s] INFO:colcon.colcon_core.shell:Creating environment hook '/home/anand/Desktop/moveo_ros2/install/moveo_moveit_config/share/moveo_moveit_config/hook/cmake_prefix_path.ps1'
[44.720s] INFO:colcon.colcon_core.shell:Creating environment descriptor '/home/anand/Desktop/moveo_ros2/install/moveo_moveit_config/share/moveo_moveit_config/hook/cmake_prefix_path.dsv'
[44.720s] INFO:colcon.colcon_core.shell:Creating environment hook '/home/anand/Desktop/moveo_ros2/install/moveo_moveit_config/share/moveo_moveit_config/hook/cmake_prefix_path.sh'
[44.721s] Level 1:colcon.colcon_core.environment:checking '/home/anand/Desktop/moveo_ros2/install/moveo_moveit_config/bin'
[44.721s] Level 1:colcon.colcon_core.environment:checking '/home/anand/Desktop/moveo_ros2/install/moveo_moveit_config/lib/pkgconfig/moveo_moveit_config.pc'
[44.722s] Level 1:colcon.colcon_core.environment:checking '/home/anand/Desktop/moveo_ros2/install/moveo_moveit_config/lib/python3.10/site-packages'
[44.722s] Level 1:colcon.colcon_core.environment:checking '/home/anand/Desktop/moveo_ros2/install/moveo_moveit_config/bin'
[44.725s] INFO:colcon.colcon_core.shell:Creating package script '/home/anand/Desktop/moveo_ros2/install/moveo_moveit_config/share/moveo_moveit_config/package.ps1'
[44.725s] INFO:colcon.colcon_core.shell:Creating package descriptor '/home/anand/Desktop/moveo_ros2/install/moveo_moveit_config/share/moveo_moveit_config/package.dsv'
[44.726s] INFO:colcon.colcon_core.shell:Creating package script '/home/anand/Desktop/moveo_ros2/install/moveo_moveit_config/share/moveo_moveit_config/package.sh'
[44.727s] INFO:colcon.colcon_core.shell:Creating package script '/home/anand/Desktop/moveo_ros2/install/moveo_moveit_config/share/moveo_moveit_config/package.bash'
[44.727s] INFO:colcon.colcon_core.shell:Creating package script '/home/anand/Desktop/moveo_ros2/install/moveo_moveit_config/share/moveo_moveit_config/package.zsh'
[44.728s] Level 1:colcon.colcon_core.environment:create_file_with_runtime_dependencies(/home/anand/Desktop/moveo_ros2/install/moveo_moveit_config/share/colcon-core/packages/moveo_moveit_config)
[49.772s] DEBUG:colcon.colcon_core.event_handler.log_command:Invoked command in '/home/anand/Desktop/moveo_ros2/build/gazebo_ros2_control' returned '0': CMAKE_PREFIX_PATH=${CMAKE_PREFIX_PATH}:/opt/ros/humble /usr/bin/cmake --build /home/anand/Desktop/moveo_ros2/build/gazebo_ros2_control -- -j4 -l4
[49.815s] DEBUG:colcon.colcon_core.event_handler.log_command:Invoking command in '/home/anand/Desktop/moveo_ros2/build/gazebo_ros2_control': CMAKE_PREFIX_PATH=${CMAKE_PREFIX_PATH}:/opt/ros/humble /usr/bin/cmake --install /home/anand/Desktop/moveo_ros2/build/gazebo_ros2_control
[51.002s] Level 1:colcon.colcon_core.environment:create_environment_scripts_only(gazebo_ros2_control)
[51.009s] Level 1:colcon.colcon_core.environment:checking '/home/anand/Desktop/moveo_ros2/install/gazebo_ros2_control' for CMake module files
[51.011s] DEBUG:colcon.colcon_core.event_handler.log_command:Invoked command in '/home/anand/Desktop/moveo_ros2/build/gazebo_ros2_control' returned '0': CMAKE_PREFIX_PATH=${CMAKE_PREFIX_PATH}:/opt/ros/humble /usr/bin/cmake --install /home/anand/Desktop/moveo_ros2/build/gazebo_ros2_control
[51.013s] Level 1:colcon.colcon_core.environment:checking '/home/anand/Desktop/moveo_ros2/install/gazebo_ros2_control' for CMake config files
[51.014s] Level 1:colcon.colcon_core.shell:create_environment_hook('gazebo_ros2_control', 'cmake_prefix_path')
[51.019s] INFO:colcon.colcon_core.shell:Creating environment hook '/home/anand/Desktop/moveo_ros2/install/gazebo_ros2_control/share/gazebo_ros2_control/hook/cmake_prefix_path.ps1'
[51.021s] INFO:colcon.colcon_core.shell:Creating environment descriptor '/home/anand/Desktop/moveo_ros2/install/gazebo_ros2_control/share/gazebo_ros2_control/hook/cmake_prefix_path.dsv'
[51.022s] INFO:colcon.colcon_core.shell:Creating environment hook '/home/anand/Desktop/moveo_ros2/install/gazebo_ros2_control/share/gazebo_ros2_control/hook/cmake_prefix_path.sh'
[51.023s] Level 1:colcon.colcon_core.environment:checking '/home/anand/Desktop/moveo_ros2/install/gazebo_ros2_control/lib'
[51.024s] Level 1:colcon.colcon_core.shell:create_environment_hook('gazebo_ros2_control', 'ld_library_path_lib')
[51.027s] INFO:colcon.colcon_core.shell:Creating environment hook '/home/anand/Desktop/moveo_ros2/install/gazebo_ros2_control/share/gazebo_ros2_control/hook/ld_library_path_lib.ps1'
[51.029s] INFO:colcon.colcon_core.shell:Creating environment descriptor '/home/anand/Desktop/moveo_ros2/install/gazebo_ros2_control/share/gazebo_ros2_control/hook/ld_library_path_lib.dsv'
[51.030s] INFO:colcon.colcon_core.shell:Creating environment hook '/home/anand/Desktop/moveo_ros2/install/gazebo_ros2_control/share/gazebo_ros2_control/hook/ld_library_path_lib.sh'
[51.032s] Level 1:colcon.colcon_core.environment:checking '/home/anand/Desktop/moveo_ros2/install/gazebo_ros2_control/bin'
[51.032s] Level 1:colcon.colcon_core.environment:checking '/home/anand/Desktop/moveo_ros2/install/gazebo_ros2_control/lib/pkgconfig/gazebo_ros2_control.pc'
[51.033s] Level 1:colcon.colcon_core.environment:checking '/home/anand/Desktop/moveo_ros2/install/gazebo_ros2_control/lib/python3.10/site-packages'
[51.033s] Level 1:colcon.colcon_core.environment:checking '/home/anand/Desktop/moveo_ros2/install/gazebo_ros2_control/bin'
[51.038s] INFO:colcon.colcon_core.shell:Creating package script '/home/anand/Desktop/moveo_ros2/install/gazebo_ros2_control/share/gazebo_ros2_control/package.ps1'
[51.039s] INFO:colcon.colcon_core.shell:Creating package descriptor '/home/anand/Desktop/moveo_ros2/install/gazebo_ros2_control/share/gazebo_ros2_control/package.dsv'
[51.041s] INFO:colcon.colcon_core.shell:Creating package script '/home/anand/Desktop/moveo_ros2/install/gazebo_ros2_control/share/gazebo_ros2_control/package.sh'
[51.042s] INFO:colcon.colcon_core.shell:Creating package script '/home/anand/Desktop/moveo_ros2/install/gazebo_ros2_control/share/gazebo_ros2_control/package.bash'
[51.043s] INFO:colcon.colcon_core.shell:Creating package script '/home/anand/Desktop/moveo_ros2/install/gazebo_ros2_control/share/gazebo_ros2_control/package.zsh'
[51.044s] Level 1:colcon.colcon_core.environment:create_file_with_runtime_dependencies(/home/anand/Desktop/moveo_ros2/install/gazebo_ros2_control/share/colcon-core/packages/gazebo_ros2_control)
[51.096s] Level 1:colcon.colcon_core.environment:create_environment_scripts_only(gazebo_ros2_control)
[51.103s] Level 1:colcon.colcon_core.environment:checking '/home/anand/Desktop/moveo_ros2/install/gazebo_ros2_control' for CMake module files
[51.105s] Level 1:colcon.colcon_core.environment:checking '/home/anand/Desktop/moveo_ros2/install/gazebo_ros2_control' for CMake config files
[51.105s] Level 1:colcon.colcon_core.shell:create_environment_hook('gazebo_ros2_control', 'cmake_prefix_path')
[51.108s] INFO:colcon.colcon_core.shell:Creating environment hook '/home/anand/Desktop/moveo_ros2/install/gazebo_ros2_control/share/gazebo_ros2_control/hook/cmake_prefix_path.ps1'
[51.108s] INFO:colcon.colcon_core.shell:Creating environment descriptor '/home/anand/Desktop/moveo_ros2/install/gazebo_ros2_control/share/gazebo_ros2_control/hook/cmake_prefix_path.dsv'
[51.109s] INFO:colcon.colcon_core.shell:Creating environment hook '/home/anand/Desktop/moveo_ros2/install/gazebo_ros2_control/share/gazebo_ros2_control/hook/cmake_prefix_path.sh'
[51.110s] Level 1:colcon.colcon_core.environment:checking '/home/anand/Desktop/moveo_ros2/install/gazebo_ros2_control/lib'
[51.111s] Level 1:colcon.colcon_core.shell:create_environment_hook('gazebo_ros2_control', 'ld_library_path_lib')
[51.114s] INFO:colcon.colcon_core.shell:Creating environment hook '/home/anand/Desktop/moveo_ros2/install/gazebo_ros2_control/share/gazebo_ros2_control/hook/ld_library_path_lib.ps1'
[51.114s] INFO:colcon.colcon_core.shell:Creating environment descriptor '/home/anand/Desktop/moveo_ros2/install/gazebo_ros2_control/share/gazebo_ros2_control/hook/ld_library_path_lib.dsv'
[51.115s] INFO:colcon.colcon_core.shell:Creating environment hook '/home/anand/Desktop/moveo_ros2/install/gazebo_ros2_control/share/gazebo_ros2_control/hook/ld_library_path_lib.sh'
[51.116s] Level 1:colcon.colcon_core.environment:checking '/home/anand/Desktop/moveo_ros2/install/gazebo_ros2_control/bin'
[51.116s] Level 1:colcon.colcon_core.environment:checking '/home/anand/Desktop/moveo_ros2/install/gazebo_ros2_control/lib/pkgconfig/gazebo_ros2_control.pc'
[51.116s] Level 1:colcon.colcon_core.environment:checking '/home/anand/Desktop/moveo_ros2/install/gazebo_ros2_control/lib/python3.10/site-packages'
[51.117s] Level 1:colcon.colcon_core.environment:checking '/home/anand/Desktop/moveo_ros2/install/gazebo_ros2_control/bin'
[51.121s] INFO:colcon.colcon_core.shell:Creating package script '/home/anand/Desktop/moveo_ros2/install/gazebo_ros2_control/share/gazebo_ros2_control/package.ps1'
[51.122s] INFO:colcon.colcon_core.shell:Creating package descriptor '/home/anand/Desktop/moveo_ros2/install/gazebo_ros2_control/share/gazebo_ros2_control/package.dsv'
[51.124s] INFO:colcon.colcon_core.shell:Creating package script '/home/anand/Desktop/moveo_ros2/install/gazebo_ros2_control/share/gazebo_ros2_control/package.sh'
[51.125s] INFO:colcon.colcon_core.shell:Creating package script '/home/anand/Desktop/moveo_ros2/install/gazebo_ros2_control/share/gazebo_ros2_control/package.bash'
[51.126s] INFO:colcon.colcon_core.shell:Creating package script '/home/anand/Desktop/moveo_ros2/install/gazebo_ros2_control/share/gazebo_ros2_control/package.zsh'
[51.127s] Level 1:colcon.colcon_core.environment:create_file_with_runtime_dependencies(/home/anand/Desktop/moveo_ros2/install/gazebo_ros2_control/share/colcon-core/packages/gazebo_ros2_control)
[51.128s] INFO:colcon.colcon_ros.task.ament_cmake.build:Building ROS package in '/home/anand/Desktop/moveo_ros2/src/gazebo_ros2_control_demos' with build type 'ament_cmake'
[51.128s] INFO:colcon.colcon_cmake.task.cmake.build:Building CMake package in '/home/anand/Desktop/moveo_ros2/src/gazebo_ros2_control_demos'
[51.133s] INFO:colcon.colcon_core.shell:Skip shell extension 'powershell' for command environment: Not usable outside of PowerShell
[51.133s] DEBUG:colcon.colcon_core.shell:Skip shell extension 'dsv' for command environment
[51.399s] DEBUG:colcon.colcon_core.event_handler.log_command:Invoking command in '/home/anand/Desktop/moveo_ros2/build/gazebo_ros2_control_demos': CMAKE_PREFIX_PATH=/home/anand/Desktop/moveo_ros2/install/gazebo_ros2_control:/home/anand/Desktop/moveo_ros2/install/diffdrive_arduino:/home/anand/Desktop/moveo_ros2/install/serial:/home/anand/Desktop/moveo_ros2/install/moveo_moveit_config:/home/anand/Desktop/moveo_ros2/install/moveo_arm:/home/anand/Desktop/moveo_ros2/install/gazebo_ros2_control_demos:/opt/ros/humble LD_LIBRARY_PATH=/home/anand/Desktop/moveo_ros2/install/gazebo_ros2_control/lib:/home/anand/Desktop/moveo_ros2/install/diffdrive_arduino/lib:/home/anand/Desktop/moveo_ros2/install/serial/lib:/usr/lib/x86_64-linux-gnu/gazebo-11/plugins:/opt/ros/humble/opt/rviz_ogre_vendor/lib:/opt/ros/humble/lib/x86_64-linux-gnu:/opt/ros/humble/lib /usr/bin/cmake --build /home/anand/Desktop/moveo_ros2/build/gazebo_ros2_control_demos -- -j4 -l4
[52.850s] DEBUG:colcon.colcon_core.event_handler.log_command:Invoked command in '/home/anand/Desktop/moveo_ros2/build/gazebo_ros2_control_demos' returned '0': CMAKE_PREFIX_PATH=/home/anand/Desktop/moveo_ros2/install/gazebo_ros2_control:/home/anand/Desktop/moveo_ros2/install/diffdrive_arduino:/home/anand/Desktop/moveo_ros2/install/serial:/home/anand/Desktop/moveo_ros2/install/moveo_moveit_config:/home/anand/Desktop/moveo_ros2/install/moveo_arm:/home/anand/Desktop/moveo_ros2/install/gazebo_ros2_control_demos:/opt/ros/humble LD_LIBRARY_PATH=/home/anand/Desktop/moveo_ros2/install/gazebo_ros2_control/lib:/home/anand/Desktop/moveo_ros2/install/diffdrive_arduino/lib:/home/anand/Desktop/moveo_ros2/install/serial/lib:/usr/lib/x86_64-linux-gnu/gazebo-11/plugins:/opt/ros/humble/opt/rviz_ogre_vendor/lib:/opt/ros/humble/lib/x86_64-linux-gnu:/opt/ros/humble/lib /usr/bin/cmake --build /home/anand/Desktop/moveo_ros2/build/gazebo_ros2_control_demos -- -j4 -l4
[52.910s] DEBUG:colcon.colcon_core.event_handler.log_command:Invoking command in '/home/anand/Desktop/moveo_ros2/build/gazebo_ros2_control_demos': CMAKE_PREFIX_PATH=/home/anand/Desktop/moveo_ros2/install/gazebo_ros2_control:/home/anand/Desktop/moveo_ros2/install/diffdrive_arduino:/home/anand/Desktop/moveo_ros2/install/serial:/home/anand/Desktop/moveo_ros2/install/moveo_moveit_config:/home/anand/Desktop/moveo_ros2/install/moveo_arm:/home/anand/Desktop/moveo_ros2/install/gazebo_ros2_control_demos:/opt/ros/humble LD_LIBRARY_PATH=/home/anand/Desktop/moveo_ros2/install/gazebo_ros2_control/lib:/home/anand/Desktop/moveo_ros2/install/diffdrive_arduino/lib:/home/anand/Desktop/moveo_ros2/install/serial/lib:/usr/lib/x86_64-linux-gnu/gazebo-11/plugins:/opt/ros/humble/opt/rviz_ogre_vendor/lib:/opt/ros/humble/lib/x86_64-linux-gnu:/opt/ros/humble/lib /usr/bin/cmake --install /home/anand/Desktop/moveo_ros2/build/gazebo_ros2_control_demos
[54.281s] Level 1:colcon.colcon_core.environment:create_environment_scripts_only(gazebo_ros2_control_demos)
[54.287s] DEBUG:colcon.colcon_core.event_handler.log_command:Invoked command in '/home/anand/Desktop/moveo_ros2/build/gazebo_ros2_control_demos' returned '0': CMAKE_PREFIX_PATH=/home/anand/Desktop/moveo_ros2/install/gazebo_ros2_control:/home/anand/Desktop/moveo_ros2/install/diffdrive_arduino:/home/anand/Desktop/moveo_ros2/install/serial:/home/anand/Desktop/moveo_ros2/install/moveo_moveit_config:/home/anand/Desktop/moveo_ros2/install/moveo_arm:/home/anand/Desktop/moveo_ros2/install/gazebo_ros2_control_demos:/opt/ros/humble LD_LIBRARY_PATH=/home/anand/Desktop/moveo_ros2/install/gazebo_ros2_control/lib:/home/anand/Desktop/moveo_ros2/install/diffdrive_arduino/lib:/home/anand/Desktop/moveo_ros2/install/serial/lib:/usr/lib/x86_64-linux-gnu/gazebo-11/plugins:/opt/ros/humble/opt/rviz_ogre_vendor/lib:/opt/ros/humble/lib/x86_64-linux-gnu:/opt/ros/humble/lib /usr/bin/cmake --install /home/anand/Desktop/moveo_ros2/build/gazebo_ros2_control_demos
[54.290s] Level 1:colcon.colcon_core.environment:checking '/home/anand/Desktop/moveo_ros2/install/gazebo_ros2_control_demos' for CMake module files
[54.408s] Level 1:colcon.colcon_core.environment:checking '/home/anand/Desktop/moveo_ros2/install/gazebo_ros2_control_demos' for CMake config files
[54.410s] Level 1:colcon.colcon_core.shell:create_environment_hook('gazebo_ros2_control_demos', 'cmake_prefix_path')
[54.414s] INFO:colcon.colcon_core.shell:Creating environment hook '/home/anand/Desktop/moveo_ros2/install/gazebo_ros2_control_demos/share/gazebo_ros2_control_demos/hook/cmake_prefix_path.ps1'
[54.416s] INFO:colcon.colcon_core.shell:Creating environment descriptor '/home/anand/Desktop/moveo_ros2/install/gazebo_ros2_control_demos/share/gazebo_ros2_control_demos/hook/cmake_prefix_path.dsv'
[54.417s] INFO:colcon.colcon_core.shell:Creating environment hook '/home/anand/Desktop/moveo_ros2/install/gazebo_ros2_control_demos/share/gazebo_ros2_control_demos/hook/cmake_prefix_path.sh'
[54.419s] Level 1:colcon.colcon_core.environment:checking '/home/anand/Desktop/moveo_ros2/install/gazebo_ros2_control_demos/lib'
[54.419s] Level 1:colcon.colcon_core.environment:checking '/home/anand/Desktop/moveo_ros2/install/gazebo_ros2_control_demos/bin'
[54.419s] Level 1:colcon.colcon_core.environment:checking '/home/anand/Desktop/moveo_ros2/install/gazebo_ros2_control_demos/lib/pkgconfig/gazebo_ros2_control_demos.pc'
[54.420s] Level 1:colcon.colcon_core.environment:checking '/home/anand/Desktop/moveo_ros2/install/gazebo_ros2_control_demos/lib/python3.10/site-packages'
[54.421s] Level 1:colcon.colcon_core.environment:checking '/home/anand/Desktop/moveo_ros2/install/gazebo_ros2_control_demos/bin'
[54.426s] INFO:colcon.colcon_core.shell:Creating package script '/home/anand/Desktop/moveo_ros2/install/gazebo_ros2_control_demos/share/gazebo_ros2_control_demos/package.ps1'
[54.428s] INFO:colcon.colcon_core.shell:Creating package descriptor '/home/anand/Desktop/moveo_ros2/install/gazebo_ros2_control_demos/share/gazebo_ros2_control_demos/package.dsv'
[54.430s] INFO:colcon.colcon_core.shell:Creating package script '/home/anand/Desktop/moveo_ros2/install/gazebo_ros2_control_demos/share/gazebo_ros2_control_demos/package.sh'
[54.432s] INFO:colcon.colcon_core.shell:Creating package script '/home/anand/Desktop/moveo_ros2/install/gazebo_ros2_control_demos/share/gazebo_ros2_control_demos/package.bash'
[54.434s] INFO:colcon.colcon_core.shell:Creating package script '/home/anand/Desktop/moveo_ros2/install/gazebo_ros2_control_demos/share/gazebo_ros2_control_demos/package.zsh'
[54.435s] Level 1:colcon.colcon_core.environment:create_file_with_runtime_dependencies(/home/anand/Desktop/moveo_ros2/install/gazebo_ros2_control_demos/share/colcon-core/packages/gazebo_ros2_control_demos)
[54.510s] Level 1:colcon.colcon_core.environment:create_environment_scripts_only(gazebo_ros2_control_demos)
[54.517s] Level 1:colcon.colcon_core.environment:checking '/home/anand/Desktop/moveo_ros2/install/gazebo_ros2_control_demos' for CMake module files
[54.519s] Level 1:colcon.colcon_core.environment:checking '/home/anand/Desktop/moveo_ros2/install/gazebo_ros2_control_demos' for CMake config files
[54.520s] Level 1:colcon.colcon_core.shell:create_environment_hook('gazebo_ros2_control_demos', 'cmake_prefix_path')
[54.525s] INFO:colcon.colcon_core.shell:Creating environment hook '/home/anand/Desktop/moveo_ros2/install/gazebo_ros2_control_demos/share/gazebo_ros2_control_demos/hook/cmake_prefix_path.ps1'
[54.527s] INFO:colcon.colcon_core.shell:Creating environment descriptor '/home/anand/Desktop/moveo_ros2/install/gazebo_ros2_control_demos/share/gazebo_ros2_control_demos/hook/cmake_prefix_path.dsv'
[54.528s] INFO:colcon.colcon_core.shell:Creating environment hook '/home/anand/Desktop/moveo_ros2/install/gazebo_ros2_control_demos/share/gazebo_ros2_control_demos/hook/cmake_prefix_path.sh'
[54.529s] Level 1:colcon.colcon_core.environment:checking '/home/anand/Desktop/moveo_ros2/install/gazebo_ros2_control_demos/lib'
[54.529s] Level 1:colcon.colcon_core.environment:checking '/home/anand/Desktop/moveo_ros2/install/gazebo_ros2_control_demos/bin'
[54.529s] Level 1:colcon.colcon_core.environment:checking '/home/anand/Desktop/moveo_ros2/install/gazebo_ros2_control_demos/lib/pkgconfig/gazebo_ros2_control_demos.pc'
[54.530s] Level 1:colcon.colcon_core.environment:checking '/home/anand/Desktop/moveo_ros2/install/gazebo_ros2_control_demos/lib/python3.10/site-packages'
[54.531s] Level 1:colcon.colcon_core.environment:checking '/home/anand/Desktop/moveo_ros2/install/gazebo_ros2_control_demos/bin'
[54.535s] INFO:colcon.colcon_core.shell:Creating package script '/home/anand/Desktop/moveo_ros2/install/gazebo_ros2_control_demos/share/gazebo_ros2_control_demos/package.ps1'
[54.537s] INFO:colcon.colcon_core.shell:Creating package descriptor '/home/anand/Desktop/moveo_ros2/install/gazebo_ros2_control_demos/share/gazebo_ros2_control_demos/package.dsv'
[54.538s] INFO:colcon.colcon_core.shell:Creating package script '/home/anand/Desktop/moveo_ros2/install/gazebo_ros2_control_demos/share/gazebo_ros2_control_demos/package.sh'
[54.539s] INFO:colcon.colcon_core.shell:Creating package script '/home/anand/Desktop/moveo_ros2/install/gazebo_ros2_control_demos/share/gazebo_ros2_control_demos/package.bash'
[54.541s] INFO:colcon.colcon_core.shell:Creating package script '/home/anand/Desktop/moveo_ros2/install/gazebo_ros2_control_demos/share/gazebo_ros2_control_demos/package.zsh'
[54.541s] Level 1:colcon.colcon_core.environment:create_file_with_runtime_dependencies(/home/anand/Desktop/moveo_ros2/install/gazebo_ros2_control_demos/share/colcon-core/packages/gazebo_ros2_control_demos)
[76.332s] DEBUG:colcon.colcon_core.event_handler.log_command:Invoked command in '/home/anand/Desktop/moveo_ros2/build/diffdrive_arduino' returned '0': CMAKE_PREFIX_PATH=/home/anand/Desktop/moveo_ros2/install/serial:/home/anand/Desktop/moveo_ros2/install/diffdrive_arduino:/home/anand/Desktop/moveo_ros2/install/moveo_moveit_config:/home/anand/Desktop/moveo_ros2/install/moveo_arm:/home/anand/Desktop/moveo_ros2/install/gazebo_ros2_control_demos:/home/anand/Desktop/moveo_ros2/install/gazebo_ros2_control:/opt/ros/humble /usr/bin/cmake --build /home/anand/Desktop/moveo_ros2/build/diffdrive_arduino -- -j4 -l4
[76.378s] DEBUG:colcon.colcon_core.event_handler.log_command:Invoking command in '/home/anand/Desktop/moveo_ros2/build/diffdrive_arduino': CMAKE_PREFIX_PATH=/home/anand/Desktop/moveo_ros2/install/serial:/home/anand/Desktop/moveo_ros2/install/diffdrive_arduino:/home/anand/Desktop/moveo_ros2/install/moveo_moveit_config:/home/anand/Desktop/moveo_ros2/install/moveo_arm:/home/anand/Desktop/moveo_ros2/install/gazebo_ros2_control_demos:/home/anand/Desktop/moveo_ros2/install/gazebo_ros2_control:/opt/ros/humble /usr/bin/cmake --install /home/anand/Desktop/moveo_ros2/build/diffdrive_arduino
[76.527s] Level 1:colcon.colcon_core.environment:create_environment_scripts_only(diffdrive_arduino)
[76.536s] DEBUG:colcon.colcon_core.event_handler.log_command:Invoked command in '/home/anand/Desktop/moveo_ros2/build/diffdrive_arduino' returned '0': CMAKE_PREFIX_PATH=/home/anand/Desktop/moveo_ros2/install/serial:/home/anand/Desktop/moveo_ros2/install/diffdrive_arduino:/home/anand/Desktop/moveo_ros2/install/moveo_moveit_config:/home/anand/Desktop/moveo_ros2/install/moveo_arm:/home/anand/Desktop/moveo_ros2/install/gazebo_ros2_control_demos:/home/anand/Desktop/moveo_ros2/install/gazebo_ros2_control:/opt/ros/humble /usr/bin/cmake --install /home/anand/Desktop/moveo_ros2/build/diffdrive_arduino
[76.544s] Level 1:colcon.colcon_core.environment:checking '/home/anand/Desktop/moveo_ros2/install/diffdrive_arduino' for CMake module files
[76.546s] Level 1:colcon.colcon_core.environment:checking '/home/anand/Desktop/moveo_ros2/install/diffdrive_arduino' for CMake config files
[76.548s] Level 1:colcon.colcon_core.shell:create_environment_hook('diffdrive_arduino', 'cmake_prefix_path')
[76.573s] INFO:colcon.colcon_core.shell:Creating environment hook '/home/anand/Desktop/moveo_ros2/install/diffdrive_arduino/share/diffdrive_arduino/hook/cmake_prefix_path.ps1'
[76.575s] INFO:colcon.colcon_core.shell:Creating environment descriptor '/home/anand/Desktop/moveo_ros2/install/diffdrive_arduino/share/diffdrive_arduino/hook/cmake_prefix_path.dsv'
[76.577s] INFO:colcon.colcon_core.shell:Creating environment hook '/home/anand/Desktop/moveo_ros2/install/diffdrive_arduino/share/diffdrive_arduino/hook/cmake_prefix_path.sh'
[76.580s] Level 1:colcon.colcon_core.environment:checking '/home/anand/Desktop/moveo_ros2/install/diffdrive_arduino/lib'
[76.580s] Level 1:colcon.colcon_core.shell:create_environment_hook('diffdrive_arduino', 'ld_library_path_lib')
[76.586s] INFO:colcon.colcon_core.shell:Creating environment hook '/home/anand/Desktop/moveo_ros2/install/diffdrive_arduino/share/diffdrive_arduino/hook/ld_library_path_lib.ps1'
[76.587s] INFO:colcon.colcon_core.shell:Creating environment descriptor '/home/anand/Desktop/moveo_ros2/install/diffdrive_arduino/share/diffdrive_arduino/hook/ld_library_path_lib.dsv'
[76.588s] INFO:colcon.colcon_core.shell:Creating environment hook '/home/anand/Desktop/moveo_ros2/install/diffdrive_arduino/share/diffdrive_arduino/hook/ld_library_path_lib.sh'
[76.590s] Level 1:colcon.colcon_core.environment:checking '/home/anand/Desktop/moveo_ros2/install/diffdrive_arduino/bin'
[76.590s] Level 1:colcon.colcon_core.environment:checking '/home/anand/Desktop/moveo_ros2/install/diffdrive_arduino/lib/pkgconfig/diffdrive_arduino.pc'
[76.591s] Level 1:colcon.colcon_core.environment:checking '/home/anand/Desktop/moveo_ros2/install/diffdrive_arduino/lib/python3.10/site-packages'
[76.592s] Level 1:colcon.colcon_core.environment:checking '/home/anand/Desktop/moveo_ros2/install/diffdrive_arduino/bin'
[76.597s] INFO:colcon.colcon_core.shell:Creating package script '/home/anand/Desktop/moveo_ros2/install/diffdrive_arduino/share/diffdrive_arduino/package.ps1'
[76.598s] INFO:colcon.colcon_core.shell:Creating package descriptor '/home/anand/Desktop/moveo_ros2/install/diffdrive_arduino/share/diffdrive_arduino/package.dsv'
[76.600s] INFO:colcon.colcon_core.shell:Creating package script '/home/anand/Desktop/moveo_ros2/install/diffdrive_arduino/share/diffdrive_arduino/package.sh'
[76.603s] INFO:colcon.colcon_core.shell:Creating package script '/home/anand/Desktop/moveo_ros2/install/diffdrive_arduino/share/diffdrive_arduino/package.bash'
[76.604s] INFO:colcon.colcon_core.shell:Creating package script '/home/anand/Desktop/moveo_ros2/install/diffdrive_arduino/share/diffdrive_arduino/package.zsh'
[76.606s] Level 1:colcon.colcon_core.environment:create_file_with_runtime_dependencies(/home/anand/Desktop/moveo_ros2/install/diffdrive_arduino/share/colcon-core/packages/diffdrive_arduino)
[76.663s] Level 1:colcon.colcon_core.environment:create_environment_scripts_only(diffdrive_arduino)
[76.667s] Level 1:colcon.colcon_core.environment:checking '/home/anand/Desktop/moveo_ros2/install/diffdrive_arduino' for CMake module files
[76.668s] Level 1:colcon.colcon_core.environment:checking '/home/anand/Desktop/moveo_ros2/install/diffdrive_arduino' for CMake config files
[76.669s] Level 1:colcon.colcon_core.shell:create_environment_hook('diffdrive_arduino', 'cmake_prefix_path')
[76.672s] INFO:colcon.colcon_core.shell:Creating environment hook '/home/anand/Desktop/moveo_ros2/install/diffdrive_arduino/share/diffdrive_arduino/hook/cmake_prefix_path.ps1'
[76.673s] INFO:colcon.colcon_core.shell:Creating environment descriptor '/home/anand/Desktop/moveo_ros2/install/diffdrive_arduino/share/diffdrive_arduino/hook/cmake_prefix_path.dsv'
[76.674s] INFO:colcon.colcon_core.shell:Creating environment hook '/home/anand/Desktop/moveo_ros2/install/diffdrive_arduino/share/diffdrive_arduino/hook/cmake_prefix_path.sh'
[76.676s] Level 1:colcon.colcon_core.environment:checking '/home/anand/Desktop/moveo_ros2/install/diffdrive_arduino/lib'
[76.676s] Level 1:colcon.colcon_core.shell:create_environment_hook('diffdrive_arduino', 'ld_library_path_lib')
[76.679s] INFO:colcon.colcon_core.shell:Creating environment hook '/home/anand/Desktop/moveo_ros2/install/diffdrive_arduino/share/diffdrive_arduino/hook/ld_library_path_lib.ps1'
[76.680s] INFO:colcon.colcon_core.shell:Creating environment descriptor '/home/anand/Desktop/moveo_ros2/install/diffdrive_arduino/share/diffdrive_arduino/hook/ld_library_path_lib.dsv'
[76.681s] INFO:colcon.colcon_core.shell:Creating environment hook '/home/anand/Desktop/moveo_ros2/install/diffdrive_arduino/share/diffdrive_arduino/hook/ld_library_path_lib.sh'
[76.682s] Level 1:colcon.colcon_core.environment:checking '/home/anand/Desktop/moveo_ros2/install/diffdrive_arduino/bin'
[76.696s] Level 1:colcon.colcon_core.environment:checking '/home/anand/Desktop/moveo_ros2/install/diffdrive_arduino/lib/pkgconfig/diffdrive_arduino.pc'
[76.697s] Level 1:colcon.colcon_core.environment:checking '/home/anand/Desktop/moveo_ros2/install/diffdrive_arduino/lib/python3.10/site-packages'
[76.697s] Level 1:colcon.colcon_core.environment:checking '/home/anand/Desktop/moveo_ros2/install/diffdrive_arduino/bin'
[76.702s] INFO:colcon.colcon_core.shell:Creating package script '/home/anand/Desktop/moveo_ros2/install/diffdrive_arduino/share/diffdrive_arduino/package.ps1'
[76.704s] INFO:colcon.colcon_core.shell:Creating package descriptor '/home/anand/Desktop/moveo_ros2/install/diffdrive_arduino/share/diffdrive_arduino/package.dsv'
[76.706s] INFO:colcon.colcon_core.shell:Creating package script '/home/anand/Desktop/moveo_ros2/install/diffdrive_arduino/share/diffdrive_arduino/package.sh'
[76.707s] INFO:colcon.colcon_core.shell:Creating package script '/home/anand/Desktop/moveo_ros2/install/diffdrive_arduino/share/diffdrive_arduino/package.bash'
[76.708s] INFO:colcon.colcon_core.shell:Creating package script '/home/anand/Desktop/moveo_ros2/install/diffdrive_arduino/share/diffdrive_arduino/package.zsh'
[76.709s] Level 1:colcon.colcon_core.environment:create_file_with_runtime_dependencies(/home/anand/Desktop/moveo_ros2/install/diffdrive_arduino/share/colcon-core/packages/diffdrive_arduino)
[76.754s] DEBUG:colcon.colcon_parallel_executor.executor.parallel:closing loop
[76.759s] DEBUG:colcon.colcon_parallel_executor.executor.parallel:loop closed
[76.759s] DEBUG:colcon.colcon_parallel_executor.executor.parallel:run_until_complete finished with '0'
[76.759s] DEBUG:colcon.colcon_core.event_reactor:joining thread
[78.311s] INFO:colcon.colcon_core.plugin_system:Skipping extension 'colcon_notification.desktop_notification.terminal_notifier': Not used on non-Darwin systems
[78.312s] INFO:colcon.colcon_core.plugin_system:Skipping extension 'colcon_notification.desktop_notification.win32': Not used on non-Windows systems
[78.312s] INFO:colcon.colcon_notification.desktop_notification:Sending desktop notification using 'notify2'
[79.123s] DEBUG:colcon.colcon_core.event_reactor:joined thread
[79.128s] INFO:colcon.colcon_core.shell:Creating prefix script '/home/anand/Desktop/moveo_ros2/install/local_setup.ps1'
[79.169s] INFO:colcon.colcon_core.shell:Creating prefix util module '/home/anand/Desktop/moveo_ros2/install/_local_setup_util_ps1.py'
[79.180s] INFO:colcon.colcon_core.shell:Creating prefix chain script '/home/anand/Desktop/moveo_ros2/install/setup.ps1'
[79.187s] INFO:colcon.colcon_core.shell:Creating prefix script '/home/anand/Desktop/moveo_ros2/install/local_setup.sh'
[79.190s] INFO:colcon.colcon_core.shell:Creating prefix util module '/home/anand/Desktop/moveo_ros2/install/_local_setup_util_sh.py'
[79.192s] INFO:colcon.colcon_core.shell:Creating prefix chain script '/home/anand/Desktop/moveo_ros2/install/setup.sh'
[79.231s] INFO:colcon.colcon_core.shell:Creating prefix script '/home/anand/Desktop/moveo_ros2/install/local_setup.bash'
[79.262s] INFO:colcon.colcon_core.shell:Creating prefix chain script '/home/anand/Desktop/moveo_ros2/install/setup.bash'
[79.268s] INFO:colcon.colcon_core.shell:Creating prefix script '/home/anand/Desktop/moveo_ros2/install/local_setup.zsh'
[79.270s] INFO:colcon.colcon_core.shell:Creating prefix chain script '/home/anand/Desktop/moveo_ros2/install/setup.zsh'
