[0.990s] Invoking command in '/home/anand/Desktop/moveo_ros2/build/gazebo_ros2_control': CMAKE_PREFIX_PATH=${CMAKE_PREFIX_PATH}:/opt/ros/humble /usr/bin/cmake --build /home/anand/Desktop/moveo_ros2/build/gazebo_ros2_control -- -j4 -l4
[11.111s] [ 50%] Built target gazebo_ros2_control
[11.310s] [100%] Built target gazebo_hardware_plugins
[11.338s] Invoked command in '/home/anand/Desktop/moveo_ros2/build/gazebo_ros2_control' returned '0': CMAKE_PREFIX_PATH=${CMAKE_PREFIX_PATH}:/opt/ros/humble /usr/bin/cmake --build /home/anand/Desktop/moveo_ros2/build/gazebo_ros2_control -- -j4 -l4
[11.460s] Invoking command in '/home/anand/Desktop/moveo_ros2/build/gazebo_ros2_control': CMAKE_PREFIX_PATH=${CMAKE_PREFIX_PATH}:/opt/ros/humble /usr/bin/cmake --install /home/anand/Desktop/moveo_ros2/build/gazebo_ros2_control
[11.476s] -- Install configuration: ""
[11.534s] -- Up-to-date: /home/anand/Desktop/moveo_ros2/install/gazebo_ros2_control/lib/libgazebo_ros2_control.so
[11.534s] -- Up-to-date: /home/anand/Desktop/moveo_ros2/install/gazebo_ros2_control/lib/libgazebo_hardware_plugins.so
[11.535s] -- Up-to-date: /home/anand/Desktop/moveo_ros2/install/gazebo_ros2_control/share/gazebo_ros2_control/environment/library_path.sh
[11.535s] -- Up-to-date: /home/anand/Desktop/moveo_ros2/install/gazebo_ros2_control/share/gazebo_ros2_control/environment/library_path.dsv
[11.535s] -- Up-to-date: /home/anand/Desktop/moveo_ros2/install/gazebo_ros2_control/include/gazebo_ros2_control
[11.535s] -- Up-to-date: /home/anand/Desktop/moveo_ros2/install/gazebo_ros2_control/include/gazebo_ros2_control/gazebo_system_interface.hpp
[11.536s] -- Up-to-date: /home/anand/Desktop/moveo_ros2/install/gazebo_ros2_control/include/gazebo_ros2_control/gazebo_system.hpp
[11.536s] -- Up-to-date: /home/anand/Desktop/moveo_ros2/install/gazebo_ros2_control/include/gazebo_ros2_control/gazebo_ros2_control_plugin.hpp
[11.537s] -- Up-to-date: /home/anand/Desktop/moveo_ros2/install/gazebo_ros2_control/share/gazebo_ros2_control/gazebo_hardware_plugins.xml
[11.537s] -- Up-to-date: /home/anand/Desktop/moveo_ros2/install/gazebo_ros2_control/share/ament_index/resource_index/package_run_dependencies/gazebo_ros2_control
[11.537s] -- Up-to-date: /home/anand/Desktop/moveo_ros2/install/gazebo_ros2_control/share/ament_index/resource_index/parent_prefix_path/gazebo_ros2_control
[11.537s] -- Up-to-date: /home/anand/Desktop/moveo_ros2/install/gazebo_ros2_control/share/gazebo_ros2_control/environment/ament_prefix_path.sh
[11.537s] -- Up-to-date: /home/anand/Desktop/moveo_ros2/install/gazebo_ros2_control/share/gazebo_ros2_control/environment/ament_prefix_path.dsv
[11.538s] -- Up-to-date: /home/anand/Desktop/moveo_ros2/install/gazebo_ros2_control/share/gazebo_ros2_control/environment/path.sh
[11.538s] -- Up-to-date: /home/anand/Desktop/moveo_ros2/install/gazebo_ros2_control/share/gazebo_ros2_control/environment/path.dsv
[11.538s] -- Up-to-date: /home/anand/Desktop/moveo_ros2/install/gazebo_ros2_control/share/gazebo_ros2_control/local_setup.bash
[11.538s] -- Up-to-date: /home/anand/Desktop/moveo_ros2/install/gazebo_ros2_control/share/gazebo_ros2_control/local_setup.sh
[11.539s] -- Up-to-date: /home/anand/Desktop/moveo_ros2/install/gazebo_ros2_control/share/gazebo_ros2_control/local_setup.zsh
[11.539s] -- Up-to-date: /home/anand/Desktop/moveo_ros2/install/gazebo_ros2_control/share/gazebo_ros2_control/local_setup.dsv
[11.539s] -- Installing: /home/anand/Desktop/moveo_ros2/install/gazebo_ros2_control/share/gazebo_ros2_control/package.dsv
[11.624s] -- Up-to-date: /home/anand/Desktop/moveo_ros2/install/gazebo_ros2_control/share/ament_index/resource_index/packages/gazebo_ros2_control
[11.625s] -- Up-to-date: /home/anand/Desktop/moveo_ros2/install/gazebo_ros2_control/share/ament_index/resource_index/gazebo_ros2_control__pluginlib__plugin/gazebo_ros2_control
[11.625s] -- Up-to-date: /home/anand/Desktop/moveo_ros2/install/gazebo_ros2_control/share/gazebo_ros2_control/cmake/ament_cmake_export_include_directories-extras.cmake
[11.626s] -- Up-to-date: /home/anand/Desktop/moveo_ros2/install/gazebo_ros2_control/share/gazebo_ros2_control/cmake/ament_cmake_export_dependencies-extras.cmake
[11.626s] -- Up-to-date: /home/anand/Desktop/moveo_ros2/install/gazebo_ros2_control/share/gazebo_ros2_control/cmake/ament_cmake_export_libraries-extras.cmake
[11.626s] -- Up-to-date: /home/anand/Desktop/moveo_ros2/install/gazebo_ros2_control/share/gazebo_ros2_control/cmake/gazebo_ros2_controlConfig.cmake
[11.626s] -- Up-to-date: /home/anand/Desktop/moveo_ros2/install/gazebo_ros2_control/share/gazebo_ros2_control/cmake/gazebo_ros2_controlConfig-version.cmake
[11.631s] -- Up-to-date: /home/anand/Desktop/moveo_ros2/install/gazebo_ros2_control/share/gazebo_ros2_control/package.xml
[11.650s] Invoked command in '/home/anand/Desktop/moveo_ros2/build/gazebo_ros2_control' returned '0': CMAKE_PREFIX_PATH=${CMAKE_PREFIX_PATH}:/opt/ros/humble /usr/bin/cmake --install /home/anand/Desktop/moveo_ros2/build/gazebo_ros2_control
