[0.172s] Invoking command in '/home/anand/Desktop/moveo_ros2/build/serial': CMAKE_PREFIX_PATH=${CMAKE_PREFIX_PATH}:/opt/ros/humble /usr/bin/cmake --build /home/anand/Desktop/moveo_ros2/build/serial -- -j4 -l4
[1.575s] [35m[1mConsolidate compiler generated dependencies of target gtest_main[0m
[1.576s] [35m[1mConsolidate compiler generated dependencies of target gtest[0m
[1.589s] [35m[1mConsolidate compiler generated dependencies of target serial[0m
[1.623s] [ 28%] Built target gtest_main
[1.623s] [ 57%] Built target gtest
[1.624s] [ 57%] Built target serial
[1.648s] [35m[1mConsolidate compiler generated dependencies of target serial_example[0m
[1.666s] [ 71%] Built target serial_example
[1.684s] [35m[1mConsolidate compiler generated dependencies of target serial-test-timer[0m
[1.706s] [ 85%] Built target serial-test-timer
[1.718s] [35m[1mConsolidate compiler generated dependencies of target serial-test[0m
[1.746s] [100%] Built target serial-test
[2.103s] Invoked command in '/home/anand/Desktop/moveo_ros2/build/serial' returned '0': CMAKE_PREFIX_PATH=${CMAKE_PREFIX_PATH}:/opt/ros/humble /usr/bin/cmake --build /home/anand/Desktop/moveo_ros2/build/serial -- -j4 -l4
[2.222s] Invoking command in '/home/anand/Desktop/moveo_ros2/build/serial': CMAKE_PREFIX_PATH=${CMAKE_PREFIX_PATH}:/opt/ros/humble /usr/bin/cmake --install /home/anand/Desktop/moveo_ros2/build/serial
[2.277s] -- Install configuration: ""
[2.277s] -- Up-to-date: /home/anand/Desktop/moveo_ros2/install/serial/lib/libserial.a
[2.314s] -- Up-to-date: /home/anand/Desktop/moveo_ros2/install/serial/include/serial/serial.h
[2.314s] -- Up-to-date: /home/anand/Desktop/moveo_ros2/install/serial/include/serial/v8stdint.h
[2.314s] -- Up-to-date: /home/anand/Desktop/moveo_ros2/install/serial/share/serial/environment/library_path.sh
[2.314s] -- Up-to-date: /home/anand/Desktop/moveo_ros2/install/serial/share/serial/environment/library_path.dsv
[2.315s] -- Up-to-date: /home/anand/Desktop/moveo_ros2/install/serial/share/ament_index/resource_index/package_run_dependencies/serial
[2.317s] -- Up-to-date: /home/anand/Desktop/moveo_ros2/install/serial/share/ament_index/resource_index/parent_prefix_path/serial
[2.318s] -- Up-to-date: /home/anand/Desktop/moveo_ros2/install/serial/share/serial/environment/ament_prefix_path.sh
[2.318s] -- Up-to-date: /home/anand/Desktop/moveo_ros2/install/serial/share/serial/environment/ament_prefix_path.dsv
[2.318s] -- Up-to-date: /home/anand/Desktop/moveo_ros2/install/serial/share/serial/environment/path.sh
[2.318s] -- Up-to-date: /home/anand/Desktop/moveo_ros2/install/serial/share/serial/environment/path.dsv
[2.319s] -- Up-to-date: /home/anand/Desktop/moveo_ros2/install/serial/share/serial/local_setup.bash
[2.319s] -- Up-to-date: /home/anand/Desktop/moveo_ros2/install/serial/share/serial/local_setup.sh
[2.319s] -- Up-to-date: /home/anand/Desktop/moveo_ros2/install/serial/share/serial/local_setup.zsh
[2.319s] -- Up-to-date: /home/anand/Desktop/moveo_ros2/install/serial/share/serial/local_setup.dsv
[2.320s] -- Installing: /home/anand/Desktop/moveo_ros2/install/serial/share/serial/package.dsv
[2.320s] -- Up-to-date: /home/anand/Desktop/moveo_ros2/install/serial/share/ament_index/resource_index/packages/serial
[2.320s] -- Up-to-date: /home/anand/Desktop/moveo_ros2/install/serial/share/serial/cmake/ament_cmake_export_include_directories-extras.cmake
[2.320s] -- Up-to-date: /home/anand/Desktop/moveo_ros2/install/serial/share/serial/cmake/ament_cmake_export_libraries-extras.cmake
[2.320s] -- Up-to-date: /home/anand/Desktop/moveo_ros2/install/serial/share/serial/cmake/serialConfig.cmake
[2.320s] -- Up-to-date: /home/anand/Desktop/moveo_ros2/install/serial/share/serial/cmake/serialConfig-version.cmake
[2.321s] -- Up-to-date: /home/anand/Desktop/moveo_ros2/install/serial/share/serial/package.xml
[2.342s] Invoked command in '/home/anand/Desktop/moveo_ros2/build/serial' returned '0': CMAKE_PREFIX_PATH=${CMAKE_PREFIX_PATH}:/opt/ros/humble /usr/bin/cmake --install /home/anand/Desktop/moveo_ros2/build/serial
