[0.027s] Invoking command in '/home/anand/Desktop/moveo_ros2/build/moveo_arm': CMAKE_PREFIX_PATH=${CMAKE_PREFIX_PATH}:/opt/ros/humble /usr/bin/cmake --build /home/anand/Desktop/moveo_ros2/build/moveo_arm -- -j4 -l4
[0.079s] Invoked command in '/home/anand/Desktop/moveo_ros2/build/moveo_arm' returned '0': CMAKE_PREFIX_PATH=${CMAKE_PREFIX_PATH}:/opt/ros/humble /usr/bin/cmake --build /home/anand/Desktop/moveo_ros2/build/moveo_arm -- -j4 -l4
[0.138s] Invoking command in '/home/anand/Desktop/moveo_ros2/build/moveo_arm': CMAKE_PREFIX_PATH=${CMAKE_PREFIX_PATH}:/opt/ros/humble /usr/bin/cmake --install /home/anand/Desktop/moveo_ros2/build/moveo_arm
[0.149s] -- Install configuration: ""
[0.149s] -- Up-to-date: /home/anand/Desktop/moveo_ros2/install/moveo_arm/share/moveo_arm/launch
[0.150s] -- Up-to-date: /home/anand/Desktop/moveo_ros2/install/moveo_arm/share/moveo_arm/launch/moveit_gazebo.launch.py
[0.151s] -- Up-to-date: /home/anand/Desktop/moveo_ros2/install/moveo_arm/share/moveo_arm/launch/moveit.launch.py
[0.151s] -- Up-to-date: /home/anand/Desktop/moveo_ros2/install/moveo_arm/share/moveo_arm/launch/start_moveit.launch.py
[0.152s] -- Up-to-date: /home/anand/Desktop/moveo_ros2/install/moveo_arm/share/moveo_arm/urdf
[0.152s] -- Up-to-date: /home/anand/Desktop/moveo_ros2/install/moveo_arm/share/moveo_arm/urdf/moveo_gazebo.xacro
[0.153s] -- Installing: /home/anand/Desktop/moveo_ros2/install/moveo_arm/share/moveo_arm/urdf/moveo.urdf.xacro
[0.153s] -- Up-to-date: /home/anand/Desktop/moveo_ros2/install/moveo_arm/share/moveo_arm/urdf/moveo.urdf
[0.154s] -- Up-to-date: /home/anand/Desktop/moveo_ros2/install/moveo_arm/share/moveo_arm/meshes
[0.154s] -- Up-to-date: /home/anand/Desktop/moveo_ros2/install/moveo_arm/share/moveo_arm/meshes/Gripper_Servo_Gear.STL
[0.154s] -- Up-to-date: /home/anand/Desktop/moveo_ros2/install/moveo_arm/share/moveo_arm/meshes/link5.mlp
[0.154s] -- Up-to-date: /home/anand/Desktop/moveo_ros2/install/moveo_arm/share/moveo_arm/meshes/Pivot_Arm_Gripper_Idol.STL
[0.155s] -- Up-to-date: /home/anand/Desktop/moveo_ros2/install/moveo_arm/share/moveo_arm/meshes/Gripper_Idol_Gear_col.STL
[0.155s] -- Up-to-date: /home/anand/Desktop/moveo_ros2/install/moveo_arm/share/moveo_arm/meshes/Tip_Gripper_Servo.STL
[0.155s] -- Up-to-date: /home/anand/Desktop/moveo_ros2/install/moveo_arm/share/moveo_arm/meshes/Link_2_edited.STL
[0.155s] -- Up-to-date: /home/anand/Desktop/moveo_ros2/install/moveo_arm/share/moveo_arm/meshes/Link_3_col.STL
[0.156s] -- Up-to-date: /home/anand/Desktop/moveo_ros2/install/moveo_arm/share/moveo_arm/meshes/Tip_Gripper_Idol.STL
[0.156s] -- Up-to-date: /home/anand/Desktop/moveo_ros2/install/moveo_arm/share/moveo_arm/meshes/Link_5_col.STL
[0.156s] -- Up-to-date: /home/anand/Desktop/moveo_ros2/install/moveo_arm/share/moveo_arm/meshes/base_link.STL
[0.158s] -- Up-to-date: /home/anand/Desktop/moveo_ros2/install/moveo_arm/share/moveo_arm/meshes/Pivot_Arm_Gripper_Servo_col.STL
[0.161s] -- Up-to-date: /home/anand/Desktop/moveo_ros2/install/moveo_arm/share/moveo_arm/meshes/Gripper_Idol_Gear.STL
[0.165s] -- Up-to-date: /home/anand/Desktop/moveo_ros2/install/moveo_arm/share/moveo_arm/meshes/Pivot_Arm_Gripper_Servo.STL
[0.165s] -- Up-to-date: /home/anand/Desktop/moveo_ros2/install/moveo_arm/share/moveo_arm/meshes/Link_5_edited.STL
[0.168s] -- Up-to-date: /home/anand/Desktop/moveo_ros2/install/moveo_arm/share/moveo_arm/meshes/Link_1_edited.STL
[0.169s] -- Up-to-date: /home/anand/Desktop/moveo_ros2/install/moveo_arm/share/moveo_arm/meshes/Link_4_edited.STL
[0.169s] -- Up-to-date: /home/anand/Desktop/moveo_ros2/install/moveo_arm/share/moveo_arm/meshes/Gripper_Servo_Gear_col.STL
[0.170s] -- Up-to-date: /home/anand/Desktop/moveo_ros2/install/moveo_arm/share/moveo_arm/meshes/link5col.mlp
[0.170s] -- Up-to-date: /home/anand/Desktop/moveo_ros2/install/moveo_arm/share/moveo_arm/meshes/Link_1_col.STL
[0.171s] -- Up-to-date: /home/anand/Desktop/moveo_ros2/install/moveo_arm/share/moveo_arm/meshes/Link_2_col.STL
[0.171s] -- Up-to-date: /home/anand/Desktop/moveo_ros2/install/moveo_arm/share/moveo_arm/meshes/Tip_Gripper_Idol_col.STL
[0.171s] -- Up-to-date: /home/anand/Desktop/moveo_ros2/install/moveo_arm/share/moveo_arm/meshes/Pivot_Arm_Gripper_Idol_col.STL
[0.171s] -- Up-to-date: /home/anand/Desktop/moveo_ros2/install/moveo_arm/share/moveo_arm/meshes/Tip_Gripper_Servo_col.STL
[0.172s] -- Up-to-date: /home/anand/Desktop/moveo_ros2/install/moveo_arm/share/moveo_arm/meshes/Link_4_col.STL
[0.172s] -- Up-to-date: /home/anand/Desktop/moveo_ros2/install/moveo_arm/share/moveo_arm/meshes/Link_3_edited.STL
[0.172s] -- Up-to-date: /home/anand/Desktop/moveo_ros2/install/moveo_arm/share/moveo_arm/meshes/base_link_col.STL
[0.173s] -- Up-to-date: /home/anand/Desktop/moveo_ros2/install/moveo_arm/share/ament_index/resource_index/package_run_dependencies/moveo_arm
[0.173s] -- Up-to-date: /home/anand/Desktop/moveo_ros2/install/moveo_arm/share/ament_index/resource_index/parent_prefix_path/moveo_arm
[0.175s] -- Up-to-date: /home/anand/Desktop/moveo_ros2/install/moveo_arm/share/moveo_arm/environment/ament_prefix_path.sh
[0.176s] -- Up-to-date: /home/anand/Desktop/moveo_ros2/install/moveo_arm/share/moveo_arm/environment/ament_prefix_path.dsv
[0.177s] -- Up-to-date: /home/anand/Desktop/moveo_ros2/install/moveo_arm/share/moveo_arm/environment/path.sh
[0.177s] -- Up-to-date: /home/anand/Desktop/moveo_ros2/install/moveo_arm/share/moveo_arm/environment/path.dsv
[0.178s] -- Up-to-date: /home/anand/Desktop/moveo_ros2/install/moveo_arm/share/moveo_arm/local_setup.bash
[0.178s] -- Up-to-date: /home/anand/Desktop/moveo_ros2/install/moveo_arm/share/moveo_arm/local_setup.sh
[0.180s] -- Up-to-date: /home/anand/Desktop/moveo_ros2/install/moveo_arm/share/moveo_arm/local_setup.zsh
[0.181s] -- Up-to-date: /home/anand/Desktop/moveo_ros2/install/moveo_arm/share/moveo_arm/local_setup.dsv
[0.181s] -- Installing: /home/anand/Desktop/moveo_ros2/install/moveo_arm/share/moveo_arm/package.dsv
[0.182s] -- Up-to-date: /home/anand/Desktop/moveo_ros2/install/moveo_arm/share/ament_index/resource_index/packages/moveo_arm
[0.182s] -- Up-to-date: /home/anand/Desktop/moveo_ros2/install/moveo_arm/share/moveo_arm/cmake/moveo_armConfig.cmake
[0.183s] -- Up-to-date: /home/anand/Desktop/moveo_ros2/install/moveo_arm/share/moveo_arm/cmake/moveo_armConfig-version.cmake
[0.183s] -- Up-to-date: /home/anand/Desktop/moveo_ros2/install/moveo_arm/share/moveo_arm/package.xml
[0.183s] Invoked command in '/home/anand/Desktop/moveo_ros2/build/moveo_arm' returned '0': CMAKE_PREFIX_PATH=${CMAKE_PREFIX_PATH}:/opt/ros/humble /usr/bin/cmake --install /home/anand/Desktop/moveo_ros2/build/moveo_arm
