[0.096s] Invoking command in '/home/anand/Desktop/moveo_ros2/build/gazebo_ros2_control': CMAKE_PREFIX_PATH=${CMAKE_PREFIX_PATH}:/opt/ros/humble /usr/bin/cmake /home/anand/Desktop/moveo_ros2/src/gazebo_ros2_control -DCMAKE_INSTALL_PREFIX=/home/anand/Desktop/moveo_ros2/install/gazebo_ros2_control
[10.030s] -- The C compiler identification is GNU 11.3.0
[15.605s] -- The CXX compiler identification is GNU 11.3.0
[16.935s] -- Detecting C compiler ABI info
[17.819s] -- Detecting C compiler ABI info - done
[17.838s] -- Check for working C compiler: /usr/bin/cc - skipped
[17.839s] -- Detecting C compile features
[17.910s] -- Detecting C compile features - done
[17.968s] -- Detecting CXX compiler ABI info
[18.323s] -- Detecting CXX compiler ABI info - done
[18.347s] -- Check for working CXX compiler: /usr/bin/c++ - skipped
[18.347s] -- Detecting CXX compile features
[18.348s] -- Detecting CXX compile features - done
[18.614s] -- Found ament_cmake: 1.3.3 (/opt/ros/humble/share/ament_cmake/cmake)
[20.242s] -- Found Python3: /usr/bin/python3.10 (found version "3.10.6") found components: Interpreter 
[23.368s] -- Found angles: 1.15.0 (/opt/ros/humble/share/angles/cmake)
[23.791s] -- Found controller_manager: 2.24.1 (/opt/ros/humble/share/controller_manager/cmake)
[33.367s] -- Found rosidl_generator_c: 3.1.4 (/opt/ros/humble/share/rosidl_generator_c/cmake)
[33.694s] -- Found rosidl_adapter: 3.1.4 (/opt/ros/humble/share/rosidl_adapter/cmake)
[34.781s] -- Found rosidl_generator_cpp: 3.1.4 (/opt/ros/humble/share/rosidl_generator_cpp/cmake)
[37.896s] -- Using all available rosidl_typesupport_c: rosidl_typesupport_fastrtps_c;rosidl_typesupport_introspection_c
[38.730s] -- Using all available rosidl_typesupport_cpp: rosidl_typesupport_fastrtps_cpp;rosidl_typesupport_introspection_cpp
[45.647s] -- Found rmw_implementation_cmake: 6.1.1 (/opt/ros/humble/share/rmw_implementation_cmake/cmake)
[45.663s] -- Found rmw_cyclonedds_cpp: 1.3.4 (/opt/ros/humble/share/rmw_cyclonedds_cpp/cmake)
[45.958s] -- Using RMW implementation 'rmw_cyclonedds_cpp' as default
[46.073s] -- Looking for pthread.h
[47.589s] -- Looking for pthread.h - found
[47.590s] -- Performing Test CMAKE_HAVE_LIBC_PTHREAD
[48.017s] -- Performing Test CMAKE_HAVE_LIBC_PTHREAD - Success
[48.020s] -- Found Threads: TRUE  
[51.386s] -- Found gazebo_dev: 3.7.0 (/opt/ros/humble/share/gazebo_dev/cmake)
[51.646s] -- Found PkgConfig: /usr/bin/pkg-config (found version "0.29.2") 
[51.701s] -- Checking for module 'bullet>=2.82'
[52.092s] --   Found bullet, version 3.05
[52.964s] -- Found fcl: /usr/include (found suitable version "0.7.0", minimum required is "0.5.0") 
[53.108s] -- Found assimp: /usr/include (found version "5.2.0") 
[53.718s] -- Found DART: /usr/include (Required is at least version "6.6") found components: dart 
[54.288s] -- Found Boost: /usr/lib/x86_64-linux-gnu/cmake/Boost-1.74.0/BoostConfig.cmake (found suitable version "1.74.0", minimum required is "1.40.0") found components: thread system filesystem program_options regex iostreams date_time 
[54.983s] -- Found Protobuf: /usr/lib/x86_64-linux-gnu/libprotobuf.so (found version "3.12.4") 
[55.150s] -- Looking for ignition-math6 -- found version 6.12.0
[55.321s] -- Searching for dependencies of ignition-math6
[55.349s] -- Looking for OGRE...
[55.350s] -- OGRE_PREFIX_WATCH changed.
[55.362s] -- Checking for module 'OGRE'
[55.391s] --   Found OGRE, version 1.9.0
[55.536s] -- Found Ogre Ghadamon (1.9.0)
[55.646s] -- Found OGRE: optimized;/usr/lib/x86_64-linux-gnu/libOgreMain.so;debug;/usr/lib/x86_64-linux-gnu/libOgreMain.so
[55.672s] -- Looking for OGRE_Paging...
[55.716s] -- Found OGRE_Paging: optimized;/usr/lib/x86_64-linux-gnu/libOgrePaging.so;debug;/usr/lib/x86_64-linux-gnu/libOgrePaging.so
[55.716s] -- Looking for OGRE_Terrain...
[55.733s] -- Found OGRE_Terrain: optimized;/usr/lib/x86_64-linux-gnu/libOgreTerrain.so;debug;/usr/lib/x86_64-linux-gnu/libOgreTerrain.so
[55.733s] -- Looking for OGRE_Property...
[55.745s] -- Found OGRE_Property: optimized;/usr/lib/x86_64-linux-gnu/libOgreProperty.so;debug;/usr/lib/x86_64-linux-gnu/libOgreProperty.so
[55.745s] -- Looking for OGRE_RTShaderSystem...
[55.762s] -- Found OGRE_RTShaderSystem: optimized;/usr/lib/x86_64-linux-gnu/libOgreRTShaderSystem.so;debug;/usr/lib/x86_64-linux-gnu/libOgreRTShaderSystem.so
[55.762s] -- Looking for OGRE_Volume...
[55.777s] -- Found OGRE_Volume: optimized;/usr/lib/x86_64-linux-gnu/libOgreVolume.so;debug;/usr/lib/x86_64-linux-gnu/libOgreVolume.so
[55.778s] -- Looking for OGRE_Overlay...
[55.820s] -- Found OGRE_Overlay: optimized;/usr/lib/x86_64-linux-gnu/libOgreOverlay.so;debug;/usr/lib/x86_64-linux-gnu/libOgreOverlay.so
[56.218s] -- Looking for ignition-math6 -- found version 6.12.0
[56.282s] -- Looking for ignition-transport8 -- found version 8.2.1
[56.283s] -- Searching for dependencies of ignition-transport8
[56.347s] -- Found Protobuf: /usr/lib/x86_64-linux-gnu/libprotobuf.so (found suitable version "3.12.4", minimum required is "3") 
[56.383s] -- Config-file not installed for ZeroMQ -- checking for pkg-config
[56.392s] -- Checking for module 'libzmq >= 4'
[56.642s] --   Found libzmq , version 4.3.4
[56.715s] -- Found ZeroMQ: TRUE (Required is at least version "4") 
[56.748s] -- Checking for module 'uuid'
[56.787s] --   Found uuid, version 2.37.2
[56.850s] -- Found UUID: TRUE  
[56.889s] -- Looking for ignition-msgs5 -- found version 5.8.1
[56.890s] -- Searching for dependencies of ignition-msgs5
[56.922s] -- Looking for ignition-math6 -- found version 6.12.0
[56.962s] -- Checking for module 'tinyxml2'
[57.002s] --   Found tinyxml2, version 9.0.0
[57.275s] -- Looking for ignition-msgs5 -- found version 5.8.1
[57.355s] -- Looking for ignition-common3 -- found version 3.14.0
[57.357s] -- Searching for dependencies of ignition-common3
[57.394s] -- Looking for dlfcn.h - found
[57.398s] -- Looking for libdl - found
[57.402s] -- Found DL: TRUE  
[57.435s] -- Found tinyobjloader: /usr/lib/x86_64-linux-gnu/cmake/tinyobjloader/tinyobjloader-config.cmake (found version "2.0.0") 
[57.437s] -- Searching for <ignition-common3> component [graphics]
[57.441s] -- Looking for ignition-common3-graphics -- found version 3.14.0
[57.443s] -- Searching for dependencies of ignition-common3-graphics
[57.444s] -- Looking for ignition-math6 -- found version 6.12.0
[57.484s] -- Looking for ignition-fuel_tools4 -- found version 4.4.0
[57.485s] -- Searching for dependencies of ignition-fuel_tools4
[57.699s] -- Found CURL: /usr/lib/x86_64-linux-gnu/libcurl.so (found version "7.81.0")  
[57.803s] -- Checking for module 'jsoncpp'
[57.828s] --   Found jsoncpp, version 1.9.5
[57.890s] -- Found JSONCPP: TRUE  
[57.903s] -- Checking for module 'libzip'
[57.930s] --   Found libzip, version 1.7.3
[57.988s] -- Found ZIP: TRUE  
[57.989s] -- Looking for ignition-common3 -- found version 3.14.0
[57.990s] -- Looking for ignition-math6 -- found version 6.12.0
[57.991s] -- Looking for ignition-msgs5 -- found version 5.8.1
[58.121s] -- Gazebo version: 11.10
[58.121s] -- Checking for module 'tbb'
[58.179s] --   Found tbb, version 2021.5.0
[58.274s] -- Found gazebo_ros: 3.7.0 (/opt/ros/humble/share/gazebo_ros/cmake)
[58.393s] -- Found yaml_cpp_vendor: 8.0.2 (/opt/ros/humble/share/yaml_cpp_vendor/cmake)
[60.286s] -- Found ament_cmake_gtest: 1.3.3 (/opt/ros/humble/share/ament_cmake_gtest/cmake)
[60.553s] -- Found ament_lint_auto: 0.12.5 (/opt/ros/humble/share/ament_lint_auto/cmake)
[62.501s] -- Added test 'copyright' to check source files copyright and LICENSE
[62.595s] -- Added test 'cppcheck' to perform static code analysis on C / C++ code
[62.597s] -- Configured cppcheck include dirs: /home/anand/Desktop/moveo_ros2/src/gazebo_ros2_control/include
[62.598s] -- Configured cppcheck exclude dirs and/or files: 
[62.657s] -- Added test 'cpplint' to check C / C++ code against the Google style
[62.658s] -- Configured cpplint exclude dirs and/or files: 
[62.782s] -- Added test 'lint_cmake' to check CMake code style
[62.938s] -- Added test 'uncrustify' to check C / C++ code style
[62.939s] -- Configured uncrustify additional arguments: 
[63.005s] -- Added test 'xmllint' to check XML markup files
[63.301s] -- Configuring done
[70.221s] -- Generating done
[70.230s] -- Build files have been written to: /home/anand/Desktop/moveo_ros2/build/gazebo_ros2_control
[70.267s] Invoked command in '/home/anand/Desktop/moveo_ros2/build/gazebo_ros2_control' returned '0': CMAKE_PREFIX_PATH=${CMAKE_PREFIX_PATH}:/opt/ros/humble /usr/bin/cmake /home/anand/Desktop/moveo_ros2/src/gazebo_ros2_control -DCMAKE_INSTALL_PREFIX=/home/anand/Desktop/moveo_ros2/install/gazebo_ros2_control
[70.269s] Invoking command in '/home/anand/Desktop/moveo_ros2/build/gazebo_ros2_control': CMAKE_PREFIX_PATH=${CMAKE_PREFIX_PATH}:/opt/ros/humble /usr/bin/cmake --build /home/anand/Desktop/moveo_ros2/build/gazebo_ros2_control -- -j4 -l4
[70.379s] [ 25%] [32mBuilding CXX object CMakeFiles/gazebo_ros2_control.dir/src/gazebo_ros2_control_plugin.cpp.o[0m
