[0.244s] Invoking command in '/home/anand/Desktop/moveo_ros2/build/moveo_arm': CMAKE_PREFIX_PATH=${CMAKE_PREFIX_PATH}:/opt/ros/humble /usr/bin/cmake --build /home/anand/Desktop/moveo_ros2/build/moveo_arm -- -j4 -l4
[2.203s] Invoked command in '/home/anand/Desktop/moveo_ros2/build/moveo_arm' returned '0': CMAKE_PREFIX_PATH=${CMAKE_PREFIX_PATH}:/opt/ros/humble /usr/bin/cmake --build /home/anand/Desktop/moveo_ros2/build/moveo_arm -- -j4 -l4
[2.256s] Invoking command in '/home/anand/Desktop/moveo_ros2/build/moveo_arm': CMAKE_PREFIX_PATH=${CMAKE_PREFIX_PATH}:/opt/ros/humble /usr/bin/cmake --install /home/anand/Desktop/moveo_ros2/build/moveo_arm
[2.291s] -- Install configuration: ""
[2.292s] -- Up-to-date: /home/anand/Desktop/moveo_ros2/install/moveo_arm/share/moveo_arm/launch
[2.292s] -- Installing: /home/anand/Desktop/moveo_ros2/install/moveo_arm/share/moveo_arm/launch/moveit_gazebo.launch.py
[2.293s] -- Up-to-date: /home/anand/Desktop/moveo_ros2/install/moveo_arm/share/moveo_arm/launch/moveit.launch.py
[2.293s] -- Up-to-date: /home/anand/Desktop/moveo_ros2/install/moveo_arm/share/moveo_arm/launch/start_moveit.launch.py
[2.293s] -- Up-to-date: /home/anand/Desktop/moveo_ros2/install/moveo_arm/share/moveo_arm/urdf
[2.293s] -- Up-to-date: /home/anand/Desktop/moveo_ros2/install/moveo_arm/share/moveo_arm/urdf/moveo_gazebo.xacro
[2.293s] -- Up-to-date: /home/anand/Desktop/moveo_ros2/install/moveo_arm/share/moveo_arm/urdf/moveo.urdf.xacro
[2.294s] -- Up-to-date: /home/anand/Desktop/moveo_ros2/install/moveo_arm/share/moveo_arm/urdf/moveo.urdf
[2.294s] -- Up-to-date: /home/anand/Desktop/moveo_ros2/install/moveo_arm/share/moveo_arm/meshes
[2.337s] -- Up-to-date: /home/anand/Desktop/moveo_ros2/install/moveo_arm/share/moveo_arm/meshes/Gripper_Servo_Gear.STL
[2.374s] -- Up-to-date: /home/anand/Desktop/moveo_ros2/install/moveo_arm/share/moveo_arm/meshes/link5.mlp
[2.375s] -- Up-to-date: /home/anand/Desktop/moveo_ros2/install/moveo_arm/share/moveo_arm/meshes/Pivot_Arm_Gripper_Idol.STL
[2.376s] -- Up-to-date: /home/anand/Desktop/moveo_ros2/install/moveo_arm/share/moveo_arm/meshes/Gripper_Idol_Gear_col.STL
[2.376s] -- Up-to-date: /home/anand/Desktop/moveo_ros2/install/moveo_arm/share/moveo_arm/meshes/Tip_Gripper_Servo.STL
[2.376s] -- Up-to-date: /home/anand/Desktop/moveo_ros2/install/moveo_arm/share/moveo_arm/meshes/Link_2_edited.STL
[2.377s] -- Up-to-date: /home/anand/Desktop/moveo_ros2/install/moveo_arm/share/moveo_arm/meshes/Link_3_col.STL
[2.377s] -- Up-to-date: /home/anand/Desktop/moveo_ros2/install/moveo_arm/share/moveo_arm/meshes/Tip_Gripper_Idol.STL
[2.377s] -- Up-to-date: /home/anand/Desktop/moveo_ros2/install/moveo_arm/share/moveo_arm/meshes/Link_5_col.STL
[2.377s] -- Up-to-date: /home/anand/Desktop/moveo_ros2/install/moveo_arm/share/moveo_arm/meshes/base_link.STL
[2.377s] -- Up-to-date: /home/anand/Desktop/moveo_ros2/install/moveo_arm/share/moveo_arm/meshes/Pivot_Arm_Gripper_Servo_col.STL
[2.378s] -- Up-to-date: /home/anand/Desktop/moveo_ros2/install/moveo_arm/share/moveo_arm/meshes/Gripper_Idol_Gear.STL
[2.378s] -- Up-to-date: /home/anand/Desktop/moveo_ros2/install/moveo_arm/share/moveo_arm/meshes/Pivot_Arm_Gripper_Servo.STL
[2.378s] -- Up-to-date: /home/anand/Desktop/moveo_ros2/install/moveo_arm/share/moveo_arm/meshes/Link_5_edited.STL
[2.378s] -- Up-to-date: /home/anand/Desktop/moveo_ros2/install/moveo_arm/share/moveo_arm/meshes/Link_1_edited.STL
[2.378s] -- Up-to-date: /home/anand/Desktop/moveo_ros2/install/moveo_arm/share/moveo_arm/meshes/Link_4_edited.STL
[2.379s] -- Up-to-date: /home/anand/Desktop/moveo_ros2/install/moveo_arm/share/moveo_arm/meshes/Gripper_Servo_Gear_col.STL
[2.379s] -- Up-to-date: /home/anand/Desktop/moveo_ros2/install/moveo_arm/share/moveo_arm/meshes/link5col.mlp
[2.379s] -- Up-to-date: /home/anand/Desktop/moveo_ros2/install/moveo_arm/share/moveo_arm/meshes/Link_1_col.STL
[2.379s] -- Up-to-date: /home/anand/Desktop/moveo_ros2/install/moveo_arm/share/moveo_arm/meshes/Link_2_col.STL
[2.379s] -- Up-to-date: /home/anand/Desktop/moveo_ros2/install/moveo_arm/share/moveo_arm/meshes/Tip_Gripper_Idol_col.STL
[2.379s] -- Up-to-date: /home/anand/Desktop/moveo_ros2/install/moveo_arm/share/moveo_arm/meshes/Pivot_Arm_Gripper_Idol_col.STL
[2.380s] -- Up-to-date: /home/anand/Desktop/moveo_ros2/install/moveo_arm/share/moveo_arm/meshes/Tip_Gripper_Servo_col.STL
[2.380s] -- Up-to-date: /home/anand/Desktop/moveo_ros2/install/moveo_arm/share/moveo_arm/meshes/Link_4_col.STL
[2.380s] -- Up-to-date: /home/anand/Desktop/moveo_ros2/install/moveo_arm/share/moveo_arm/meshes/Link_3_edited.STL
[2.380s] -- Up-to-date: /home/anand/Desktop/moveo_ros2/install/moveo_arm/share/moveo_arm/meshes/base_link_col.STL
[2.380s] -- Up-to-date: /home/anand/Desktop/moveo_ros2/install/moveo_arm/share/ament_index/resource_index/package_run_dependencies/moveo_arm
[2.385s] -- Up-to-date: /home/anand/Desktop/moveo_ros2/install/moveo_arm/share/ament_index/resource_index/parent_prefix_path/moveo_arm
[2.385s] -- Up-to-date: /home/anand/Desktop/moveo_ros2/install/moveo_arm/share/moveo_arm/environment/ament_prefix_path.sh
[2.386s] -- Up-to-date: /home/anand/Desktop/moveo_ros2/install/moveo_arm/share/moveo_arm/environment/ament_prefix_path.dsv
[2.387s] -- Up-to-date: /home/anand/Desktop/moveo_ros2/install/moveo_arm/share/moveo_arm/environment/path.sh
[2.387s] -- Up-to-date: /home/anand/Desktop/moveo_ros2/install/moveo_arm/share/moveo_arm/environment/path.dsv
[2.387s] -- Up-to-date: /home/anand/Desktop/moveo_ros2/install/moveo_arm/share/moveo_arm/local_setup.bash
[2.387s] -- Up-to-date: /home/anand/Desktop/moveo_ros2/install/moveo_arm/share/moveo_arm/local_setup.sh
[2.388s] -- Up-to-date: /home/anand/Desktop/moveo_ros2/install/moveo_arm/share/moveo_arm/local_setup.zsh
[2.388s] -- Up-to-date: /home/anand/Desktop/moveo_ros2/install/moveo_arm/share/moveo_arm/local_setup.dsv
[2.388s] -- Installing: /home/anand/Desktop/moveo_ros2/install/moveo_arm/share/moveo_arm/package.dsv
[2.409s] -- Up-to-date: /home/anand/Desktop/moveo_ros2/install/moveo_arm/share/ament_index/resource_index/packages/moveo_arm
[2.409s] -- Up-to-date: /home/anand/Desktop/moveo_ros2/install/moveo_arm/share/moveo_arm/cmake/moveo_armConfig.cmake
[2.410s] -- Up-to-date: /home/anand/Desktop/moveo_ros2/install/moveo_arm/share/moveo_arm/cmake/moveo_armConfig-version.cmake
[2.410s] -- Up-to-date: /home/anand/Desktop/moveo_ros2/install/moveo_arm/share/moveo_arm/package.xml
[2.414s] Invoked command in '/home/anand/Desktop/moveo_ros2/build/moveo_arm' returned '0': CMAKE_PREFIX_PATH=${CMAKE_PREFIX_PATH}:/opt/ros/humble /usr/bin/cmake --install /home/anand/Desktop/moveo_ros2/build/moveo_arm
