[1.380s] Invoking command in '/home/anand/Desktop/moveo_ros2/build/gazebo_ros2_control': CMAKE_PREFIX_PATH=${CMAKE_PREFIX_PATH}:/opt/ros/humble /usr/bin/cmake --build /home/anand/Desktop/moveo_ros2/build/gazebo_ros2_control -- -j4 -l4
[13.940s] [ 50%] Built target gazebo_ros2_control
[14.584s] [100%] Built target gazebo_hardware_plugins
[14.603s] Invoked command in '/home/anand/Desktop/moveo_ros2/build/gazebo_ros2_control' returned '0': CMAKE_PREFIX_PATH=${CMAKE_PREFIX_PATH}:/opt/ros/humble /usr/bin/cmake --build /home/anand/Desktop/moveo_ros2/build/gazebo_ros2_control -- -j4 -l4
[14.654s] Invoking command in '/home/anand/Desktop/moveo_ros2/build/gazebo_ros2_control': CMAKE_PREFIX_PATH=${CMAKE_PREFIX_PATH}:/opt/ros/humble /usr/bin/cmake --install /home/anand/Desktop/moveo_ros2/build/gazebo_ros2_control
[14.717s] -- Install configuration: ""
[14.788s] -- Up-to-date: /home/anand/Desktop/moveo_ros2/install/gazebo_ros2_control/lib/libgazebo_ros2_control.so
[14.949s] -- Up-to-date: /home/anand/Desktop/moveo_ros2/install/gazebo_ros2_control/lib/libgazebo_hardware_plugins.so
[15.043s] -- Up-to-date: /home/anand/Desktop/moveo_ros2/install/gazebo_ros2_control/share/gazebo_ros2_control/environment/library_path.sh
[15.044s] -- Up-to-date: /home/anand/Desktop/moveo_ros2/install/gazebo_ros2_control/share/gazebo_ros2_control/environment/library_path.dsv
[15.044s] -- Up-to-date: /home/anand/Desktop/moveo_ros2/install/gazebo_ros2_control/include/gazebo_ros2_control
[15.046s] -- Up-to-date: /home/anand/Desktop/moveo_ros2/install/gazebo_ros2_control/include/gazebo_ros2_control/gazebo_system_interface.hpp
[15.047s] -- Up-to-date: /home/anand/Desktop/moveo_ros2/install/gazebo_ros2_control/include/gazebo_ros2_control/gazebo_system.hpp
[15.047s] -- Up-to-date: /home/anand/Desktop/moveo_ros2/install/gazebo_ros2_control/include/gazebo_ros2_control/gazebo_ros2_control_plugin.hpp
[15.076s] -- Up-to-date: /home/anand/Desktop/moveo_ros2/install/gazebo_ros2_control/share/gazebo_ros2_control/gazebo_hardware_plugins.xml
[15.077s] -- Up-to-date: /home/anand/Desktop/moveo_ros2/install/gazebo_ros2_control/share/ament_index/resource_index/package_run_dependencies/gazebo_ros2_control
[15.078s] -- Up-to-date: /home/anand/Desktop/moveo_ros2/install/gazebo_ros2_control/share/ament_index/resource_index/parent_prefix_path/gazebo_ros2_control
[15.078s] -- Up-to-date: /home/anand/Desktop/moveo_ros2/install/gazebo_ros2_control/share/gazebo_ros2_control/environment/ament_prefix_path.sh
[15.078s] -- Up-to-date: /home/anand/Desktop/moveo_ros2/install/gazebo_ros2_control/share/gazebo_ros2_control/environment/ament_prefix_path.dsv
[15.079s] -- Up-to-date: /home/anand/Desktop/moveo_ros2/install/gazebo_ros2_control/share/gazebo_ros2_control/environment/path.sh
[15.079s] -- Up-to-date: /home/anand/Desktop/moveo_ros2/install/gazebo_ros2_control/share/gazebo_ros2_control/environment/path.dsv
[15.079s] -- Up-to-date: /home/anand/Desktop/moveo_ros2/install/gazebo_ros2_control/share/gazebo_ros2_control/local_setup.bash
[15.080s] -- Up-to-date: /home/anand/Desktop/moveo_ros2/install/gazebo_ros2_control/share/gazebo_ros2_control/local_setup.sh
[15.080s] -- Up-to-date: /home/anand/Desktop/moveo_ros2/install/gazebo_ros2_control/share/gazebo_ros2_control/local_setup.zsh
[15.080s] -- Up-to-date: /home/anand/Desktop/moveo_ros2/install/gazebo_ros2_control/share/gazebo_ros2_control/local_setup.dsv
[15.081s] -- Installing: /home/anand/Desktop/moveo_ros2/install/gazebo_ros2_control/share/gazebo_ros2_control/package.dsv
[15.200s] -- Up-to-date: /home/anand/Desktop/moveo_ros2/install/gazebo_ros2_control/share/ament_index/resource_index/packages/gazebo_ros2_control
[15.201s] -- Up-to-date: /home/anand/Desktop/moveo_ros2/install/gazebo_ros2_control/share/ament_index/resource_index/gazebo_ros2_control__pluginlib__plugin/gazebo_ros2_control
[15.202s] -- Up-to-date: /home/anand/Desktop/moveo_ros2/install/gazebo_ros2_control/share/gazebo_ros2_control/cmake/ament_cmake_export_include_directories-extras.cmake
[15.202s] -- Up-to-date: /home/anand/Desktop/moveo_ros2/install/gazebo_ros2_control/share/gazebo_ros2_control/cmake/ament_cmake_export_dependencies-extras.cmake
[15.203s] -- Up-to-date: /home/anand/Desktop/moveo_ros2/install/gazebo_ros2_control/share/gazebo_ros2_control/cmake/ament_cmake_export_libraries-extras.cmake
[15.203s] -- Up-to-date: /home/anand/Desktop/moveo_ros2/install/gazebo_ros2_control/share/gazebo_ros2_control/cmake/gazebo_ros2_controlConfig.cmake
[15.204s] -- Up-to-date: /home/anand/Desktop/moveo_ros2/install/gazebo_ros2_control/share/gazebo_ros2_control/cmake/gazebo_ros2_controlConfig-version.cmake
[15.205s] -- Up-to-date: /home/anand/Desktop/moveo_ros2/install/gazebo_ros2_control/share/gazebo_ros2_control/package.xml
[15.215s] Invoked command in '/home/anand/Desktop/moveo_ros2/build/gazebo_ros2_control' returned '0': CMAKE_PREFIX_PATH=${CMAKE_PREFIX_PATH}:/opt/ros/humble /usr/bin/cmake --install /home/anand/Desktop/moveo_ros2/build/gazebo_ros2_control
