[9.517s] DEBUG:colcon:Command line arguments: ['/usr/bin/colcon', 'build']
[9.517s] DEBUG:colcon:Parsed command line arguments: Namespace(log_base=None, log_level=None, verb_name='build', build_base='build', install_base='install', merge_install=False, symlink_install=False, test_result_base=None, continue_on_error=False, executor='parallel', parallel_workers=4, event_handlers=None, ignore_user_meta=False, metas=['./colcon.meta'], base_paths=['.'], packages_ignore=None, packages_ignore_regex=None, paths=None, packages_up_to=None, packages_up_to_regex=None, packages_above=None, packages_above_and_dependencies=None, packages_above_depth=None, packages_select_by_dep=None, packages_skip_by_dep=None, packages_skip_up_to=None, packages_select_build_failed=False, packages_skip_build_finished=False, packages_select_test_failures=False, packages_skip_test_passed=False, packages_select=None, packages_skip=None, packages_select_regex=None, packages_skip_regex=None, packages_start=None, packages_end=None, allow_overriding=[], cmake_args=None, cmake_target=None, cmake_target_skip_unavailable=False, cmake_clean_cache=False, cmake_clean_first=False, cmake_force_configure=False, ament_cmake_args=None, catkin_cmake_args=None, catkin_skip_building_tests=False, verb_parser=<colcon_defaults.argument_parser.defaults.DefaultArgumentsDecorator object at 0x7fad349b70a0>, verb_extension=<colcon_core.verb.build.BuildVerb object at 0x7fad351b2140>, main=<bound method BuildVerb.main of <colcon_core.verb.build.BuildVerb object at 0x7fad351b2140>>)
[11.486s] Level 1:colcon.colcon_core.package_discovery:discover_packages(colcon_meta) check parameters
[11.486s] Level 1:colcon.colcon_core.package_discovery:discover_packages(recursive) check parameters
[11.486s] Level 1:colcon.colcon_core.package_discovery:discover_packages(ignore) check parameters
[11.486s] Level 1:colcon.colcon_core.package_discovery:discover_packages(path) check parameters
[11.486s] Level 1:colcon.colcon_core.package_discovery:discover_packages(colcon_meta) discover
[11.487s] Level 1:colcon.colcon_core.package_discovery:discover_packages(recursive) discover
[11.487s] INFO:colcon.colcon_core.package_discovery:Crawling recursively for packages in '/home/anand/Desktop/moveo_ros2'
[11.487s] Level 1:colcon.colcon_core.package_identification:_identify(.) by extensions ['ignore', 'ignore_ament_install']
[11.487s] Level 1:colcon.colcon_core.package_identification:_identify(.) by extension 'ignore'
[11.487s] Level 1:colcon.colcon_core.package_identification:_identify(.) by extension 'ignore_ament_install'
[11.487s] Level 1:colcon.colcon_core.package_identification:_identify(.) by extensions ['colcon_pkg']
[11.488s] Level 1:colcon.colcon_core.package_identification:_identify(.) by extension 'colcon_pkg'
[11.488s] Level 1:colcon.colcon_core.package_identification:_identify(.) by extensions ['colcon_meta']
[11.488s] Level 1:colcon.colcon_core.package_identification:_identify(.) by extension 'colcon_meta'
[11.488s] Level 1:colcon.colcon_core.package_identification:_identify(.) by extensions ['ros']
[11.488s] Level 1:colcon.colcon_core.package_identification:_identify(.) by extension 'ros'
[12.286s] Level 1:colcon.colcon_core.package_identification:_identify(.) by extensions ['cmake', 'python']
[12.286s] Level 1:colcon.colcon_core.package_identification:_identify(.) by extension 'cmake'
[12.287s] Level 1:colcon.colcon_core.package_identification:_identify(.) by extension 'python'
[12.287s] Level 1:colcon.colcon_core.package_identification:_identify(.) by extensions ['python_setup_py']
[12.287s] Level 1:colcon.colcon_core.package_identification:_identify(.) by extension 'python_setup_py'
[12.287s] Level 1:colcon.colcon_core.package_identification:_identify(build) by extensions ['ignore', 'ignore_ament_install']
[12.288s] Level 1:colcon.colcon_core.package_identification:_identify(build) by extension 'ignore'
[12.288s] Level 1:colcon.colcon_core.package_identification:_identify(build) ignored
[12.288s] Level 1:colcon.colcon_core.package_identification:_identify(install) by extensions ['ignore', 'ignore_ament_install']
[12.289s] Level 1:colcon.colcon_core.package_identification:_identify(install) by extension 'ignore'
[12.289s] Level 1:colcon.colcon_core.package_identification:_identify(install) ignored
[12.289s] Level 1:colcon.colcon_core.package_identification:_identify(log) by extensions ['ignore', 'ignore_ament_install']
[12.290s] Level 1:colcon.colcon_core.package_identification:_identify(log) by extension 'ignore'
[12.290s] Level 1:colcon.colcon_core.package_identification:_identify(log) ignored
[12.290s] Level 1:colcon.colcon_core.package_identification:_identify(src) by extensions ['ignore', 'ignore_ament_install']
[12.291s] Level 1:colcon.colcon_core.package_identification:_identify(src) by extension 'ignore'
[12.291s] Level 1:colcon.colcon_core.package_identification:_identify(src) by extension 'ignore_ament_install'
[12.291s] Level 1:colcon.colcon_core.package_identification:_identify(src) by extensions ['colcon_pkg']
[12.292s] Level 1:colcon.colcon_core.package_identification:_identify(src) by extension 'colcon_pkg'
[12.292s] Level 1:colcon.colcon_core.package_identification:_identify(src) by extensions ['colcon_meta']
[12.292s] Level 1:colcon.colcon_core.package_identification:_identify(src) by extension 'colcon_meta'
[12.292s] Level 1:colcon.colcon_core.package_identification:_identify(src) by extensions ['ros']
[12.292s] Level 1:colcon.colcon_core.package_identification:_identify(src) by extension 'ros'
[12.293s] Level 1:colcon.colcon_core.package_identification:_identify(src) by extensions ['cmake', 'python']
[12.293s] Level 1:colcon.colcon_core.package_identification:_identify(src) by extension 'cmake'
[12.293s] Level 1:colcon.colcon_core.package_identification:_identify(src) by extension 'python'
[12.294s] Level 1:colcon.colcon_core.package_identification:_identify(src) by extensions ['python_setup_py']
[12.294s] Level 1:colcon.colcon_core.package_identification:_identify(src) by extension 'python_setup_py'
[12.294s] Level 1:colcon.colcon_core.package_identification:_identify(src/gazebo_ros2_control) by extensions ['ignore', 'ignore_ament_install']
[12.295s] Level 1:colcon.colcon_core.package_identification:_identify(src/gazebo_ros2_control) by extension 'ignore'
[12.295s] Level 1:colcon.colcon_core.package_identification:_identify(src/gazebo_ros2_control) by extension 'ignore_ament_install'
[12.295s] Level 1:colcon.colcon_core.package_identification:_identify(src/gazebo_ros2_control) by extensions ['colcon_pkg']
[12.295s] Level 1:colcon.colcon_core.package_identification:_identify(src/gazebo_ros2_control) by extension 'colcon_pkg'
[12.295s] Level 1:colcon.colcon_core.package_identification:_identify(src/gazebo_ros2_control) by extensions ['colcon_meta']
[12.295s] Level 1:colcon.colcon_core.package_identification:_identify(src/gazebo_ros2_control) by extension 'colcon_meta'
[12.296s] Level 1:colcon.colcon_core.package_identification:_identify(src/gazebo_ros2_control) by extensions ['ros']
[12.296s] Level 1:colcon.colcon_core.package_identification:_identify(src/gazebo_ros2_control) by extension 'ros'
[13.169s] DEBUG:colcon.colcon_core.package_identification:Package 'src/gazebo_ros2_control' with type 'ros.ament_cmake' and name 'gazebo_ros2_control'
[13.170s] Level 1:colcon.colcon_core.package_identification:_identify(src/gazebo_ros2_control_demos) by extensions ['ignore', 'ignore_ament_install']
[13.170s] Level 1:colcon.colcon_core.package_identification:_identify(src/gazebo_ros2_control_demos) by extension 'ignore'
[13.171s] Level 1:colcon.colcon_core.package_identification:_identify(src/gazebo_ros2_control_demos) by extension 'ignore_ament_install'
[13.171s] Level 1:colcon.colcon_core.package_identification:_identify(src/gazebo_ros2_control_demos) by extensions ['colcon_pkg']
[13.171s] Level 1:colcon.colcon_core.package_identification:_identify(src/gazebo_ros2_control_demos) by extension 'colcon_pkg'
[13.171s] Level 1:colcon.colcon_core.package_identification:_identify(src/gazebo_ros2_control_demos) by extensions ['colcon_meta']
[13.171s] Level 1:colcon.colcon_core.package_identification:_identify(src/gazebo_ros2_control_demos) by extension 'colcon_meta'
[13.172s] Level 1:colcon.colcon_core.package_identification:_identify(src/gazebo_ros2_control_demos) by extensions ['ros']
[13.172s] Level 1:colcon.colcon_core.package_identification:_identify(src/gazebo_ros2_control_demos) by extension 'ros'
[13.239s] DEBUG:colcon.colcon_core.package_identification:Package 'src/gazebo_ros2_control_demos' with type 'ros.ament_cmake' and name 'gazebo_ros2_control_demos'
[13.240s] Level 1:colcon.colcon_core.package_identification:_identify(src/moveo_arm) by extensions ['ignore', 'ignore_ament_install']
[13.240s] Level 1:colcon.colcon_core.package_identification:_identify(src/moveo_arm) by extension 'ignore'
[13.241s] Level 1:colcon.colcon_core.package_identification:_identify(src/moveo_arm) by extension 'ignore_ament_install'
[13.241s] Level 1:colcon.colcon_core.package_identification:_identify(src/moveo_arm) by extensions ['colcon_pkg']
[13.241s] Level 1:colcon.colcon_core.package_identification:_identify(src/moveo_arm) by extension 'colcon_pkg'
[13.241s] Level 1:colcon.colcon_core.package_identification:_identify(src/moveo_arm) by extensions ['colcon_meta']
[13.241s] Level 1:colcon.colcon_core.package_identification:_identify(src/moveo_arm) by extension 'colcon_meta'
[13.242s] Level 1:colcon.colcon_core.package_identification:_identify(src/moveo_arm) by extensions ['ros']
[13.242s] Level 1:colcon.colcon_core.package_identification:_identify(src/moveo_arm) by extension 'ros'
[13.278s] DEBUG:colcon.colcon_core.package_identification:Package 'src/moveo_arm' with type 'ros.ament_cmake' and name 'moveo_arm'
[13.279s] Level 1:colcon.colcon_core.package_identification:_identify(src/moveo_moveit_config) by extensions ['ignore', 'ignore_ament_install']
[13.279s] Level 1:colcon.colcon_core.package_identification:_identify(src/moveo_moveit_config) by extension 'ignore'
[13.279s] Level 1:colcon.colcon_core.package_identification:_identify(src/moveo_moveit_config) by extension 'ignore_ament_install'
[13.280s] Level 1:colcon.colcon_core.package_identification:_identify(src/moveo_moveit_config) by extensions ['colcon_pkg']
[13.280s] Level 1:colcon.colcon_core.package_identification:_identify(src/moveo_moveit_config) by extension 'colcon_pkg'
[13.280s] Level 1:colcon.colcon_core.package_identification:_identify(src/moveo_moveit_config) by extensions ['colcon_meta']
[13.280s] Level 1:colcon.colcon_core.package_identification:_identify(src/moveo_moveit_config) by extension 'colcon_meta'
[13.280s] Level 1:colcon.colcon_core.package_identification:_identify(src/moveo_moveit_config) by extensions ['ros']
[13.280s] Level 1:colcon.colcon_core.package_identification:_identify(src/moveo_moveit_config) by extension 'ros'
[13.543s] DEBUG:colcon.colcon_core.package_identification:Package 'src/moveo_moveit_config' with type 'ros.ament_cmake' and name 'moveo_moveit_config'
[13.543s] Level 1:colcon.colcon_core.package_discovery:discover_packages(recursive) using defaults
[13.543s] Level 1:colcon.colcon_core.package_discovery:discover_packages(ignore) discover
[13.544s] Level 1:colcon.colcon_core.package_discovery:discover_packages(ignore) using defaults
[13.544s] Level 1:colcon.colcon_core.package_discovery:discover_packages(path) discover
[13.544s] Level 1:colcon.colcon_core.package_discovery:discover_packages(path) using defaults
[14.643s] Level 1:colcon.colcon_core.package_discovery:discover_packages(prefix_path) check parameters
[14.643s] Level 1:colcon.colcon_core.package_discovery:discover_packages(prefix_path) discover
[14.667s] DEBUG:colcon.colcon_installed_package_information.package_discovery:Found 4 installed packages in /home/anand/Desktop/moveo_ros2/install
[15.209s] DEBUG:colcon.colcon_installed_package_information.package_discovery:Found 392 installed packages in /opt/ros/humble
[15.215s] Level 1:colcon.colcon_core.package_discovery:discover_packages(prefix_path) using defaults
[23.375s] Level 5:colcon.colcon_core.verb:set package 'gazebo_ros2_control' build argument 'cmake_args' from command line to 'None'
[23.375s] Level 5:colcon.colcon_core.verb:set package 'gazebo_ros2_control' build argument 'cmake_target' from command line to 'None'
[23.375s] Level 5:colcon.colcon_core.verb:set package 'gazebo_ros2_control' build argument 'cmake_target_skip_unavailable' from command line to 'False'
[23.375s] Level 5:colcon.colcon_core.verb:set package 'gazebo_ros2_control' build argument 'cmake_clean_cache' from command line to 'False'
[23.375s] Level 5:colcon.colcon_core.verb:set package 'gazebo_ros2_control' build argument 'cmake_clean_first' from command line to 'False'
[23.375s] Level 5:colcon.colcon_core.verb:set package 'gazebo_ros2_control' build argument 'cmake_force_configure' from command line to 'False'
[23.375s] Level 5:colcon.colcon_core.verb:set package 'gazebo_ros2_control' build argument 'ament_cmake_args' from command line to 'None'
[23.375s] Level 5:colcon.colcon_core.verb:set package 'gazebo_ros2_control' build argument 'catkin_cmake_args' from command line to 'None'
[23.375s] Level 5:colcon.colcon_core.verb:set package 'gazebo_ros2_control' build argument 'catkin_skip_building_tests' from command line to 'False'
[23.376s] DEBUG:colcon.colcon_core.verb:Building package 'gazebo_ros2_control' with the following arguments: {'ament_cmake_args': None, 'build_base': '/home/anand/Desktop/moveo_ros2/build/gazebo_ros2_control', 'catkin_cmake_args': None, 'catkin_skip_building_tests': False, 'cmake_args': None, 'cmake_clean_cache': False, 'cmake_clean_first': False, 'cmake_force_configure': False, 'cmake_target': None, 'cmake_target_skip_unavailable': False, 'install_base': '/home/anand/Desktop/moveo_ros2/install/gazebo_ros2_control', 'merge_install': False, 'path': '/home/anand/Desktop/moveo_ros2/src/gazebo_ros2_control', 'symlink_install': False, 'test_result_base': None}
[23.377s] Level 5:colcon.colcon_core.verb:set package 'moveo_arm' build argument 'cmake_args' from command line to 'None'
[23.377s] Level 5:colcon.colcon_core.verb:set package 'moveo_arm' build argument 'cmake_target' from command line to 'None'
[23.378s] Level 5:colcon.colcon_core.verb:set package 'moveo_arm' build argument 'cmake_target_skip_unavailable' from command line to 'False'
[23.378s] Level 5:colcon.colcon_core.verb:set package 'moveo_arm' build argument 'cmake_clean_cache' from command line to 'False'
[23.378s] Level 5:colcon.colcon_core.verb:set package 'moveo_arm' build argument 'cmake_clean_first' from command line to 'False'
[23.378s] Level 5:colcon.colcon_core.verb:set package 'moveo_arm' build argument 'cmake_force_configure' from command line to 'False'
[23.378s] Level 5:colcon.colcon_core.verb:set package 'moveo_arm' build argument 'ament_cmake_args' from command line to 'None'
[23.378s] Level 5:colcon.colcon_core.verb:set package 'moveo_arm' build argument 'catkin_cmake_args' from command line to 'None'
[23.378s] Level 5:colcon.colcon_core.verb:set package 'moveo_arm' build argument 'catkin_skip_building_tests' from command line to 'False'
[23.378s] DEBUG:colcon.colcon_core.verb:Building package 'moveo_arm' with the following arguments: {'ament_cmake_args': None, 'build_base': '/home/anand/Desktop/moveo_ros2/build/moveo_arm', 'catkin_cmake_args': None, 'catkin_skip_building_tests': False, 'cmake_args': None, 'cmake_clean_cache': False, 'cmake_clean_first': False, 'cmake_force_configure': False, 'cmake_target': None, 'cmake_target_skip_unavailable': False, 'install_base': '/home/anand/Desktop/moveo_ros2/install/moveo_arm', 'merge_install': False, 'path': '/home/anand/Desktop/moveo_ros2/src/moveo_arm', 'symlink_install': False, 'test_result_base': None}
[23.380s] Level 5:colcon.colcon_core.verb:set package 'gazebo_ros2_control_demos' build argument 'cmake_args' from command line to 'None'
[23.380s] Level 5:colcon.colcon_core.verb:set package 'gazebo_ros2_control_demos' build argument 'cmake_target' from command line to 'None'
[23.380s] Level 5:colcon.colcon_core.verb:set package 'gazebo_ros2_control_demos' build argument 'cmake_target_skip_unavailable' from command line to 'False'
[23.380s] Level 5:colcon.colcon_core.verb:set package 'gazebo_ros2_control_demos' build argument 'cmake_clean_cache' from command line to 'False'
[23.380s] Level 5:colcon.colcon_core.verb:set package 'gazebo_ros2_control_demos' build argument 'cmake_clean_first' from command line to 'False'
[23.380s] Level 5:colcon.colcon_core.verb:set package 'gazebo_ros2_control_demos' build argument 'cmake_force_configure' from command line to 'False'
[23.380s] Level 5:colcon.colcon_core.verb:set package 'gazebo_ros2_control_demos' build argument 'ament_cmake_args' from command line to 'None'
[23.380s] Level 5:colcon.colcon_core.verb:set package 'gazebo_ros2_control_demos' build argument 'catkin_cmake_args' from command line to 'None'
[23.380s] Level 5:colcon.colcon_core.verb:set package 'gazebo_ros2_control_demos' build argument 'catkin_skip_building_tests' from command line to 'False'
[23.381s] DEBUG:colcon.colcon_core.verb:Building package 'gazebo_ros2_control_demos' with the following arguments: {'ament_cmake_args': None, 'build_base': '/home/anand/Desktop/moveo_ros2/build/gazebo_ros2_control_demos', 'catkin_cmake_args': None, 'catkin_skip_building_tests': False, 'cmake_args': None, 'cmake_clean_cache': False, 'cmake_clean_first': False, 'cmake_force_configure': False, 'cmake_target': None, 'cmake_target_skip_unavailable': False, 'install_base': '/home/anand/Desktop/moveo_ros2/install/gazebo_ros2_control_demos', 'merge_install': False, 'path': '/home/anand/Desktop/moveo_ros2/src/gazebo_ros2_control_demos', 'symlink_install': False, 'test_result_base': None}
[23.383s] Level 5:colcon.colcon_core.verb:set package 'moveo_moveit_config' build argument 'cmake_args' from command line to 'None'
[23.383s] Level 5:colcon.colcon_core.verb:set package 'moveo_moveit_config' build argument 'cmake_target' from command line to 'None'
[23.383s] Level 5:colcon.colcon_core.verb:set package 'moveo_moveit_config' build argument 'cmake_target_skip_unavailable' from command line to 'False'
[23.383s] Level 5:colcon.colcon_core.verb:set package 'moveo_moveit_config' build argument 'cmake_clean_cache' from command line to 'False'
[23.383s] Level 5:colcon.colcon_core.verb:set package 'moveo_moveit_config' build argument 'cmake_clean_first' from command line to 'False'
[23.383s] Level 5:colcon.colcon_core.verb:set package 'moveo_moveit_config' build argument 'cmake_force_configure' from command line to 'False'
[23.383s] Level 5:colcon.colcon_core.verb:set package 'moveo_moveit_config' build argument 'ament_cmake_args' from command line to 'None'
[23.383s] Level 5:colcon.colcon_core.verb:set package 'moveo_moveit_config' build argument 'catkin_cmake_args' from command line to 'None'
[23.383s] Level 5:colcon.colcon_core.verb:set package 'moveo_moveit_config' build argument 'catkin_skip_building_tests' from command line to 'False'
[23.383s] DEBUG:colcon.colcon_core.verb:Building package 'moveo_moveit_config' with the following arguments: {'ament_cmake_args': None, 'build_base': '/home/anand/Desktop/moveo_ros2/build/moveo_moveit_config', 'catkin_cmake_args': None, 'catkin_skip_building_tests': False, 'cmake_args': None, 'cmake_clean_cache': False, 'cmake_clean_first': False, 'cmake_force_configure': False, 'cmake_target': None, 'cmake_target_skip_unavailable': False, 'install_base': '/home/anand/Desktop/moveo_ros2/install/moveo_moveit_config', 'merge_install': False, 'path': '/home/anand/Desktop/moveo_ros2/src/moveo_moveit_config', 'symlink_install': False, 'test_result_base': None}
[23.384s] INFO:colcon.colcon_core.executor:Executing jobs using 'parallel' executor
[23.391s] DEBUG:colcon.colcon_parallel_executor.executor.parallel:run_until_complete
[23.392s] INFO:colcon.colcon_ros.task.ament_cmake.build:Building ROS package in '/home/anand/Desktop/moveo_ros2/src/gazebo_ros2_control' with build type 'ament_cmake'
[23.392s] INFO:colcon.colcon_cmake.task.cmake.build:Building CMake package in '/home/anand/Desktop/moveo_ros2/src/gazebo_ros2_control'
[23.561s] INFO:colcon.colcon_core.plugin_system:Skipping extension 'colcon_core.shell.bat': Not used on non-Windows systems
[23.562s] INFO:colcon.colcon_core.shell:Skip shell extension 'powershell' for command environment: Not usable outside of PowerShell
[23.562s] DEBUG:colcon.colcon_core.shell:Skip shell extension 'dsv' for command environment
[23.621s] INFO:colcon.colcon_ros.task.ament_cmake.build:Building ROS package in '/home/anand/Desktop/moveo_ros2/src/moveo_arm' with build type 'ament_cmake'
[23.622s] INFO:colcon.colcon_cmake.task.cmake.build:Building CMake package in '/home/anand/Desktop/moveo_ros2/src/moveo_arm'
[23.626s] INFO:colcon.colcon_core.shell:Skip shell extension 'powershell' for command environment: Not usable outside of PowerShell
[23.626s] DEBUG:colcon.colcon_core.shell:Skip shell extension 'dsv' for command environment
[24.280s] DEBUG:colcon.colcon_core.event_handler.log_command:Invoking command in '/home/anand/Desktop/moveo_ros2/build/moveo_arm': CMAKE_PREFIX_PATH=${CMAKE_PREFIX_PATH}:/opt/ros/humble /usr/bin/cmake --build /home/anand/Desktop/moveo_ros2/build/moveo_arm -- -j4 -l4
[24.384s] DEBUG:colcon.colcon_core.event_handler.log_command:Invoking command in '/home/anand/Desktop/moveo_ros2/build/gazebo_ros2_control': CMAKE_PREFIX_PATH=${CMAKE_PREFIX_PATH}:/opt/ros/humble /usr/bin/cmake --build /home/anand/Desktop/moveo_ros2/build/gazebo_ros2_control -- -j4 -l4
[33.377s] DEBUG:colcon.colcon_core.event_handler.log_command:Invoked command in '/home/anand/Desktop/moveo_ros2/build/moveo_arm' returned '0': CMAKE_PREFIX_PATH=${CMAKE_PREFIX_PATH}:/opt/ros/humble /usr/bin/cmake --build /home/anand/Desktop/moveo_ros2/build/moveo_arm -- -j4 -l4
[33.457s] DEBUG:colcon.colcon_core.event_handler.log_command:Invoking command in '/home/anand/Desktop/moveo_ros2/build/moveo_arm': CMAKE_PREFIX_PATH=${CMAKE_PREFIX_PATH}:/opt/ros/humble /usr/bin/cmake --install /home/anand/Desktop/moveo_ros2/build/moveo_arm
[33.696s] Level 1:colcon.colcon_core.environment:create_environment_scripts_only(moveo_arm)
[33.699s] DEBUG:colcon.colcon_core.event_handler.log_command:Invoked command in '/home/anand/Desktop/moveo_ros2/build/moveo_arm' returned '0': CMAKE_PREFIX_PATH=${CMAKE_PREFIX_PATH}:/opt/ros/humble /usr/bin/cmake --install /home/anand/Desktop/moveo_ros2/build/moveo_arm
[34.184s] Level 1:colcon.colcon_core.environment:checking '/home/anand/Desktop/moveo_ros2/install/moveo_arm' for CMake module files
[34.186s] Level 1:colcon.colcon_core.environment:checking '/home/anand/Desktop/moveo_ros2/install/moveo_arm' for CMake config files
[34.186s] Level 1:colcon.colcon_core.shell:create_environment_hook('moveo_arm', 'cmake_prefix_path')
[34.190s] INFO:colcon.colcon_core.shell:Creating environment hook '/home/anand/Desktop/moveo_ros2/install/moveo_arm/share/moveo_arm/hook/cmake_prefix_path.ps1'
[34.192s] INFO:colcon.colcon_core.shell:Creating environment descriptor '/home/anand/Desktop/moveo_ros2/install/moveo_arm/share/moveo_arm/hook/cmake_prefix_path.dsv'
[34.371s] INFO:colcon.colcon_core.shell:Creating environment hook '/home/anand/Desktop/moveo_ros2/install/moveo_arm/share/moveo_arm/hook/cmake_prefix_path.sh'
[34.377s] Level 1:colcon.colcon_core.environment:checking '/home/anand/Desktop/moveo_ros2/install/moveo_arm/bin'
[34.377s] Level 1:colcon.colcon_core.environment:checking '/home/anand/Desktop/moveo_ros2/install/moveo_arm/lib/pkgconfig/moveo_arm.pc'
[34.378s] Level 1:colcon.colcon_core.environment:checking '/home/anand/Desktop/moveo_ros2/install/moveo_arm/lib/python3.10/site-packages'
[34.379s] Level 1:colcon.colcon_core.environment:checking '/home/anand/Desktop/moveo_ros2/install/moveo_arm/bin'
[34.382s] INFO:colcon.colcon_core.shell:Creating package script '/home/anand/Desktop/moveo_ros2/install/moveo_arm/share/moveo_arm/package.ps1'
[34.452s] INFO:colcon.colcon_core.shell:Creating package descriptor '/home/anand/Desktop/moveo_ros2/install/moveo_arm/share/moveo_arm/package.dsv'
[34.454s] INFO:colcon.colcon_core.shell:Creating package script '/home/anand/Desktop/moveo_ros2/install/moveo_arm/share/moveo_arm/package.sh'
[34.456s] INFO:colcon.colcon_core.shell:Creating package script '/home/anand/Desktop/moveo_ros2/install/moveo_arm/share/moveo_arm/package.bash'
[34.479s] INFO:colcon.colcon_core.shell:Creating package script '/home/anand/Desktop/moveo_ros2/install/moveo_arm/share/moveo_arm/package.zsh'
[34.481s] Level 1:colcon.colcon_core.environment:create_file_with_runtime_dependencies(/home/anand/Desktop/moveo_ros2/install/moveo_arm/share/colcon-core/packages/moveo_arm)
[34.526s] Level 1:colcon.colcon_core.environment:create_environment_scripts_only(moveo_arm)
[34.533s] Level 1:colcon.colcon_core.environment:checking '/home/anand/Desktop/moveo_ros2/install/moveo_arm' for CMake module files
[34.535s] Level 1:colcon.colcon_core.environment:checking '/home/anand/Desktop/moveo_ros2/install/moveo_arm' for CMake config files
[34.535s] Level 1:colcon.colcon_core.shell:create_environment_hook('moveo_arm', 'cmake_prefix_path')
[34.540s] INFO:colcon.colcon_core.shell:Creating environment hook '/home/anand/Desktop/moveo_ros2/install/moveo_arm/share/moveo_arm/hook/cmake_prefix_path.ps1'
[34.542s] INFO:colcon.colcon_core.shell:Creating environment descriptor '/home/anand/Desktop/moveo_ros2/install/moveo_arm/share/moveo_arm/hook/cmake_prefix_path.dsv'
[34.543s] INFO:colcon.colcon_core.shell:Creating environment hook '/home/anand/Desktop/moveo_ros2/install/moveo_arm/share/moveo_arm/hook/cmake_prefix_path.sh'
[34.544s] Level 1:colcon.colcon_core.environment:checking '/home/anand/Desktop/moveo_ros2/install/moveo_arm/bin'
[34.544s] Level 1:colcon.colcon_core.environment:checking '/home/anand/Desktop/moveo_ros2/install/moveo_arm/lib/pkgconfig/moveo_arm.pc'
[34.545s] Level 1:colcon.colcon_core.environment:checking '/home/anand/Desktop/moveo_ros2/install/moveo_arm/lib/python3.10/site-packages'
[34.546s] Level 1:colcon.colcon_core.environment:checking '/home/anand/Desktop/moveo_ros2/install/moveo_arm/bin'
[34.551s] INFO:colcon.colcon_core.shell:Creating package script '/home/anand/Desktop/moveo_ros2/install/moveo_arm/share/moveo_arm/package.ps1'
[34.552s] INFO:colcon.colcon_core.shell:Creating package descriptor '/home/anand/Desktop/moveo_ros2/install/moveo_arm/share/moveo_arm/package.dsv'
[34.554s] INFO:colcon.colcon_core.shell:Creating package script '/home/anand/Desktop/moveo_ros2/install/moveo_arm/share/moveo_arm/package.sh'
[34.555s] INFO:colcon.colcon_core.shell:Creating package script '/home/anand/Desktop/moveo_ros2/install/moveo_arm/share/moveo_arm/package.bash'
[34.556s] INFO:colcon.colcon_core.shell:Creating package script '/home/anand/Desktop/moveo_ros2/install/moveo_arm/share/moveo_arm/package.zsh'
[34.557s] Level 1:colcon.colcon_core.environment:create_file_with_runtime_dependencies(/home/anand/Desktop/moveo_ros2/install/moveo_arm/share/colcon-core/packages/moveo_arm)
[34.558s] INFO:colcon.colcon_ros.task.ament_cmake.build:Building ROS package in '/home/anand/Desktop/moveo_ros2/src/moveo_moveit_config' with build type 'ament_cmake'
[34.559s] INFO:colcon.colcon_cmake.task.cmake.build:Building CMake package in '/home/anand/Desktop/moveo_ros2/src/moveo_moveit_config'
[34.564s] INFO:colcon.colcon_core.shell:Skip shell extension 'powershell' for command environment: Not usable outside of PowerShell
[34.564s] DEBUG:colcon.colcon_core.shell:Skip shell extension 'dsv' for command environment
[34.697s] DEBUG:colcon.colcon_core.event_handler.log_command:Invoking command in '/home/anand/Desktop/moveo_ros2/build/moveo_moveit_config': CMAKE_PREFIX_PATH=/home/anand/Desktop/moveo_ros2/install/moveo_arm:/home/anand/Desktop/moveo_ros2/install/moveo_moveit_config:/home/anand/Desktop/moveo_ros2/install/gazebo_ros2_control_demos:/home/anand/Desktop/moveo_ros2/install/gazebo_ros2_control:/opt/ros/humble /usr/bin/cmake --build /home/anand/Desktop/moveo_ros2/build/moveo_moveit_config -- -j4 -l4
[34.731s] DEBUG:colcon.colcon_core.event_handler.log_command:Invoked command in '/home/anand/Desktop/moveo_ros2/build/gazebo_ros2_control' returned '0': CMAKE_PREFIX_PATH=${CMAKE_PREFIX_PATH}:/opt/ros/humble /usr/bin/cmake --build /home/anand/Desktop/moveo_ros2/build/gazebo_ros2_control -- -j4 -l4
[34.853s] DEBUG:colcon.colcon_core.event_handler.log_command:Invoking command in '/home/anand/Desktop/moveo_ros2/build/gazebo_ros2_control': CMAKE_PREFIX_PATH=${CMAKE_PREFIX_PATH}:/opt/ros/humble /usr/bin/cmake --install /home/anand/Desktop/moveo_ros2/build/gazebo_ros2_control
[34.865s] DEBUG:colcon.colcon_core.event_handler.log_command:Invoked command in '/home/anand/Desktop/moveo_ros2/build/moveo_moveit_config' returned '0': CMAKE_PREFIX_PATH=/home/anand/Desktop/moveo_ros2/install/moveo_arm:/home/anand/Desktop/moveo_ros2/install/moveo_moveit_config:/home/anand/Desktop/moveo_ros2/install/gazebo_ros2_control_demos:/home/anand/Desktop/moveo_ros2/install/gazebo_ros2_control:/opt/ros/humble /usr/bin/cmake --build /home/anand/Desktop/moveo_ros2/build/moveo_moveit_config -- -j4 -l4
[34.908s] DEBUG:colcon.colcon_core.event_handler.log_command:Invoking command in '/home/anand/Desktop/moveo_ros2/build/moveo_moveit_config': CMAKE_PREFIX_PATH=/home/anand/Desktop/moveo_ros2/install/moveo_arm:/home/anand/Desktop/moveo_ros2/install/moveo_moveit_config:/home/anand/Desktop/moveo_ros2/install/gazebo_ros2_control_demos:/home/anand/Desktop/moveo_ros2/install/gazebo_ros2_control:/opt/ros/humble /usr/bin/cmake --install /home/anand/Desktop/moveo_ros2/build/moveo_moveit_config
[35.007s] Level 1:colcon.colcon_core.environment:create_environment_scripts_only(moveo_moveit_config)
[35.013s] Level 1:colcon.colcon_core.environment:checking '/home/anand/Desktop/moveo_ros2/install/moveo_moveit_config' for CMake module files
[35.016s] DEBUG:colcon.colcon_core.event_handler.log_command:Invoked command in '/home/anand/Desktop/moveo_ros2/build/moveo_moveit_config' returned '0': CMAKE_PREFIX_PATH=/home/anand/Desktop/moveo_ros2/install/moveo_arm:/home/anand/Desktop/moveo_ros2/install/moveo_moveit_config:/home/anand/Desktop/moveo_ros2/install/gazebo_ros2_control_demos:/home/anand/Desktop/moveo_ros2/install/gazebo_ros2_control:/opt/ros/humble /usr/bin/cmake --install /home/anand/Desktop/moveo_ros2/build/moveo_moveit_config
[35.016s] Level 1:colcon.colcon_core.environment:checking '/home/anand/Desktop/moveo_ros2/install/moveo_moveit_config' for CMake config files
[35.020s] Level 1:colcon.colcon_core.shell:create_environment_hook('moveo_moveit_config', 'cmake_prefix_path')
[35.024s] INFO:colcon.colcon_core.shell:Creating environment hook '/home/anand/Desktop/moveo_ros2/install/moveo_moveit_config/share/moveo_moveit_config/hook/cmake_prefix_path.ps1'
[35.025s] INFO:colcon.colcon_core.shell:Creating environment descriptor '/home/anand/Desktop/moveo_ros2/install/moveo_moveit_config/share/moveo_moveit_config/hook/cmake_prefix_path.dsv'
[35.026s] INFO:colcon.colcon_core.shell:Creating environment hook '/home/anand/Desktop/moveo_ros2/install/moveo_moveit_config/share/moveo_moveit_config/hook/cmake_prefix_path.sh'
[35.026s] Level 1:colcon.colcon_core.environment:checking '/home/anand/Desktop/moveo_ros2/install/moveo_moveit_config/bin'
[35.027s] Level 1:colcon.colcon_core.environment:checking '/home/anand/Desktop/moveo_ros2/install/moveo_moveit_config/lib/pkgconfig/moveo_moveit_config.pc'
[35.027s] Level 1:colcon.colcon_core.environment:checking '/home/anand/Desktop/moveo_ros2/install/moveo_moveit_config/lib/python3.10/site-packages'
[35.027s] Level 1:colcon.colcon_core.environment:checking '/home/anand/Desktop/moveo_ros2/install/moveo_moveit_config/bin'
[35.032s] INFO:colcon.colcon_core.shell:Creating package script '/home/anand/Desktop/moveo_ros2/install/moveo_moveit_config/share/moveo_moveit_config/package.ps1'
[35.033s] INFO:colcon.colcon_core.shell:Creating package descriptor '/home/anand/Desktop/moveo_ros2/install/moveo_moveit_config/share/moveo_moveit_config/package.dsv'
[35.034s] INFO:colcon.colcon_core.shell:Creating package script '/home/anand/Desktop/moveo_ros2/install/moveo_moveit_config/share/moveo_moveit_config/package.sh'
[35.034s] INFO:colcon.colcon_core.shell:Creating package script '/home/anand/Desktop/moveo_ros2/install/moveo_moveit_config/share/moveo_moveit_config/package.bash'
[35.035s] INFO:colcon.colcon_core.shell:Creating package script '/home/anand/Desktop/moveo_ros2/install/moveo_moveit_config/share/moveo_moveit_config/package.zsh'
[35.036s] Level 1:colcon.colcon_core.environment:create_file_with_runtime_dependencies(/home/anand/Desktop/moveo_ros2/install/moveo_moveit_config/share/colcon-core/packages/moveo_moveit_config)
[35.039s] Level 1:colcon.colcon_core.environment:create_environment_scripts_only(gazebo_ros2_control)
[35.043s] Level 1:colcon.colcon_core.environment:checking '/home/anand/Desktop/moveo_ros2/install/gazebo_ros2_control' for CMake module files
[35.044s] DEBUG:colcon.colcon_core.event_handler.log_command:Invoked command in '/home/anand/Desktop/moveo_ros2/build/gazebo_ros2_control' returned '0': CMAKE_PREFIX_PATH=${CMAKE_PREFIX_PATH}:/opt/ros/humble /usr/bin/cmake --install /home/anand/Desktop/moveo_ros2/build/gazebo_ros2_control
[35.045s] Level 1:colcon.colcon_core.environment:checking '/home/anand/Desktop/moveo_ros2/install/gazebo_ros2_control' for CMake config files
[35.046s] Level 1:colcon.colcon_core.shell:create_environment_hook('gazebo_ros2_control', 'cmake_prefix_path')
[35.050s] INFO:colcon.colcon_core.shell:Creating environment hook '/home/anand/Desktop/moveo_ros2/install/gazebo_ros2_control/share/gazebo_ros2_control/hook/cmake_prefix_path.ps1'
[35.052s] INFO:colcon.colcon_core.shell:Creating environment descriptor '/home/anand/Desktop/moveo_ros2/install/gazebo_ros2_control/share/gazebo_ros2_control/hook/cmake_prefix_path.dsv'
[35.053s] INFO:colcon.colcon_core.shell:Creating environment hook '/home/anand/Desktop/moveo_ros2/install/gazebo_ros2_control/share/gazebo_ros2_control/hook/cmake_prefix_path.sh'
[35.054s] Level 1:colcon.colcon_core.environment:checking '/home/anand/Desktop/moveo_ros2/install/gazebo_ros2_control/lib'
[35.054s] Level 1:colcon.colcon_core.shell:create_environment_hook('gazebo_ros2_control', 'ld_library_path_lib')
[35.058s] INFO:colcon.colcon_core.shell:Creating environment hook '/home/anand/Desktop/moveo_ros2/install/gazebo_ros2_control/share/gazebo_ros2_control/hook/ld_library_path_lib.ps1'
[35.059s] INFO:colcon.colcon_core.shell:Creating environment descriptor '/home/anand/Desktop/moveo_ros2/install/gazebo_ros2_control/share/gazebo_ros2_control/hook/ld_library_path_lib.dsv'
[35.060s] INFO:colcon.colcon_core.shell:Creating environment hook '/home/anand/Desktop/moveo_ros2/install/gazebo_ros2_control/share/gazebo_ros2_control/hook/ld_library_path_lib.sh'
[35.061s] Level 1:colcon.colcon_core.environment:checking '/home/anand/Desktop/moveo_ros2/install/gazebo_ros2_control/bin'
[35.061s] Level 1:colcon.colcon_core.environment:checking '/home/anand/Desktop/moveo_ros2/install/gazebo_ros2_control/lib/pkgconfig/gazebo_ros2_control.pc'
[35.062s] Level 1:colcon.colcon_core.environment:checking '/home/anand/Desktop/moveo_ros2/install/gazebo_ros2_control/lib/python3.10/site-packages'
[35.063s] Level 1:colcon.colcon_core.environment:checking '/home/anand/Desktop/moveo_ros2/install/gazebo_ros2_control/bin'
[35.066s] INFO:colcon.colcon_core.shell:Creating package script '/home/anand/Desktop/moveo_ros2/install/gazebo_ros2_control/share/gazebo_ros2_control/package.ps1'
[35.068s] INFO:colcon.colcon_core.shell:Creating package descriptor '/home/anand/Desktop/moveo_ros2/install/gazebo_ros2_control/share/gazebo_ros2_control/package.dsv'
[35.069s] INFO:colcon.colcon_core.shell:Creating package script '/home/anand/Desktop/moveo_ros2/install/gazebo_ros2_control/share/gazebo_ros2_control/package.sh'
[35.070s] INFO:colcon.colcon_core.shell:Creating package script '/home/anand/Desktop/moveo_ros2/install/gazebo_ros2_control/share/gazebo_ros2_control/package.bash'
[35.070s] INFO:colcon.colcon_core.shell:Creating package script '/home/anand/Desktop/moveo_ros2/install/gazebo_ros2_control/share/gazebo_ros2_control/package.zsh'
[35.071s] Level 1:colcon.colcon_core.environment:create_file_with_runtime_dependencies(/home/anand/Desktop/moveo_ros2/install/gazebo_ros2_control/share/colcon-core/packages/gazebo_ros2_control)
[35.079s] Level 1:colcon.colcon_core.environment:create_environment_scripts_only(moveo_moveit_config)
[35.089s] Level 1:colcon.colcon_core.environment:checking '/home/anand/Desktop/moveo_ros2/install/moveo_moveit_config' for CMake module files
[35.091s] Level 1:colcon.colcon_core.environment:checking '/home/anand/Desktop/moveo_ros2/install/moveo_moveit_config' for CMake config files
[35.092s] Level 1:colcon.colcon_core.shell:create_environment_hook('moveo_moveit_config', 'cmake_prefix_path')
[35.098s] INFO:colcon.colcon_core.shell:Creating environment hook '/home/anand/Desktop/moveo_ros2/install/moveo_moveit_config/share/moveo_moveit_config/hook/cmake_prefix_path.ps1'
[35.100s] INFO:colcon.colcon_core.shell:Creating environment descriptor '/home/anand/Desktop/moveo_ros2/install/moveo_moveit_config/share/moveo_moveit_config/hook/cmake_prefix_path.dsv'
[35.102s] INFO:colcon.colcon_core.shell:Creating environment hook '/home/anand/Desktop/moveo_ros2/install/moveo_moveit_config/share/moveo_moveit_config/hook/cmake_prefix_path.sh'
[35.104s] Level 1:colcon.colcon_core.environment:checking '/home/anand/Desktop/moveo_ros2/install/moveo_moveit_config/bin'
[35.104s] Level 1:colcon.colcon_core.environment:checking '/home/anand/Desktop/moveo_ros2/install/moveo_moveit_config/lib/pkgconfig/moveo_moveit_config.pc'
[35.105s] Level 1:colcon.colcon_core.environment:checking '/home/anand/Desktop/moveo_ros2/install/moveo_moveit_config/lib/python3.10/site-packages'
[35.105s] Level 1:colcon.colcon_core.environment:checking '/home/anand/Desktop/moveo_ros2/install/moveo_moveit_config/bin'
[35.109s] INFO:colcon.colcon_core.shell:Creating package script '/home/anand/Desktop/moveo_ros2/install/moveo_moveit_config/share/moveo_moveit_config/package.ps1'
[35.110s] INFO:colcon.colcon_core.shell:Creating package descriptor '/home/anand/Desktop/moveo_ros2/install/moveo_moveit_config/share/moveo_moveit_config/package.dsv'
[35.111s] INFO:colcon.colcon_core.shell:Creating package script '/home/anand/Desktop/moveo_ros2/install/moveo_moveit_config/share/moveo_moveit_config/package.sh'
[35.112s] INFO:colcon.colcon_core.shell:Creating package script '/home/anand/Desktop/moveo_ros2/install/moveo_moveit_config/share/moveo_moveit_config/package.bash'
[35.113s] INFO:colcon.colcon_core.shell:Creating package script '/home/anand/Desktop/moveo_ros2/install/moveo_moveit_config/share/moveo_moveit_config/package.zsh'
[35.114s] Level 1:colcon.colcon_core.environment:create_file_with_runtime_dependencies(/home/anand/Desktop/moveo_ros2/install/moveo_moveit_config/share/colcon-core/packages/moveo_moveit_config)
[35.130s] Level 1:colcon.colcon_core.environment:create_environment_scripts_only(gazebo_ros2_control)
[35.134s] Level 1:colcon.colcon_core.environment:checking '/home/anand/Desktop/moveo_ros2/install/gazebo_ros2_control' for CMake module files
[35.135s] Level 1:colcon.colcon_core.environment:checking '/home/anand/Desktop/moveo_ros2/install/gazebo_ros2_control' for CMake config files
[35.136s] Level 1:colcon.colcon_core.shell:create_environment_hook('gazebo_ros2_control', 'cmake_prefix_path')
[35.139s] INFO:colcon.colcon_core.shell:Creating environment hook '/home/anand/Desktop/moveo_ros2/install/gazebo_ros2_control/share/gazebo_ros2_control/hook/cmake_prefix_path.ps1'
[35.140s] INFO:colcon.colcon_core.shell:Creating environment descriptor '/home/anand/Desktop/moveo_ros2/install/gazebo_ros2_control/share/gazebo_ros2_control/hook/cmake_prefix_path.dsv'
[35.140s] INFO:colcon.colcon_core.shell:Creating environment hook '/home/anand/Desktop/moveo_ros2/install/gazebo_ros2_control/share/gazebo_ros2_control/hook/cmake_prefix_path.sh'
[35.143s] Level 1:colcon.colcon_core.environment:checking '/home/anand/Desktop/moveo_ros2/install/gazebo_ros2_control/lib'
[35.143s] Level 1:colcon.colcon_core.shell:create_environment_hook('gazebo_ros2_control', 'ld_library_path_lib')
[35.148s] INFO:colcon.colcon_core.shell:Creating environment hook '/home/anand/Desktop/moveo_ros2/install/gazebo_ros2_control/share/gazebo_ros2_control/hook/ld_library_path_lib.ps1'
[35.149s] INFO:colcon.colcon_core.shell:Creating environment descriptor '/home/anand/Desktop/moveo_ros2/install/gazebo_ros2_control/share/gazebo_ros2_control/hook/ld_library_path_lib.dsv'
[35.150s] INFO:colcon.colcon_core.shell:Creating environment hook '/home/anand/Desktop/moveo_ros2/install/gazebo_ros2_control/share/gazebo_ros2_control/hook/ld_library_path_lib.sh'
[35.153s] Level 1:colcon.colcon_core.environment:checking '/home/anand/Desktop/moveo_ros2/install/gazebo_ros2_control/bin'
[35.153s] Level 1:colcon.colcon_core.environment:checking '/home/anand/Desktop/moveo_ros2/install/gazebo_ros2_control/lib/pkgconfig/gazebo_ros2_control.pc'
[35.153s] Level 1:colcon.colcon_core.environment:checking '/home/anand/Desktop/moveo_ros2/install/gazebo_ros2_control/lib/python3.10/site-packages'
[35.154s] Level 1:colcon.colcon_core.environment:checking '/home/anand/Desktop/moveo_ros2/install/gazebo_ros2_control/bin'
[35.159s] INFO:colcon.colcon_core.shell:Creating package script '/home/anand/Desktop/moveo_ros2/install/gazebo_ros2_control/share/gazebo_ros2_control/package.ps1'
[35.160s] INFO:colcon.colcon_core.shell:Creating package descriptor '/home/anand/Desktop/moveo_ros2/install/gazebo_ros2_control/share/gazebo_ros2_control/package.dsv'
[35.161s] INFO:colcon.colcon_core.shell:Creating package script '/home/anand/Desktop/moveo_ros2/install/gazebo_ros2_control/share/gazebo_ros2_control/package.sh'
[35.162s] INFO:colcon.colcon_core.shell:Creating package script '/home/anand/Desktop/moveo_ros2/install/gazebo_ros2_control/share/gazebo_ros2_control/package.bash'
[35.163s] INFO:colcon.colcon_core.shell:Creating package script '/home/anand/Desktop/moveo_ros2/install/gazebo_ros2_control/share/gazebo_ros2_control/package.zsh'
[35.164s] Level 1:colcon.colcon_core.environment:create_file_with_runtime_dependencies(/home/anand/Desktop/moveo_ros2/install/gazebo_ros2_control/share/colcon-core/packages/gazebo_ros2_control)
[35.165s] INFO:colcon.colcon_ros.task.ament_cmake.build:Building ROS package in '/home/anand/Desktop/moveo_ros2/src/gazebo_ros2_control_demos' with build type 'ament_cmake'
[35.166s] INFO:colcon.colcon_cmake.task.cmake.build:Building CMake package in '/home/anand/Desktop/moveo_ros2/src/gazebo_ros2_control_demos'
[35.169s] INFO:colcon.colcon_core.shell:Skip shell extension 'powershell' for command environment: Not usable outside of PowerShell
[35.169s] DEBUG:colcon.colcon_core.shell:Skip shell extension 'dsv' for command environment
[35.319s] DEBUG:colcon.colcon_core.event_handler.log_command:Invoking command in '/home/anand/Desktop/moveo_ros2/build/gazebo_ros2_control_demos': CMAKE_PREFIX_PATH=/home/anand/Desktop/moveo_ros2/install/gazebo_ros2_control:/home/anand/Desktop/moveo_ros2/install/moveo_moveit_config:/home/anand/Desktop/moveo_ros2/install/moveo_arm:/home/anand/Desktop/moveo_ros2/install/gazebo_ros2_control_demos:/opt/ros/humble /usr/bin/cmake --build /home/anand/Desktop/moveo_ros2/build/gazebo_ros2_control_demos -- -j4 -l4
[36.334s] DEBUG:colcon.colcon_core.event_handler.log_command:Invoked command in '/home/anand/Desktop/moveo_ros2/build/gazebo_ros2_control_demos' returned '0': CMAKE_PREFIX_PATH=/home/anand/Desktop/moveo_ros2/install/gazebo_ros2_control:/home/anand/Desktop/moveo_ros2/install/moveo_moveit_config:/home/anand/Desktop/moveo_ros2/install/moveo_arm:/home/anand/Desktop/moveo_ros2/install/gazebo_ros2_control_demos:/opt/ros/humble /usr/bin/cmake --build /home/anand/Desktop/moveo_ros2/build/gazebo_ros2_control_demos -- -j4 -l4
[36.409s] DEBUG:colcon.colcon_core.event_handler.log_command:Invoking command in '/home/anand/Desktop/moveo_ros2/build/gazebo_ros2_control_demos': CMAKE_PREFIX_PATH=/home/anand/Desktop/moveo_ros2/install/gazebo_ros2_control:/home/anand/Desktop/moveo_ros2/install/moveo_moveit_config:/home/anand/Desktop/moveo_ros2/install/moveo_arm:/home/anand/Desktop/moveo_ros2/install/gazebo_ros2_control_demos:/opt/ros/humble /usr/bin/cmake --install /home/anand/Desktop/moveo_ros2/build/gazebo_ros2_control_demos
[36.469s] Level 1:colcon.colcon_core.environment:create_environment_scripts_only(gazebo_ros2_control_demos)
[36.474s] Level 1:colcon.colcon_core.environment:checking '/home/anand/Desktop/moveo_ros2/install/gazebo_ros2_control_demos' for CMake module files
[36.475s] DEBUG:colcon.colcon_core.event_handler.log_command:Invoked command in '/home/anand/Desktop/moveo_ros2/build/gazebo_ros2_control_demos' returned '0': CMAKE_PREFIX_PATH=/home/anand/Desktop/moveo_ros2/install/gazebo_ros2_control:/home/anand/Desktop/moveo_ros2/install/moveo_moveit_config:/home/anand/Desktop/moveo_ros2/install/moveo_arm:/home/anand/Desktop/moveo_ros2/install/gazebo_ros2_control_demos:/opt/ros/humble /usr/bin/cmake --install /home/anand/Desktop/moveo_ros2/build/gazebo_ros2_control_demos
[36.476s] Level 1:colcon.colcon_core.environment:checking '/home/anand/Desktop/moveo_ros2/install/gazebo_ros2_control_demos' for CMake config files
[36.477s] Level 1:colcon.colcon_core.shell:create_environment_hook('gazebo_ros2_control_demos', 'cmake_prefix_path')
[36.479s] INFO:colcon.colcon_core.shell:Creating environment hook '/home/anand/Desktop/moveo_ros2/install/gazebo_ros2_control_demos/share/gazebo_ros2_control_demos/hook/cmake_prefix_path.ps1'
[36.480s] INFO:colcon.colcon_core.shell:Creating environment descriptor '/home/anand/Desktop/moveo_ros2/install/gazebo_ros2_control_demos/share/gazebo_ros2_control_demos/hook/cmake_prefix_path.dsv'
[36.481s] INFO:colcon.colcon_core.shell:Creating environment hook '/home/anand/Desktop/moveo_ros2/install/gazebo_ros2_control_demos/share/gazebo_ros2_control_demos/hook/cmake_prefix_path.sh'
[36.481s] Level 1:colcon.colcon_core.environment:checking '/home/anand/Desktop/moveo_ros2/install/gazebo_ros2_control_demos/lib'
[36.482s] Level 1:colcon.colcon_core.environment:checking '/home/anand/Desktop/moveo_ros2/install/gazebo_ros2_control_demos/bin'
[36.482s] Level 1:colcon.colcon_core.environment:checking '/home/anand/Desktop/moveo_ros2/install/gazebo_ros2_control_demos/lib/pkgconfig/gazebo_ros2_control_demos.pc'
[36.483s] Level 1:colcon.colcon_core.environment:checking '/home/anand/Desktop/moveo_ros2/install/gazebo_ros2_control_demos/lib/python3.10/site-packages'
[36.484s] Level 1:colcon.colcon_core.environment:checking '/home/anand/Desktop/moveo_ros2/install/gazebo_ros2_control_demos/bin'
[36.490s] INFO:colcon.colcon_core.shell:Creating package script '/home/anand/Desktop/moveo_ros2/install/gazebo_ros2_control_demos/share/gazebo_ros2_control_demos/package.ps1'
[36.492s] INFO:colcon.colcon_core.shell:Creating package descriptor '/home/anand/Desktop/moveo_ros2/install/gazebo_ros2_control_demos/share/gazebo_ros2_control_demos/package.dsv'
[36.493s] INFO:colcon.colcon_core.shell:Creating package script '/home/anand/Desktop/moveo_ros2/install/gazebo_ros2_control_demos/share/gazebo_ros2_control_demos/package.sh'
[36.494s] INFO:colcon.colcon_core.shell:Creating package script '/home/anand/Desktop/moveo_ros2/install/gazebo_ros2_control_demos/share/gazebo_ros2_control_demos/package.bash'
[36.494s] INFO:colcon.colcon_core.shell:Creating package script '/home/anand/Desktop/moveo_ros2/install/gazebo_ros2_control_demos/share/gazebo_ros2_control_demos/package.zsh'
[36.495s] Level 1:colcon.colcon_core.environment:create_file_with_runtime_dependencies(/home/anand/Desktop/moveo_ros2/install/gazebo_ros2_control_demos/share/colcon-core/packages/gazebo_ros2_control_demos)
[36.553s] Level 1:colcon.colcon_core.environment:create_environment_scripts_only(gazebo_ros2_control_demos)
[36.557s] Level 1:colcon.colcon_core.environment:checking '/home/anand/Desktop/moveo_ros2/install/gazebo_ros2_control_demos' for CMake module files
[36.559s] Level 1:colcon.colcon_core.environment:checking '/home/anand/Desktop/moveo_ros2/install/gazebo_ros2_control_demos' for CMake config files
[36.560s] Level 1:colcon.colcon_core.shell:create_environment_hook('gazebo_ros2_control_demos', 'cmake_prefix_path')
[36.562s] INFO:colcon.colcon_core.shell:Creating environment hook '/home/anand/Desktop/moveo_ros2/install/gazebo_ros2_control_demos/share/gazebo_ros2_control_demos/hook/cmake_prefix_path.ps1'
[36.563s] INFO:colcon.colcon_core.shell:Creating environment descriptor '/home/anand/Desktop/moveo_ros2/install/gazebo_ros2_control_demos/share/gazebo_ros2_control_demos/hook/cmake_prefix_path.dsv'
[36.563s] INFO:colcon.colcon_core.shell:Creating environment hook '/home/anand/Desktop/moveo_ros2/install/gazebo_ros2_control_demos/share/gazebo_ros2_control_demos/hook/cmake_prefix_path.sh'
[36.564s] Level 1:colcon.colcon_core.environment:checking '/home/anand/Desktop/moveo_ros2/install/gazebo_ros2_control_demos/lib'
[36.564s] Level 1:colcon.colcon_core.environment:checking '/home/anand/Desktop/moveo_ros2/install/gazebo_ros2_control_demos/bin'
[36.564s] Level 1:colcon.colcon_core.environment:checking '/home/anand/Desktop/moveo_ros2/install/gazebo_ros2_control_demos/lib/pkgconfig/gazebo_ros2_control_demos.pc'
[36.565s] Level 1:colcon.colcon_core.environment:checking '/home/anand/Desktop/moveo_ros2/install/gazebo_ros2_control_demos/lib/python3.10/site-packages'
[36.565s] Level 1:colcon.colcon_core.environment:checking '/home/anand/Desktop/moveo_ros2/install/gazebo_ros2_control_demos/bin'
[36.568s] INFO:colcon.colcon_core.shell:Creating package script '/home/anand/Desktop/moveo_ros2/install/gazebo_ros2_control_demos/share/gazebo_ros2_control_demos/package.ps1'
[36.569s] INFO:colcon.colcon_core.shell:Creating package descriptor '/home/anand/Desktop/moveo_ros2/install/gazebo_ros2_control_demos/share/gazebo_ros2_control_demos/package.dsv'
[36.570s] INFO:colcon.colcon_core.shell:Creating package script '/home/anand/Desktop/moveo_ros2/install/gazebo_ros2_control_demos/share/gazebo_ros2_control_demos/package.sh'
[36.571s] INFO:colcon.colcon_core.shell:Creating package script '/home/anand/Desktop/moveo_ros2/install/gazebo_ros2_control_demos/share/gazebo_ros2_control_demos/package.bash'
[36.572s] INFO:colcon.colcon_core.shell:Creating package script '/home/anand/Desktop/moveo_ros2/install/gazebo_ros2_control_demos/share/gazebo_ros2_control_demos/package.zsh'
[36.573s] Level 1:colcon.colcon_core.environment:create_file_with_runtime_dependencies(/home/anand/Desktop/moveo_ros2/install/gazebo_ros2_control_demos/share/colcon-core/packages/gazebo_ros2_control_demos)
[36.574s] DEBUG:colcon.colcon_parallel_executor.executor.parallel:closing loop
[36.574s] DEBUG:colcon.colcon_parallel_executor.executor.parallel:loop closed
[36.575s] DEBUG:colcon.colcon_parallel_executor.executor.parallel:run_until_complete finished with '0'
[36.575s] DEBUG:colcon.colcon_core.event_reactor:joining thread
[37.076s] INFO:colcon.colcon_core.plugin_system:Skipping extension 'colcon_notification.desktop_notification.terminal_notifier': Not used on non-Darwin systems
[37.076s] INFO:colcon.colcon_core.plugin_system:Skipping extension 'colcon_notification.desktop_notification.win32': Not used on non-Windows systems
[37.076s] INFO:colcon.colcon_notification.desktop_notification:Sending desktop notification using 'notify2'
[38.131s] DEBUG:colcon.colcon_core.event_reactor:joined thread
[38.135s] INFO:colcon.colcon_core.shell:Creating prefix script '/home/anand/Desktop/moveo_ros2/install/local_setup.ps1'
[38.281s] INFO:colcon.colcon_core.shell:Creating prefix util module '/home/anand/Desktop/moveo_ros2/install/_local_setup_util_ps1.py'
[38.369s] INFO:colcon.colcon_core.shell:Creating prefix chain script '/home/anand/Desktop/moveo_ros2/install/setup.ps1'
[38.376s] INFO:colcon.colcon_core.shell:Creating prefix script '/home/anand/Desktop/moveo_ros2/install/local_setup.sh'
[38.378s] INFO:colcon.colcon_core.shell:Creating prefix util module '/home/anand/Desktop/moveo_ros2/install/_local_setup_util_sh.py'
[38.380s] INFO:colcon.colcon_core.shell:Creating prefix chain script '/home/anand/Desktop/moveo_ros2/install/setup.sh'
[38.387s] INFO:colcon.colcon_core.shell:Creating prefix script '/home/anand/Desktop/moveo_ros2/install/local_setup.bash'
[38.518s] INFO:colcon.colcon_core.shell:Creating prefix chain script '/home/anand/Desktop/moveo_ros2/install/setup.bash'
[38.523s] INFO:colcon.colcon_core.shell:Creating prefix script '/home/anand/Desktop/moveo_ros2/install/local_setup.zsh'
[38.614s] INFO:colcon.colcon_core.shell:Creating prefix chain script '/home/anand/Desktop/moveo_ros2/install/setup.zsh'
