[0.822s] DEBUG:colcon:Command line arguments: ['/usr/bin/colcon', 'build']
[0.822s] DEBUG:colcon:Parsed command line arguments: Namespace(log_base=None, log_level=None, verb_name='build', build_base='build', install_base='install', merge_install=False, symlink_install=False, test_result_base=None, continue_on_error=False, executor='parallel', parallel_workers=4, event_handlers=None, ignore_user_meta=False, metas=['./colcon.meta'], base_paths=['.'], packages_ignore=None, packages_ignore_regex=None, paths=None, packages_up_to=None, packages_up_to_regex=None, packages_above=None, packages_above_and_dependencies=None, packages_above_depth=None, packages_select_by_dep=None, packages_skip_by_dep=None, packages_skip_up_to=None, packages_select_build_failed=False, packages_skip_build_finished=False, packages_select_test_failures=False, packages_skip_test_passed=False, packages_select=None, packages_skip=None, packages_select_regex=None, packages_skip_regex=None, packages_start=None, packages_end=None, allow_overriding=[], cmake_args=None, cmake_target=None, cmake_target_skip_unavailable=False, cmake_clean_cache=False, cmake_clean_first=False, cmake_force_configure=False, ament_cmake_args=None, catkin_cmake_args=None, catkin_skip_building_tests=False, verb_parser=<colcon_defaults.argument_parser.defaults.DefaultArgumentsDecorator object at 0x7f5d8fdbf040>, verb_extension=<colcon_core.verb.build.BuildVerb object at 0x7f5d905f8430>, main=<bound method BuildVerb.main of <colcon_core.verb.build.BuildVerb object at 0x7f5d905f8430>>)
[0.984s] Level 1:colcon.colcon_core.package_discovery:discover_packages(colcon_meta) check parameters
[0.984s] Level 1:colcon.colcon_core.package_discovery:discover_packages(recursive) check parameters
[0.984s] Level 1:colcon.colcon_core.package_discovery:discover_packages(ignore) check parameters
[0.984s] Level 1:colcon.colcon_core.package_discovery:discover_packages(path) check parameters
[0.984s] Level 1:colcon.colcon_core.package_discovery:discover_packages(colcon_meta) discover
[0.984s] Level 1:colcon.colcon_core.package_discovery:discover_packages(recursive) discover
[0.985s] INFO:colcon.colcon_core.package_discovery:Crawling recursively for packages in '/home/anand/Desktop/moveo_ros2'
[0.985s] Level 1:colcon.colcon_core.package_identification:_identify(.) by extensions ['ignore', 'ignore_ament_install']
[0.985s] Level 1:colcon.colcon_core.package_identification:_identify(.) by extension 'ignore'
[0.985s] Level 1:colcon.colcon_core.package_identification:_identify(.) by extension 'ignore_ament_install'
[0.985s] Level 1:colcon.colcon_core.package_identification:_identify(.) by extensions ['colcon_pkg']
[0.985s] Level 1:colcon.colcon_core.package_identification:_identify(.) by extension 'colcon_pkg'
[0.986s] Level 1:colcon.colcon_core.package_identification:_identify(.) by extensions ['colcon_meta']
[0.986s] Level 1:colcon.colcon_core.package_identification:_identify(.) by extension 'colcon_meta'
[0.986s] Level 1:colcon.colcon_core.package_identification:_identify(.) by extensions ['ros']
[0.986s] Level 1:colcon.colcon_core.package_identification:_identify(.) by extension 'ros'
[1.013s] Level 1:colcon.colcon_core.package_identification:_identify(.) by extensions ['cmake', 'python']
[1.013s] Level 1:colcon.colcon_core.package_identification:_identify(.) by extension 'cmake'
[1.013s] Level 1:colcon.colcon_core.package_identification:_identify(.) by extension 'python'
[1.013s] Level 1:colcon.colcon_core.package_identification:_identify(.) by extensions ['python_setup_py']
[1.013s] Level 1:colcon.colcon_core.package_identification:_identify(.) by extension 'python_setup_py'
[1.013s] Level 1:colcon.colcon_core.package_identification:_identify(build) by extensions ['ignore', 'ignore_ament_install']
[1.014s] Level 1:colcon.colcon_core.package_identification:_identify(build) by extension 'ignore'
[1.014s] Level 1:colcon.colcon_core.package_identification:_identify(build) ignored
[1.014s] Level 1:colcon.colcon_core.package_identification:_identify(install) by extensions ['ignore', 'ignore_ament_install']
[1.014s] Level 1:colcon.colcon_core.package_identification:_identify(install) by extension 'ignore'
[1.014s] Level 1:colcon.colcon_core.package_identification:_identify(install) ignored
[1.015s] Level 1:colcon.colcon_core.package_identification:_identify(log) by extensions ['ignore', 'ignore_ament_install']
[1.015s] Level 1:colcon.colcon_core.package_identification:_identify(log) by extension 'ignore'
[1.015s] Level 1:colcon.colcon_core.package_identification:_identify(log) ignored
[1.015s] Level 1:colcon.colcon_core.package_identification:_identify(src) by extensions ['ignore', 'ignore_ament_install']
[1.015s] Level 1:colcon.colcon_core.package_identification:_identify(src) by extension 'ignore'
[1.015s] Level 1:colcon.colcon_core.package_identification:_identify(src) by extension 'ignore_ament_install'
[1.016s] Level 1:colcon.colcon_core.package_identification:_identify(src) by extensions ['colcon_pkg']
[1.016s] Level 1:colcon.colcon_core.package_identification:_identify(src) by extension 'colcon_pkg'
[1.016s] Level 1:colcon.colcon_core.package_identification:_identify(src) by extensions ['colcon_meta']
[1.016s] Level 1:colcon.colcon_core.package_identification:_identify(src) by extension 'colcon_meta'
[1.016s] Level 1:colcon.colcon_core.package_identification:_identify(src) by extensions ['ros']
[1.016s] Level 1:colcon.colcon_core.package_identification:_identify(src) by extension 'ros'
[1.016s] Level 1:colcon.colcon_core.package_identification:_identify(src) by extensions ['cmake', 'python']
[1.016s] Level 1:colcon.colcon_core.package_identification:_identify(src) by extension 'cmake'
[1.017s] Level 1:colcon.colcon_core.package_identification:_identify(src) by extension 'python'
[1.017s] Level 1:colcon.colcon_core.package_identification:_identify(src) by extensions ['python_setup_py']
[1.017s] Level 1:colcon.colcon_core.package_identification:_identify(src) by extension 'python_setup_py'
[1.017s] Level 1:colcon.colcon_core.package_identification:_identify(src/gazebo_ros2_control) by extensions ['ignore', 'ignore_ament_install']
[1.017s] Level 1:colcon.colcon_core.package_identification:_identify(src/gazebo_ros2_control) by extension 'ignore'
[1.017s] Level 1:colcon.colcon_core.package_identification:_identify(src/gazebo_ros2_control) by extension 'ignore_ament_install'
[1.018s] Level 1:colcon.colcon_core.package_identification:_identify(src/gazebo_ros2_control) by extensions ['colcon_pkg']
[1.018s] Level 1:colcon.colcon_core.package_identification:_identify(src/gazebo_ros2_control) by extension 'colcon_pkg'
[1.018s] Level 1:colcon.colcon_core.package_identification:_identify(src/gazebo_ros2_control) by extensions ['colcon_meta']
[1.018s] Level 1:colcon.colcon_core.package_identification:_identify(src/gazebo_ros2_control) by extension 'colcon_meta'
[1.018s] Level 1:colcon.colcon_core.package_identification:_identify(src/gazebo_ros2_control) by extensions ['ros']
[1.018s] Level 1:colcon.colcon_core.package_identification:_identify(src/gazebo_ros2_control) by extension 'ros'
[1.051s] DEBUG:colcon.colcon_core.package_identification:Package 'src/gazebo_ros2_control' with type 'ros.ament_cmake' and name 'gazebo_ros2_control'
[1.051s] Level 1:colcon.colcon_core.package_identification:_identify(src/gazebo_ros2_control_demos) by extensions ['ignore', 'ignore_ament_install']
[1.051s] Level 1:colcon.colcon_core.package_identification:_identify(src/gazebo_ros2_control_demos) by extension 'ignore'
[1.052s] Level 1:colcon.colcon_core.package_identification:_identify(src/gazebo_ros2_control_demos) by extension 'ignore_ament_install'
[1.052s] Level 1:colcon.colcon_core.package_identification:_identify(src/gazebo_ros2_control_demos) by extensions ['colcon_pkg']
[1.052s] Level 1:colcon.colcon_core.package_identification:_identify(src/gazebo_ros2_control_demos) by extension 'colcon_pkg'
[1.052s] Level 1:colcon.colcon_core.package_identification:_identify(src/gazebo_ros2_control_demos) by extensions ['colcon_meta']
[1.052s] Level 1:colcon.colcon_core.package_identification:_identify(src/gazebo_ros2_control_demos) by extension 'colcon_meta'
[1.052s] Level 1:colcon.colcon_core.package_identification:_identify(src/gazebo_ros2_control_demos) by extensions ['ros']
[1.053s] Level 1:colcon.colcon_core.package_identification:_identify(src/gazebo_ros2_control_demos) by extension 'ros'
[1.055s] DEBUG:colcon.colcon_core.package_identification:Package 'src/gazebo_ros2_control_demos' with type 'ros.ament_cmake' and name 'gazebo_ros2_control_demos'
[1.055s] Level 1:colcon.colcon_core.package_identification:_identify(src/moveo_arm) by extensions ['ignore', 'ignore_ament_install']
[1.055s] Level 1:colcon.colcon_core.package_identification:_identify(src/moveo_arm) by extension 'ignore'
[1.055s] Level 1:colcon.colcon_core.package_identification:_identify(src/moveo_arm) by extension 'ignore_ament_install'
[1.055s] Level 1:colcon.colcon_core.package_identification:_identify(src/moveo_arm) by extensions ['colcon_pkg']
[1.056s] Level 1:colcon.colcon_core.package_identification:_identify(src/moveo_arm) by extension 'colcon_pkg'
[1.056s] Level 1:colcon.colcon_core.package_identification:_identify(src/moveo_arm) by extensions ['colcon_meta']
[1.056s] Level 1:colcon.colcon_core.package_identification:_identify(src/moveo_arm) by extension 'colcon_meta'
[1.056s] Level 1:colcon.colcon_core.package_identification:_identify(src/moveo_arm) by extensions ['ros']
[1.056s] Level 1:colcon.colcon_core.package_identification:_identify(src/moveo_arm) by extension 'ros'
[1.078s] DEBUG:colcon.colcon_core.package_identification:Package 'src/moveo_arm' with type 'ros.ament_cmake' and name 'moveo_arm'
[1.078s] Level 1:colcon.colcon_core.package_identification:_identify(src/moveo_moveit_config) by extensions ['ignore', 'ignore_ament_install']
[1.079s] Level 1:colcon.colcon_core.package_identification:_identify(src/moveo_moveit_config) by extension 'ignore'
[1.079s] Level 1:colcon.colcon_core.package_identification:_identify(src/moveo_moveit_config) by extension 'ignore_ament_install'
[1.079s] Level 1:colcon.colcon_core.package_identification:_identify(src/moveo_moveit_config) by extensions ['colcon_pkg']
[1.079s] Level 1:colcon.colcon_core.package_identification:_identify(src/moveo_moveit_config) by extension 'colcon_pkg'
[1.079s] Level 1:colcon.colcon_core.package_identification:_identify(src/moveo_moveit_config) by extensions ['colcon_meta']
[1.079s] Level 1:colcon.colcon_core.package_identification:_identify(src/moveo_moveit_config) by extension 'colcon_meta'
[1.079s] Level 1:colcon.colcon_core.package_identification:_identify(src/moveo_moveit_config) by extensions ['ros']
[1.080s] Level 1:colcon.colcon_core.package_identification:_identify(src/moveo_moveit_config) by extension 'ros'
[1.082s] DEBUG:colcon.colcon_core.package_identification:Package 'src/moveo_moveit_config' with type 'ros.ament_cmake' and name 'moveo_moveit_config'
[1.082s] Level 1:colcon.colcon_core.package_discovery:discover_packages(recursive) using defaults
[1.082s] Level 1:colcon.colcon_core.package_discovery:discover_packages(ignore) discover
[1.082s] Level 1:colcon.colcon_core.package_discovery:discover_packages(ignore) using defaults
[1.082s] Level 1:colcon.colcon_core.package_discovery:discover_packages(path) discover
[1.082s] Level 1:colcon.colcon_core.package_discovery:discover_packages(path) using defaults
[1.297s] Level 1:colcon.colcon_core.package_discovery:discover_packages(prefix_path) check parameters
[1.297s] Level 1:colcon.colcon_core.package_discovery:discover_packages(prefix_path) discover
[1.304s] DEBUG:colcon.colcon_installed_package_information.package_discovery:Found 4 installed packages in /home/anand/Desktop/moveo_ros2/install
[1.311s] DEBUG:colcon.colcon_installed_package_information.package_discovery:Found 392 installed packages in /opt/ros/humble
[1.319s] Level 1:colcon.colcon_core.package_discovery:discover_packages(prefix_path) using defaults
[1.486s] Level 5:colcon.colcon_core.verb:set package 'gazebo_ros2_control' build argument 'cmake_args' from command line to 'None'
[1.486s] Level 5:colcon.colcon_core.verb:set package 'gazebo_ros2_control' build argument 'cmake_target' from command line to 'None'
[1.486s] Level 5:colcon.colcon_core.verb:set package 'gazebo_ros2_control' build argument 'cmake_target_skip_unavailable' from command line to 'False'
[1.486s] Level 5:colcon.colcon_core.verb:set package 'gazebo_ros2_control' build argument 'cmake_clean_cache' from command line to 'False'
[1.486s] Level 5:colcon.colcon_core.verb:set package 'gazebo_ros2_control' build argument 'cmake_clean_first' from command line to 'False'
[1.486s] Level 5:colcon.colcon_core.verb:set package 'gazebo_ros2_control' build argument 'cmake_force_configure' from command line to 'False'
[1.486s] Level 5:colcon.colcon_core.verb:set package 'gazebo_ros2_control' build argument 'ament_cmake_args' from command line to 'None'
[1.486s] Level 5:colcon.colcon_core.verb:set package 'gazebo_ros2_control' build argument 'catkin_cmake_args' from command line to 'None'
[1.486s] Level 5:colcon.colcon_core.verb:set package 'gazebo_ros2_control' build argument 'catkin_skip_building_tests' from command line to 'False'
[1.487s] DEBUG:colcon.colcon_core.verb:Building package 'gazebo_ros2_control' with the following arguments: {'ament_cmake_args': None, 'build_base': '/home/anand/Desktop/moveo_ros2/build/gazebo_ros2_control', 'catkin_cmake_args': None, 'catkin_skip_building_tests': False, 'cmake_args': None, 'cmake_clean_cache': False, 'cmake_clean_first': False, 'cmake_force_configure': False, 'cmake_target': None, 'cmake_target_skip_unavailable': False, 'install_base': '/home/anand/Desktop/moveo_ros2/install/gazebo_ros2_control', 'merge_install': False, 'path': '/home/anand/Desktop/moveo_ros2/src/gazebo_ros2_control', 'symlink_install': False, 'test_result_base': None}
[1.489s] Level 5:colcon.colcon_core.verb:set package 'moveo_arm' build argument 'cmake_args' from command line to 'None'
[1.489s] Level 5:colcon.colcon_core.verb:set package 'moveo_arm' build argument 'cmake_target' from command line to 'None'
[1.489s] Level 5:colcon.colcon_core.verb:set package 'moveo_arm' build argument 'cmake_target_skip_unavailable' from command line to 'False'
[1.489s] Level 5:colcon.colcon_core.verb:set package 'moveo_arm' build argument 'cmake_clean_cache' from command line to 'False'
[1.489s] Level 5:colcon.colcon_core.verb:set package 'moveo_arm' build argument 'cmake_clean_first' from command line to 'False'
[1.489s] Level 5:colcon.colcon_core.verb:set package 'moveo_arm' build argument 'cmake_force_configure' from command line to 'False'
[1.489s] Level 5:colcon.colcon_core.verb:set package 'moveo_arm' build argument 'ament_cmake_args' from command line to 'None'
[1.489s] Level 5:colcon.colcon_core.verb:set package 'moveo_arm' build argument 'catkin_cmake_args' from command line to 'None'
[1.489s] Level 5:colcon.colcon_core.verb:set package 'moveo_arm' build argument 'catkin_skip_building_tests' from command line to 'False'
[1.490s] DEBUG:colcon.colcon_core.verb:Building package 'moveo_arm' with the following arguments: {'ament_cmake_args': None, 'build_base': '/home/anand/Desktop/moveo_ros2/build/moveo_arm', 'catkin_cmake_args': None, 'catkin_skip_building_tests': False, 'cmake_args': None, 'cmake_clean_cache': False, 'cmake_clean_first': False, 'cmake_force_configure': False, 'cmake_target': None, 'cmake_target_skip_unavailable': False, 'install_base': '/home/anand/Desktop/moveo_ros2/install/moveo_arm', 'merge_install': False, 'path': '/home/anand/Desktop/moveo_ros2/src/moveo_arm', 'symlink_install': False, 'test_result_base': None}
[1.492s] Level 5:colcon.colcon_core.verb:set package 'gazebo_ros2_control_demos' build argument 'cmake_args' from command line to 'None'
[1.492s] Level 5:colcon.colcon_core.verb:set package 'gazebo_ros2_control_demos' build argument 'cmake_target' from command line to 'None'
[1.492s] Level 5:colcon.colcon_core.verb:set package 'gazebo_ros2_control_demos' build argument 'cmake_target_skip_unavailable' from command line to 'False'
[1.492s] Level 5:colcon.colcon_core.verb:set package 'gazebo_ros2_control_demos' build argument 'cmake_clean_cache' from command line to 'False'
[1.492s] Level 5:colcon.colcon_core.verb:set package 'gazebo_ros2_control_demos' build argument 'cmake_clean_first' from command line to 'False'
[1.492s] Level 5:colcon.colcon_core.verb:set package 'gazebo_ros2_control_demos' build argument 'cmake_force_configure' from command line to 'False'
[1.492s] Level 5:colcon.colcon_core.verb:set package 'gazebo_ros2_control_demos' build argument 'ament_cmake_args' from command line to 'None'
[1.492s] Level 5:colcon.colcon_core.verb:set package 'gazebo_ros2_control_demos' build argument 'catkin_cmake_args' from command line to 'None'
[1.492s] Level 5:colcon.colcon_core.verb:set package 'gazebo_ros2_control_demos' build argument 'catkin_skip_building_tests' from command line to 'False'
[1.493s] DEBUG:colcon.colcon_core.verb:Building package 'gazebo_ros2_control_demos' with the following arguments: {'ament_cmake_args': None, 'build_base': '/home/anand/Desktop/moveo_ros2/build/gazebo_ros2_control_demos', 'catkin_cmake_args': None, 'catkin_skip_building_tests': False, 'cmake_args': None, 'cmake_clean_cache': False, 'cmake_clean_first': False, 'cmake_force_configure': False, 'cmake_target': None, 'cmake_target_skip_unavailable': False, 'install_base': '/home/anand/Desktop/moveo_ros2/install/gazebo_ros2_control_demos', 'merge_install': False, 'path': '/home/anand/Desktop/moveo_ros2/src/gazebo_ros2_control_demos', 'symlink_install': False, 'test_result_base': None}
[1.495s] Level 5:colcon.colcon_core.verb:set package 'moveo_moveit_config' build argument 'cmake_args' from command line to 'None'
[1.495s] Level 5:colcon.colcon_core.verb:set package 'moveo_moveit_config' build argument 'cmake_target' from command line to 'None'
[1.495s] Level 5:colcon.colcon_core.verb:set package 'moveo_moveit_config' build argument 'cmake_target_skip_unavailable' from command line to 'False'
[1.495s] Level 5:colcon.colcon_core.verb:set package 'moveo_moveit_config' build argument 'cmake_clean_cache' from command line to 'False'
[1.495s] Level 5:colcon.colcon_core.verb:set package 'moveo_moveit_config' build argument 'cmake_clean_first' from command line to 'False'
[1.495s] Level 5:colcon.colcon_core.verb:set package 'moveo_moveit_config' build argument 'cmake_force_configure' from command line to 'False'
[1.496s] Level 5:colcon.colcon_core.verb:set package 'moveo_moveit_config' build argument 'ament_cmake_args' from command line to 'None'
[1.496s] Level 5:colcon.colcon_core.verb:set package 'moveo_moveit_config' build argument 'catkin_cmake_args' from command line to 'None'
[1.496s] Level 5:colcon.colcon_core.verb:set package 'moveo_moveit_config' build argument 'catkin_skip_building_tests' from command line to 'False'
[1.496s] DEBUG:colcon.colcon_core.verb:Building package 'moveo_moveit_config' with the following arguments: {'ament_cmake_args': None, 'build_base': '/home/anand/Desktop/moveo_ros2/build/moveo_moveit_config', 'catkin_cmake_args': None, 'catkin_skip_building_tests': False, 'cmake_args': None, 'cmake_clean_cache': False, 'cmake_clean_first': False, 'cmake_force_configure': False, 'cmake_target': None, 'cmake_target_skip_unavailable': False, 'install_base': '/home/anand/Desktop/moveo_ros2/install/moveo_moveit_config', 'merge_install': False, 'path': '/home/anand/Desktop/moveo_ros2/src/moveo_moveit_config', 'symlink_install': False, 'test_result_base': None}
[1.497s] INFO:colcon.colcon_core.executor:Executing jobs using 'parallel' executor
[1.504s] DEBUG:colcon.colcon_parallel_executor.executor.parallel:run_until_complete
[1.504s] INFO:colcon.colcon_ros.task.ament_cmake.build:Building ROS package in '/home/anand/Desktop/moveo_ros2/src/gazebo_ros2_control' with build type 'ament_cmake'
[1.504s] INFO:colcon.colcon_cmake.task.cmake.build:Building CMake package in '/home/anand/Desktop/moveo_ros2/src/gazebo_ros2_control'
[1.514s] INFO:colcon.colcon_core.plugin_system:Skipping extension 'colcon_core.shell.bat': Not used on non-Windows systems
[1.514s] INFO:colcon.colcon_core.shell:Skip shell extension 'powershell' for command environment: Not usable outside of PowerShell
[1.515s] DEBUG:colcon.colcon_core.shell:Skip shell extension 'dsv' for command environment
[1.526s] INFO:colcon.colcon_ros.task.ament_cmake.build:Building ROS package in '/home/anand/Desktop/moveo_ros2/src/moveo_arm' with build type 'ament_cmake'
[1.527s] INFO:colcon.colcon_cmake.task.cmake.build:Building CMake package in '/home/anand/Desktop/moveo_ros2/src/moveo_arm'
[1.531s] INFO:colcon.colcon_core.shell:Skip shell extension 'powershell' for command environment: Not usable outside of PowerShell
[1.531s] DEBUG:colcon.colcon_core.shell:Skip shell extension 'dsv' for command environment
[1.614s] DEBUG:colcon.colcon_core.event_handler.log_command:Invoking command in '/home/anand/Desktop/moveo_ros2/build/gazebo_ros2_control': CMAKE_PREFIX_PATH=${CMAKE_PREFIX_PATH}:/opt/ros/humble /usr/bin/cmake --build /home/anand/Desktop/moveo_ros2/build/gazebo_ros2_control -- -j4 -l4
[1.620s] DEBUG:colcon.colcon_core.event_handler.log_command:Invoking command in '/home/anand/Desktop/moveo_ros2/build/moveo_arm': CMAKE_PREFIX_PATH=${CMAKE_PREFIX_PATH}:/opt/ros/humble /usr/bin/cmake --build /home/anand/Desktop/moveo_ros2/build/moveo_arm -- -j4 -l4
[1.751s] DEBUG:colcon.colcon_core.event_handler.log_command:Invoked command in '/home/anand/Desktop/moveo_ros2/build/moveo_arm' returned '0': CMAKE_PREFIX_PATH=${CMAKE_PREFIX_PATH}:/opt/ros/humble /usr/bin/cmake --build /home/anand/Desktop/moveo_ros2/build/moveo_arm -- -j4 -l4
[1.800s] DEBUG:colcon.colcon_core.event_handler.log_command:Invoking command in '/home/anand/Desktop/moveo_ros2/build/moveo_arm': CMAKE_PREFIX_PATH=${CMAKE_PREFIX_PATH}:/opt/ros/humble /usr/bin/cmake --install /home/anand/Desktop/moveo_ros2/build/moveo_arm
[1.819s] Level 1:colcon.colcon_core.environment:create_environment_scripts_only(moveo_arm)
[1.836s] Level 1:colcon.colcon_core.environment:checking '/home/anand/Desktop/moveo_ros2/install/moveo_arm' for CMake module files
[1.840s] Level 1:colcon.colcon_core.environment:checking '/home/anand/Desktop/moveo_ros2/install/moveo_arm' for CMake config files
[1.844s] DEBUG:colcon.colcon_core.event_handler.log_command:Invoked command in '/home/anand/Desktop/moveo_ros2/build/moveo_arm' returned '0': CMAKE_PREFIX_PATH=${CMAKE_PREFIX_PATH}:/opt/ros/humble /usr/bin/cmake --install /home/anand/Desktop/moveo_ros2/build/moveo_arm
[1.847s] Level 1:colcon.colcon_core.shell:create_environment_hook('moveo_arm', 'cmake_prefix_path')
[1.851s] INFO:colcon.colcon_core.shell:Creating environment hook '/home/anand/Desktop/moveo_ros2/install/moveo_arm/share/moveo_arm/hook/cmake_prefix_path.ps1'
[1.853s] INFO:colcon.colcon_core.shell:Creating environment descriptor '/home/anand/Desktop/moveo_ros2/install/moveo_arm/share/moveo_arm/hook/cmake_prefix_path.dsv'
[1.855s] INFO:colcon.colcon_core.shell:Creating environment hook '/home/anand/Desktop/moveo_ros2/install/moveo_arm/share/moveo_arm/hook/cmake_prefix_path.sh'
[1.857s] Level 1:colcon.colcon_core.environment:checking '/home/anand/Desktop/moveo_ros2/install/moveo_arm/bin'
[1.857s] Level 1:colcon.colcon_core.environment:checking '/home/anand/Desktop/moveo_ros2/install/moveo_arm/lib/pkgconfig/moveo_arm.pc'
[1.857s] Level 1:colcon.colcon_core.environment:checking '/home/anand/Desktop/moveo_ros2/install/moveo_arm/lib/python3.10/site-packages'
[1.858s] Level 1:colcon.colcon_core.environment:checking '/home/anand/Desktop/moveo_ros2/install/moveo_arm/bin'
[1.862s] INFO:colcon.colcon_core.shell:Creating package script '/home/anand/Desktop/moveo_ros2/install/moveo_arm/share/moveo_arm/package.ps1'
[1.865s] INFO:colcon.colcon_core.shell:Creating package descriptor '/home/anand/Desktop/moveo_ros2/install/moveo_arm/share/moveo_arm/package.dsv'
[1.866s] INFO:colcon.colcon_core.shell:Creating package script '/home/anand/Desktop/moveo_ros2/install/moveo_arm/share/moveo_arm/package.sh'
[1.868s] INFO:colcon.colcon_core.shell:Creating package script '/home/anand/Desktop/moveo_ros2/install/moveo_arm/share/moveo_arm/package.bash'
[1.870s] INFO:colcon.colcon_core.shell:Creating package script '/home/anand/Desktop/moveo_ros2/install/moveo_arm/share/moveo_arm/package.zsh'
[1.872s] Level 1:colcon.colcon_core.environment:create_file_with_runtime_dependencies(/home/anand/Desktop/moveo_ros2/install/moveo_arm/share/colcon-core/packages/moveo_arm)
[1.908s] Level 1:colcon.colcon_core.environment:create_environment_scripts_only(moveo_arm)
[1.913s] Level 1:colcon.colcon_core.environment:checking '/home/anand/Desktop/moveo_ros2/install/moveo_arm' for CMake module files
[1.914s] Level 1:colcon.colcon_core.environment:checking '/home/anand/Desktop/moveo_ros2/install/moveo_arm' for CMake config files
[1.915s] Level 1:colcon.colcon_core.shell:create_environment_hook('moveo_arm', 'cmake_prefix_path')
[1.917s] INFO:colcon.colcon_core.shell:Creating environment hook '/home/anand/Desktop/moveo_ros2/install/moveo_arm/share/moveo_arm/hook/cmake_prefix_path.ps1'
[1.918s] INFO:colcon.colcon_core.shell:Creating environment descriptor '/home/anand/Desktop/moveo_ros2/install/moveo_arm/share/moveo_arm/hook/cmake_prefix_path.dsv'
[1.919s] INFO:colcon.colcon_core.shell:Creating environment hook '/home/anand/Desktop/moveo_ros2/install/moveo_arm/share/moveo_arm/hook/cmake_prefix_path.sh'
[1.920s] Level 1:colcon.colcon_core.environment:checking '/home/anand/Desktop/moveo_ros2/install/moveo_arm/bin'
[1.921s] Level 1:colcon.colcon_core.environment:checking '/home/anand/Desktop/moveo_ros2/install/moveo_arm/lib/pkgconfig/moveo_arm.pc'
[1.921s] Level 1:colcon.colcon_core.environment:checking '/home/anand/Desktop/moveo_ros2/install/moveo_arm/lib/python3.10/site-packages'
[1.922s] Level 1:colcon.colcon_core.environment:checking '/home/anand/Desktop/moveo_ros2/install/moveo_arm/bin'
[1.924s] INFO:colcon.colcon_core.shell:Creating package script '/home/anand/Desktop/moveo_ros2/install/moveo_arm/share/moveo_arm/package.ps1'
[1.925s] INFO:colcon.colcon_core.shell:Creating package descriptor '/home/anand/Desktop/moveo_ros2/install/moveo_arm/share/moveo_arm/package.dsv'
[1.926s] INFO:colcon.colcon_core.shell:Creating package script '/home/anand/Desktop/moveo_ros2/install/moveo_arm/share/moveo_arm/package.sh'
[1.927s] INFO:colcon.colcon_core.shell:Creating package script '/home/anand/Desktop/moveo_ros2/install/moveo_arm/share/moveo_arm/package.bash'
[1.928s] INFO:colcon.colcon_core.shell:Creating package script '/home/anand/Desktop/moveo_ros2/install/moveo_arm/share/moveo_arm/package.zsh'
[1.929s] Level 1:colcon.colcon_core.environment:create_file_with_runtime_dependencies(/home/anand/Desktop/moveo_ros2/install/moveo_arm/share/colcon-core/packages/moveo_arm)
[1.930s] INFO:colcon.colcon_ros.task.ament_cmake.build:Building ROS package in '/home/anand/Desktop/moveo_ros2/src/moveo_moveit_config' with build type 'ament_cmake'
[1.931s] INFO:colcon.colcon_cmake.task.cmake.build:Building CMake package in '/home/anand/Desktop/moveo_ros2/src/moveo_moveit_config'
[1.934s] INFO:colcon.colcon_core.shell:Skip shell extension 'powershell' for command environment: Not usable outside of PowerShell
[1.934s] DEBUG:colcon.colcon_core.shell:Skip shell extension 'dsv' for command environment
[1.946s] DEBUG:colcon.colcon_core.event_handler.log_command:Invoked command in '/home/anand/Desktop/moveo_ros2/build/gazebo_ros2_control' returned '0': CMAKE_PREFIX_PATH=${CMAKE_PREFIX_PATH}:/opt/ros/humble /usr/bin/cmake --build /home/anand/Desktop/moveo_ros2/build/gazebo_ros2_control -- -j4 -l4
[1.959s] DEBUG:colcon.colcon_core.event_handler.log_command:Invoking command in '/home/anand/Desktop/moveo_ros2/build/moveo_moveit_config': CMAKE_PREFIX_PATH=/home/anand/Desktop/moveo_ros2/install/moveo_arm:/home/anand/Desktop/moveo_ros2/install/moveo_moveit_config:/home/anand/Desktop/moveo_ros2/install/gazebo_ros2_control_demos:/home/anand/Desktop/moveo_ros2/install/gazebo_ros2_control:/opt/ros/humble /usr/bin/cmake --build /home/anand/Desktop/moveo_ros2/build/moveo_moveit_config -- -j4 -l4
[2.003s] DEBUG:colcon.colcon_core.event_handler.log_command:Invoking command in '/home/anand/Desktop/moveo_ros2/build/gazebo_ros2_control': CMAKE_PREFIX_PATH=${CMAKE_PREFIX_PATH}:/opt/ros/humble /usr/bin/cmake --install /home/anand/Desktop/moveo_ros2/build/gazebo_ros2_control
[2.026s] Level 1:colcon.colcon_core.environment:create_environment_scripts_only(gazebo_ros2_control)
[2.033s] Level 1:colcon.colcon_core.environment:checking '/home/anand/Desktop/moveo_ros2/install/gazebo_ros2_control' for CMake module files
[2.033s] DEBUG:colcon.colcon_core.event_handler.log_command:Invoked command in '/home/anand/Desktop/moveo_ros2/build/moveo_moveit_config' returned '0': CMAKE_PREFIX_PATH=/home/anand/Desktop/moveo_ros2/install/moveo_arm:/home/anand/Desktop/moveo_ros2/install/moveo_moveit_config:/home/anand/Desktop/moveo_ros2/install/gazebo_ros2_control_demos:/home/anand/Desktop/moveo_ros2/install/gazebo_ros2_control:/opt/ros/humble /usr/bin/cmake --build /home/anand/Desktop/moveo_ros2/build/moveo_moveit_config -- -j4 -l4
[2.035s] DEBUG:colcon.colcon_core.event_handler.log_command:Invoked command in '/home/anand/Desktop/moveo_ros2/build/gazebo_ros2_control' returned '0': CMAKE_PREFIX_PATH=${CMAKE_PREFIX_PATH}:/opt/ros/humble /usr/bin/cmake --install /home/anand/Desktop/moveo_ros2/build/gazebo_ros2_control
[2.035s] Level 1:colcon.colcon_core.environment:checking '/home/anand/Desktop/moveo_ros2/install/gazebo_ros2_control' for CMake config files
[2.036s] Level 1:colcon.colcon_core.shell:create_environment_hook('gazebo_ros2_control', 'cmake_prefix_path')
[2.039s] INFO:colcon.colcon_core.shell:Creating environment hook '/home/anand/Desktop/moveo_ros2/install/gazebo_ros2_control/share/gazebo_ros2_control/hook/cmake_prefix_path.ps1'
[2.041s] INFO:colcon.colcon_core.shell:Creating environment descriptor '/home/anand/Desktop/moveo_ros2/install/gazebo_ros2_control/share/gazebo_ros2_control/hook/cmake_prefix_path.dsv'
[2.041s] INFO:colcon.colcon_core.shell:Creating environment hook '/home/anand/Desktop/moveo_ros2/install/gazebo_ros2_control/share/gazebo_ros2_control/hook/cmake_prefix_path.sh'
[2.042s] Level 1:colcon.colcon_core.environment:checking '/home/anand/Desktop/moveo_ros2/install/gazebo_ros2_control/lib'
[2.043s] Level 1:colcon.colcon_core.shell:create_environment_hook('gazebo_ros2_control', 'ld_library_path_lib')
[2.046s] INFO:colcon.colcon_core.shell:Creating environment hook '/home/anand/Desktop/moveo_ros2/install/gazebo_ros2_control/share/gazebo_ros2_control/hook/ld_library_path_lib.ps1'
[2.047s] INFO:colcon.colcon_core.shell:Creating environment descriptor '/home/anand/Desktop/moveo_ros2/install/gazebo_ros2_control/share/gazebo_ros2_control/hook/ld_library_path_lib.dsv'
[2.048s] INFO:colcon.colcon_core.shell:Creating environment hook '/home/anand/Desktop/moveo_ros2/install/gazebo_ros2_control/share/gazebo_ros2_control/hook/ld_library_path_lib.sh'
[2.050s] Level 1:colcon.colcon_core.environment:checking '/home/anand/Desktop/moveo_ros2/install/gazebo_ros2_control/bin'
[2.051s] Level 1:colcon.colcon_core.environment:checking '/home/anand/Desktop/moveo_ros2/install/gazebo_ros2_control/lib/pkgconfig/gazebo_ros2_control.pc'
[2.052s] Level 1:colcon.colcon_core.environment:checking '/home/anand/Desktop/moveo_ros2/install/gazebo_ros2_control/lib/python3.10/site-packages'
[2.053s] Level 1:colcon.colcon_core.environment:checking '/home/anand/Desktop/moveo_ros2/install/gazebo_ros2_control/bin'
[2.057s] INFO:colcon.colcon_core.shell:Creating package script '/home/anand/Desktop/moveo_ros2/install/gazebo_ros2_control/share/gazebo_ros2_control/package.ps1'
[2.058s] INFO:colcon.colcon_core.shell:Creating package descriptor '/home/anand/Desktop/moveo_ros2/install/gazebo_ros2_control/share/gazebo_ros2_control/package.dsv'
[2.060s] INFO:colcon.colcon_core.shell:Creating package script '/home/anand/Desktop/moveo_ros2/install/gazebo_ros2_control/share/gazebo_ros2_control/package.sh'
[2.061s] INFO:colcon.colcon_core.shell:Creating package script '/home/anand/Desktop/moveo_ros2/install/gazebo_ros2_control/share/gazebo_ros2_control/package.bash'
[2.061s] INFO:colcon.colcon_core.shell:Creating package script '/home/anand/Desktop/moveo_ros2/install/gazebo_ros2_control/share/gazebo_ros2_control/package.zsh'
[2.062s] Level 1:colcon.colcon_core.environment:create_file_with_runtime_dependencies(/home/anand/Desktop/moveo_ros2/install/gazebo_ros2_control/share/colcon-core/packages/gazebo_ros2_control)
[2.071s] DEBUG:colcon.colcon_core.event_handler.log_command:Invoking command in '/home/anand/Desktop/moveo_ros2/build/moveo_moveit_config': CMAKE_PREFIX_PATH=/home/anand/Desktop/moveo_ros2/install/moveo_arm:/home/anand/Desktop/moveo_ros2/install/moveo_moveit_config:/home/anand/Desktop/moveo_ros2/install/gazebo_ros2_control_demos:/home/anand/Desktop/moveo_ros2/install/gazebo_ros2_control:/opt/ros/humble /usr/bin/cmake --install /home/anand/Desktop/moveo_ros2/build/moveo_moveit_config
[2.086s] Level 1:colcon.colcon_core.environment:create_environment_scripts_only(moveo_moveit_config)
[2.091s] Level 1:colcon.colcon_core.environment:checking '/home/anand/Desktop/moveo_ros2/install/moveo_moveit_config' for CMake module files
[2.093s] Level 1:colcon.colcon_core.environment:checking '/home/anand/Desktop/moveo_ros2/install/moveo_moveit_config' for CMake config files
[2.098s] Level 1:colcon.colcon_core.shell:create_environment_hook('moveo_moveit_config', 'cmake_prefix_path')
[2.102s] INFO:colcon.colcon_core.shell:Creating environment hook '/home/anand/Desktop/moveo_ros2/install/moveo_moveit_config/share/moveo_moveit_config/hook/cmake_prefix_path.ps1'
[2.104s] INFO:colcon.colcon_core.shell:Creating environment descriptor '/home/anand/Desktop/moveo_ros2/install/moveo_moveit_config/share/moveo_moveit_config/hook/cmake_prefix_path.dsv'
[2.105s] DEBUG:colcon.colcon_core.event_handler.log_command:Invoked command in '/home/anand/Desktop/moveo_ros2/build/moveo_moveit_config' returned '0': CMAKE_PREFIX_PATH=/home/anand/Desktop/moveo_ros2/install/moveo_arm:/home/anand/Desktop/moveo_ros2/install/moveo_moveit_config:/home/anand/Desktop/moveo_ros2/install/gazebo_ros2_control_demos:/home/anand/Desktop/moveo_ros2/install/gazebo_ros2_control:/opt/ros/humble /usr/bin/cmake --install /home/anand/Desktop/moveo_ros2/build/moveo_moveit_config
[2.106s] INFO:colcon.colcon_core.shell:Creating environment hook '/home/anand/Desktop/moveo_ros2/install/moveo_moveit_config/share/moveo_moveit_config/hook/cmake_prefix_path.sh'
[2.107s] Level 1:colcon.colcon_core.environment:checking '/home/anand/Desktop/moveo_ros2/install/moveo_moveit_config/bin'
[2.107s] Level 1:colcon.colcon_core.environment:checking '/home/anand/Desktop/moveo_ros2/install/moveo_moveit_config/lib/pkgconfig/moveo_moveit_config.pc'
[2.107s] Level 1:colcon.colcon_core.environment:checking '/home/anand/Desktop/moveo_ros2/install/moveo_moveit_config/lib/python3.10/site-packages'
[2.108s] Level 1:colcon.colcon_core.environment:checking '/home/anand/Desktop/moveo_ros2/install/moveo_moveit_config/bin'
[2.111s] INFO:colcon.colcon_core.shell:Creating package script '/home/anand/Desktop/moveo_ros2/install/moveo_moveit_config/share/moveo_moveit_config/package.ps1'
[2.112s] INFO:colcon.colcon_core.shell:Creating package descriptor '/home/anand/Desktop/moveo_ros2/install/moveo_moveit_config/share/moveo_moveit_config/package.dsv'
[2.113s] INFO:colcon.colcon_core.shell:Creating package script '/home/anand/Desktop/moveo_ros2/install/moveo_moveit_config/share/moveo_moveit_config/package.sh'
[2.114s] INFO:colcon.colcon_core.shell:Creating package script '/home/anand/Desktop/moveo_ros2/install/moveo_moveit_config/share/moveo_moveit_config/package.bash'
[2.115s] INFO:colcon.colcon_core.shell:Creating package script '/home/anand/Desktop/moveo_ros2/install/moveo_moveit_config/share/moveo_moveit_config/package.zsh'
[2.115s] Level 1:colcon.colcon_core.environment:create_file_with_runtime_dependencies(/home/anand/Desktop/moveo_ros2/install/moveo_moveit_config/share/colcon-core/packages/moveo_moveit_config)
[2.123s] Level 1:colcon.colcon_core.environment:create_environment_scripts_only(gazebo_ros2_control)
[2.129s] Level 1:colcon.colcon_core.environment:checking '/home/anand/Desktop/moveo_ros2/install/gazebo_ros2_control' for CMake module files
[2.131s] Level 1:colcon.colcon_core.environment:checking '/home/anand/Desktop/moveo_ros2/install/gazebo_ros2_control' for CMake config files
[2.132s] Level 1:colcon.colcon_core.shell:create_environment_hook('gazebo_ros2_control', 'cmake_prefix_path')
[2.135s] INFO:colcon.colcon_core.shell:Creating environment hook '/home/anand/Desktop/moveo_ros2/install/gazebo_ros2_control/share/gazebo_ros2_control/hook/cmake_prefix_path.ps1'
[2.136s] INFO:colcon.colcon_core.shell:Creating environment descriptor '/home/anand/Desktop/moveo_ros2/install/gazebo_ros2_control/share/gazebo_ros2_control/hook/cmake_prefix_path.dsv'
[2.137s] INFO:colcon.colcon_core.shell:Creating environment hook '/home/anand/Desktop/moveo_ros2/install/gazebo_ros2_control/share/gazebo_ros2_control/hook/cmake_prefix_path.sh'
[2.138s] Level 1:colcon.colcon_core.environment:checking '/home/anand/Desktop/moveo_ros2/install/gazebo_ros2_control/lib'
[2.138s] Level 1:colcon.colcon_core.shell:create_environment_hook('gazebo_ros2_control', 'ld_library_path_lib')
[2.143s] INFO:colcon.colcon_core.shell:Creating environment hook '/home/anand/Desktop/moveo_ros2/install/gazebo_ros2_control/share/gazebo_ros2_control/hook/ld_library_path_lib.ps1'
[2.144s] INFO:colcon.colcon_core.shell:Creating environment descriptor '/home/anand/Desktop/moveo_ros2/install/gazebo_ros2_control/share/gazebo_ros2_control/hook/ld_library_path_lib.dsv'
[2.145s] INFO:colcon.colcon_core.shell:Creating environment hook '/home/anand/Desktop/moveo_ros2/install/gazebo_ros2_control/share/gazebo_ros2_control/hook/ld_library_path_lib.sh'
[2.147s] Level 1:colcon.colcon_core.environment:checking '/home/anand/Desktop/moveo_ros2/install/gazebo_ros2_control/bin'
[2.147s] Level 1:colcon.colcon_core.environment:checking '/home/anand/Desktop/moveo_ros2/install/gazebo_ros2_control/lib/pkgconfig/gazebo_ros2_control.pc'
[2.148s] Level 1:colcon.colcon_core.environment:checking '/home/anand/Desktop/moveo_ros2/install/gazebo_ros2_control/lib/python3.10/site-packages'
[2.148s] Level 1:colcon.colcon_core.environment:checking '/home/anand/Desktop/moveo_ros2/install/gazebo_ros2_control/bin'
[2.155s] INFO:colcon.colcon_core.shell:Creating package script '/home/anand/Desktop/moveo_ros2/install/gazebo_ros2_control/share/gazebo_ros2_control/package.ps1'
[2.157s] INFO:colcon.colcon_core.shell:Creating package descriptor '/home/anand/Desktop/moveo_ros2/install/gazebo_ros2_control/share/gazebo_ros2_control/package.dsv'
[2.158s] INFO:colcon.colcon_core.shell:Creating package script '/home/anand/Desktop/moveo_ros2/install/gazebo_ros2_control/share/gazebo_ros2_control/package.sh'
[2.159s] INFO:colcon.colcon_core.shell:Creating package script '/home/anand/Desktop/moveo_ros2/install/gazebo_ros2_control/share/gazebo_ros2_control/package.bash'
[2.160s] INFO:colcon.colcon_core.shell:Creating package script '/home/anand/Desktop/moveo_ros2/install/gazebo_ros2_control/share/gazebo_ros2_control/package.zsh'
[2.160s] Level 1:colcon.colcon_core.environment:create_file_with_runtime_dependencies(/home/anand/Desktop/moveo_ros2/install/gazebo_ros2_control/share/colcon-core/packages/gazebo_ros2_control)
[2.162s] INFO:colcon.colcon_ros.task.ament_cmake.build:Building ROS package in '/home/anand/Desktop/moveo_ros2/src/gazebo_ros2_control_demos' with build type 'ament_cmake'
[2.162s] INFO:colcon.colcon_cmake.task.cmake.build:Building CMake package in '/home/anand/Desktop/moveo_ros2/src/gazebo_ros2_control_demos'
[2.165s] INFO:colcon.colcon_core.shell:Skip shell extension 'powershell' for command environment: Not usable outside of PowerShell
[2.165s] DEBUG:colcon.colcon_core.shell:Skip shell extension 'dsv' for command environment
[2.179s] Level 1:colcon.colcon_core.environment:create_environment_scripts_only(moveo_moveit_config)
[2.183s] Level 1:colcon.colcon_core.environment:checking '/home/anand/Desktop/moveo_ros2/install/moveo_moveit_config' for CMake module files
[2.185s] Level 1:colcon.colcon_core.environment:checking '/home/anand/Desktop/moveo_ros2/install/moveo_moveit_config' for CMake config files
[2.186s] Level 1:colcon.colcon_core.shell:create_environment_hook('moveo_moveit_config', 'cmake_prefix_path')
[2.190s] INFO:colcon.colcon_core.shell:Creating environment hook '/home/anand/Desktop/moveo_ros2/install/moveo_moveit_config/share/moveo_moveit_config/hook/cmake_prefix_path.ps1'
[2.191s] INFO:colcon.colcon_core.shell:Creating environment descriptor '/home/anand/Desktop/moveo_ros2/install/moveo_moveit_config/share/moveo_moveit_config/hook/cmake_prefix_path.dsv'
[2.191s] INFO:colcon.colcon_core.shell:Creating environment hook '/home/anand/Desktop/moveo_ros2/install/moveo_moveit_config/share/moveo_moveit_config/hook/cmake_prefix_path.sh'
[2.192s] Level 1:colcon.colcon_core.environment:checking '/home/anand/Desktop/moveo_ros2/install/moveo_moveit_config/bin'
[2.192s] Level 1:colcon.colcon_core.environment:checking '/home/anand/Desktop/moveo_ros2/install/moveo_moveit_config/lib/pkgconfig/moveo_moveit_config.pc'
[2.193s] Level 1:colcon.colcon_core.environment:checking '/home/anand/Desktop/moveo_ros2/install/moveo_moveit_config/lib/python3.10/site-packages'
[2.193s] Level 1:colcon.colcon_core.environment:checking '/home/anand/Desktop/moveo_ros2/install/moveo_moveit_config/bin'
[2.196s] INFO:colcon.colcon_core.shell:Creating package script '/home/anand/Desktop/moveo_ros2/install/moveo_moveit_config/share/moveo_moveit_config/package.ps1'
[2.197s] INFO:colcon.colcon_core.shell:Creating package descriptor '/home/anand/Desktop/moveo_ros2/install/moveo_moveit_config/share/moveo_moveit_config/package.dsv'
[2.198s] INFO:colcon.colcon_core.shell:Creating package script '/home/anand/Desktop/moveo_ros2/install/moveo_moveit_config/share/moveo_moveit_config/package.sh'
[2.199s] INFO:colcon.colcon_core.shell:Creating package script '/home/anand/Desktop/moveo_ros2/install/moveo_moveit_config/share/moveo_moveit_config/package.bash'
[2.200s] INFO:colcon.colcon_core.shell:Creating package script '/home/anand/Desktop/moveo_ros2/install/moveo_moveit_config/share/moveo_moveit_config/package.zsh'
[2.202s] Level 1:colcon.colcon_core.environment:create_file_with_runtime_dependencies(/home/anand/Desktop/moveo_ros2/install/moveo_moveit_config/share/colcon-core/packages/moveo_moveit_config)
[2.210s] DEBUG:colcon.colcon_core.event_handler.log_command:Invoking command in '/home/anand/Desktop/moveo_ros2/build/gazebo_ros2_control_demos': CMAKE_PREFIX_PATH=/home/anand/Desktop/moveo_ros2/install/gazebo_ros2_control:/home/anand/Desktop/moveo_ros2/install/moveo_moveit_config:/home/anand/Desktop/moveo_ros2/install/moveo_arm:/home/anand/Desktop/moveo_ros2/install/gazebo_ros2_control_demos:/opt/ros/humble /usr/bin/cmake --build /home/anand/Desktop/moveo_ros2/build/gazebo_ros2_control_demos -- -j4 -l4
[2.561s] DEBUG:colcon.colcon_core.event_handler.log_command:Invoked command in '/home/anand/Desktop/moveo_ros2/build/gazebo_ros2_control_demos' returned '0': CMAKE_PREFIX_PATH=/home/anand/Desktop/moveo_ros2/install/gazebo_ros2_control:/home/anand/Desktop/moveo_ros2/install/moveo_moveit_config:/home/anand/Desktop/moveo_ros2/install/moveo_arm:/home/anand/Desktop/moveo_ros2/install/gazebo_ros2_control_demos:/opt/ros/humble /usr/bin/cmake --build /home/anand/Desktop/moveo_ros2/build/gazebo_ros2_control_demos -- -j4 -l4
[2.667s] DEBUG:colcon.colcon_core.event_handler.log_command:Invoking command in '/home/anand/Desktop/moveo_ros2/build/gazebo_ros2_control_demos': CMAKE_PREFIX_PATH=/home/anand/Desktop/moveo_ros2/install/gazebo_ros2_control:/home/anand/Desktop/moveo_ros2/install/moveo_moveit_config:/home/anand/Desktop/moveo_ros2/install/moveo_arm:/home/anand/Desktop/moveo_ros2/install/gazebo_ros2_control_demos:/opt/ros/humble /usr/bin/cmake --install /home/anand/Desktop/moveo_ros2/build/gazebo_ros2_control_demos
[2.721s] Level 1:colcon.colcon_core.environment:create_environment_scripts_only(gazebo_ros2_control_demos)
[2.727s] DEBUG:colcon.colcon_core.event_handler.log_command:Invoked command in '/home/anand/Desktop/moveo_ros2/build/gazebo_ros2_control_demos' returned '0': CMAKE_PREFIX_PATH=/home/anand/Desktop/moveo_ros2/install/gazebo_ros2_control:/home/anand/Desktop/moveo_ros2/install/moveo_moveit_config:/home/anand/Desktop/moveo_ros2/install/moveo_arm:/home/anand/Desktop/moveo_ros2/install/gazebo_ros2_control_demos:/opt/ros/humble /usr/bin/cmake --install /home/anand/Desktop/moveo_ros2/build/gazebo_ros2_control_demos
[2.731s] Level 1:colcon.colcon_core.environment:checking '/home/anand/Desktop/moveo_ros2/install/gazebo_ros2_control_demos' for CMake module files
[2.732s] Level 1:colcon.colcon_core.environment:checking '/home/anand/Desktop/moveo_ros2/install/gazebo_ros2_control_demos' for CMake config files
[2.733s] Level 1:colcon.colcon_core.shell:create_environment_hook('gazebo_ros2_control_demos', 'cmake_prefix_path')
[2.738s] INFO:colcon.colcon_core.shell:Creating environment hook '/home/anand/Desktop/moveo_ros2/install/gazebo_ros2_control_demos/share/gazebo_ros2_control_demos/hook/cmake_prefix_path.ps1'
[2.740s] INFO:colcon.colcon_core.shell:Creating environment descriptor '/home/anand/Desktop/moveo_ros2/install/gazebo_ros2_control_demos/share/gazebo_ros2_control_demos/hook/cmake_prefix_path.dsv'
[2.742s] INFO:colcon.colcon_core.shell:Creating environment hook '/home/anand/Desktop/moveo_ros2/install/gazebo_ros2_control_demos/share/gazebo_ros2_control_demos/hook/cmake_prefix_path.sh'
[2.743s] Level 1:colcon.colcon_core.environment:checking '/home/anand/Desktop/moveo_ros2/install/gazebo_ros2_control_demos/lib'
[2.744s] Level 1:colcon.colcon_core.environment:checking '/home/anand/Desktop/moveo_ros2/install/gazebo_ros2_control_demos/bin'
[2.744s] Level 1:colcon.colcon_core.environment:checking '/home/anand/Desktop/moveo_ros2/install/gazebo_ros2_control_demos/lib/pkgconfig/gazebo_ros2_control_demos.pc'
[2.744s] Level 1:colcon.colcon_core.environment:checking '/home/anand/Desktop/moveo_ros2/install/gazebo_ros2_control_demos/lib/python3.10/site-packages'
[2.745s] Level 1:colcon.colcon_core.environment:checking '/home/anand/Desktop/moveo_ros2/install/gazebo_ros2_control_demos/bin'
[2.750s] INFO:colcon.colcon_core.shell:Creating package script '/home/anand/Desktop/moveo_ros2/install/gazebo_ros2_control_demos/share/gazebo_ros2_control_demos/package.ps1'
[2.751s] INFO:colcon.colcon_core.shell:Creating package descriptor '/home/anand/Desktop/moveo_ros2/install/gazebo_ros2_control_demos/share/gazebo_ros2_control_demos/package.dsv'
[2.762s] INFO:colcon.colcon_core.shell:Creating package script '/home/anand/Desktop/moveo_ros2/install/gazebo_ros2_control_demos/share/gazebo_ros2_control_demos/package.sh'
[2.764s] INFO:colcon.colcon_core.shell:Creating package script '/home/anand/Desktop/moveo_ros2/install/gazebo_ros2_control_demos/share/gazebo_ros2_control_demos/package.bash'
[2.765s] INFO:colcon.colcon_core.shell:Creating package script '/home/anand/Desktop/moveo_ros2/install/gazebo_ros2_control_demos/share/gazebo_ros2_control_demos/package.zsh'
[2.766s] Level 1:colcon.colcon_core.environment:create_file_with_runtime_dependencies(/home/anand/Desktop/moveo_ros2/install/gazebo_ros2_control_demos/share/colcon-core/packages/gazebo_ros2_control_demos)
[2.877s] Level 1:colcon.colcon_core.environment:create_environment_scripts_only(gazebo_ros2_control_demos)
[2.884s] Level 1:colcon.colcon_core.environment:checking '/home/anand/Desktop/moveo_ros2/install/gazebo_ros2_control_demos' for CMake module files
[2.886s] Level 1:colcon.colcon_core.environment:checking '/home/anand/Desktop/moveo_ros2/install/gazebo_ros2_control_demos' for CMake config files
[2.887s] Level 1:colcon.colcon_core.shell:create_environment_hook('gazebo_ros2_control_demos', 'cmake_prefix_path')
[2.892s] INFO:colcon.colcon_core.shell:Creating environment hook '/home/anand/Desktop/moveo_ros2/install/gazebo_ros2_control_demos/share/gazebo_ros2_control_demos/hook/cmake_prefix_path.ps1'
[2.893s] INFO:colcon.colcon_core.shell:Creating environment descriptor '/home/anand/Desktop/moveo_ros2/install/gazebo_ros2_control_demos/share/gazebo_ros2_control_demos/hook/cmake_prefix_path.dsv'
[2.894s] INFO:colcon.colcon_core.shell:Creating environment hook '/home/anand/Desktop/moveo_ros2/install/gazebo_ros2_control_demos/share/gazebo_ros2_control_demos/hook/cmake_prefix_path.sh'
[2.895s] Level 1:colcon.colcon_core.environment:checking '/home/anand/Desktop/moveo_ros2/install/gazebo_ros2_control_demos/lib'
[2.896s] Level 1:colcon.colcon_core.environment:checking '/home/anand/Desktop/moveo_ros2/install/gazebo_ros2_control_demos/bin'
[2.896s] Level 1:colcon.colcon_core.environment:checking '/home/anand/Desktop/moveo_ros2/install/gazebo_ros2_control_demos/lib/pkgconfig/gazebo_ros2_control_demos.pc'
[2.897s] Level 1:colcon.colcon_core.environment:checking '/home/anand/Desktop/moveo_ros2/install/gazebo_ros2_control_demos/lib/python3.10/site-packages'
[2.897s] Level 1:colcon.colcon_core.environment:checking '/home/anand/Desktop/moveo_ros2/install/gazebo_ros2_control_demos/bin'
[2.902s] INFO:colcon.colcon_core.shell:Creating package script '/home/anand/Desktop/moveo_ros2/install/gazebo_ros2_control_demos/share/gazebo_ros2_control_demos/package.ps1'
[2.904s] INFO:colcon.colcon_core.shell:Creating package descriptor '/home/anand/Desktop/moveo_ros2/install/gazebo_ros2_control_demos/share/gazebo_ros2_control_demos/package.dsv'
[2.906s] INFO:colcon.colcon_core.shell:Creating package script '/home/anand/Desktop/moveo_ros2/install/gazebo_ros2_control_demos/share/gazebo_ros2_control_demos/package.sh'
[2.907s] INFO:colcon.colcon_core.shell:Creating package script '/home/anand/Desktop/moveo_ros2/install/gazebo_ros2_control_demos/share/gazebo_ros2_control_demos/package.bash'
[2.909s] INFO:colcon.colcon_core.shell:Creating package script '/home/anand/Desktop/moveo_ros2/install/gazebo_ros2_control_demos/share/gazebo_ros2_control_demos/package.zsh'
[2.910s] Level 1:colcon.colcon_core.environment:create_file_with_runtime_dependencies(/home/anand/Desktop/moveo_ros2/install/gazebo_ros2_control_demos/share/colcon-core/packages/gazebo_ros2_control_demos)
[2.912s] DEBUG:colcon.colcon_parallel_executor.executor.parallel:closing loop
[2.916s] DEBUG:colcon.colcon_parallel_executor.executor.parallel:loop closed
[2.917s] DEBUG:colcon.colcon_parallel_executor.executor.parallel:run_until_complete finished with '0'
[2.917s] DEBUG:colcon.colcon_core.event_reactor:joining thread
[2.963s] INFO:colcon.colcon_core.plugin_system:Skipping extension 'colcon_notification.desktop_notification.terminal_notifier': Not used on non-Darwin systems
[2.963s] INFO:colcon.colcon_core.plugin_system:Skipping extension 'colcon_notification.desktop_notification.win32': Not used on non-Windows systems
[2.963s] INFO:colcon.colcon_notification.desktop_notification:Sending desktop notification using 'notify2'
[3.005s] DEBUG:colcon.colcon_core.event_reactor:joined thread
[3.010s] INFO:colcon.colcon_core.shell:Creating prefix script '/home/anand/Desktop/moveo_ros2/install/local_setup.ps1'
[3.013s] INFO:colcon.colcon_core.shell:Creating prefix util module '/home/anand/Desktop/moveo_ros2/install/_local_setup_util_ps1.py'
[3.018s] INFO:colcon.colcon_core.shell:Creating prefix chain script '/home/anand/Desktop/moveo_ros2/install/setup.ps1'
[3.028s] INFO:colcon.colcon_core.shell:Creating prefix script '/home/anand/Desktop/moveo_ros2/install/local_setup.sh'
[3.030s] INFO:colcon.colcon_core.shell:Creating prefix util module '/home/anand/Desktop/moveo_ros2/install/_local_setup_util_sh.py'
[3.032s] INFO:colcon.colcon_core.shell:Creating prefix chain script '/home/anand/Desktop/moveo_ros2/install/setup.sh'
[3.039s] INFO:colcon.colcon_core.shell:Creating prefix script '/home/anand/Desktop/moveo_ros2/install/local_setup.bash'
[3.041s] INFO:colcon.colcon_core.shell:Creating prefix chain script '/home/anand/Desktop/moveo_ros2/install/setup.bash'
[3.046s] INFO:colcon.colcon_core.shell:Creating prefix script '/home/anand/Desktop/moveo_ros2/install/local_setup.zsh'
[3.047s] INFO:colcon.colcon_core.shell:Creating prefix chain script '/home/anand/Desktop/moveo_ros2/install/setup.zsh'
