[0.155s] Invoking command in '/home/anand/Desktop/moveo_ros2/build/serial': CMAKE_PREFIX_PATH=/opt/ros/humble /usr/bin/cmake /home/anand/Desktop/moveo_ros2/src/serial -DCMAKE_INSTALL_PREFIX=/home/anand/Desktop/moveo_ros2/install/serial
[4.886s] -- The C compiler identification is GNU 11.3.0
[6.097s] -- The CXX compiler identification is GNU 11.3.0
[6.276s] -- Detecting C compiler ABI info
[6.658s] -- Detecting C compiler ABI info - done
[6.673s] -- Check for working C compiler: /usr/bin/cc - skipped
[6.674s] -- Detecting C compile features
[6.718s] -- Detecting C compile features - done
[6.789s] -- Detecting CXX compiler ABI info
[7.069s] -- Detecting CXX compiler ABI info - done
[7.086s] -- Check for working CXX compiler: /usr/bin/c++ - skipped
[7.087s] -- Detecting CXX compile features
[7.088s] -- Detecting CXX compile features - done
[7.178s] -- Found ament_cmake: 1.3.3 (/opt/ros/humble/share/ament_cmake/cmake)
[7.660s] -- Found Python3: /usr/bin/python3.10 (found version "3.10.6") found components: Interpreter 
[8.155s] -- Found ament_cmake_gtest: 1.3.3 (/opt/ros/humble/share/ament_cmake_gtest/cmake)
[8.266s] -- Found Boost: /usr/lib/x86_64-linux-gnu/cmake/Boost-1.74.0/BoostConfig.cmake (found version "1.74.0")  
[8.318s] -- Found gtest sources under '/opt/ros/humble/src/gtest_vendor': C++ tests using 'Google Test' will be built
[8.362s] -- Looking for pthread.h
[8.660s] -- Looking for pthread.h - found
[8.660s] -- Performing Test CMAKE_HAVE_LIBC_PTHREAD
[8.805s] -- Performing Test CMAKE_HAVE_LIBC_PTHREAD - Success
[8.806s] -- Found Threads: TRUE  
[8.979s] -- Configuring done
[9.014s] -- Generating done
[9.018s] -- Build files have been written to: /home/anand/Desktop/moveo_ros2/build/serial
[9.028s] Invoked command in '/home/anand/Desktop/moveo_ros2/build/serial' returned '0': CMAKE_PREFIX_PATH=/opt/ros/humble /usr/bin/cmake /home/anand/Desktop/moveo_ros2/src/serial -DCMAKE_INSTALL_PREFIX=/home/anand/Desktop/moveo_ros2/install/serial
[9.031s] Invoking command in '/home/anand/Desktop/moveo_ros2/build/serial': CMAKE_PREFIX_PATH=/opt/ros/humble /usr/bin/cmake --build /home/anand/Desktop/moveo_ros2/build/serial -- -j4 -l4
[9.105s] [  7%] [32mBuilding CXX object gtest/CMakeFiles/gtest_main.dir/src/gtest_main.cc.o[0m
[9.108s] [ 21%] [32mBuilding CXX object CMakeFiles/serial.dir/src/serial.cc.o[0m
[9.108s] [ 21%] [32mBuilding CXX object CMakeFiles/serial.dir/src/impl/unix.cc.o[0m
[9.108s] [ 28%] [32mBuilding CXX object gtest/CMakeFiles/gtest.dir/src/gtest-all.cc.o[0m
[13.071s] [ 35%] [32mBuilding CXX object CMakeFiles/serial.dir/src/impl/list_ports/list_ports_linux.cc.o[0m
[13.460s] [ 42%] [32m[1mLinking CXX static library libgtest_main.a[0m
[13.609s] [ 42%] Built target gtest_main
[14.178s] [ 50%] [32m[1mLinking CXX static library libserial.a[0m
[14.233s] [ 50%] Built target serial
[14.267s] [ 57%] [32mBuilding CXX object CMakeFiles/serial_example.dir/examples/serial_example.cc.o[0m
[14.916s] [ 64%] [32m[1mLinking CXX executable serial_example[0m
[15.080s] [ 64%] Built target serial_example
[18.521s] [ 71%] [32m[1mLinking CXX static library libgtest.a[0m
[18.616s] [ 71%] Built target gtest
[18.654s] [ 78%] [32mBuilding CXX object tests/CMakeFiles/serial-test.dir/unix_serial_tests.cc.o[0m
[18.659s] [ 85%] [32mBuilding CXX object tests/CMakeFiles/serial-test-timer.dir/unit/unix_timer_tests.cc.o[0m
[20.626s] [ 92%] [32m[1mLinking CXX executable serial-test-timer[0m
[20.829s] In file included from [01m[K/usr/include/boost/bind.hpp:30[m[K,
[20.829s]                  from [01m[K/home/anand/Desktop/moveo_ros2/src/serial/tests/unix_serial_tests.cc:23[m[K:
[20.829s] [01m[K/usr/include/boost/bind.hpp:36:1:[m[K [01;36m[Knote: [m[K‘[01m[K#pragma message: The practice of declaring the Bind placeholders (_1, _2, ...) in the global namespace is deprecated. Please use <boost/bind/bind.hpp> + using namespace boost::placeholders, or define BOOST_BIND_GLOBAL_PLACEHOLDERS to retain the current behavior.[m[K’
[20.829s]    36 | [01;36m[KBOOST_PRAGMA_MESSAGE[m[K(
[20.830s]       | [01;36m[K^~~~~~~~~~~~~~~~~~~~[m[K
[20.863s] [ 92%] Built target serial-test-timer
[21.205s] [100%] [32m[1mLinking CXX executable serial-test[0m
[21.443s] [100%] Built target serial-test
[21.482s] Invoked command in '/home/anand/Desktop/moveo_ros2/build/serial' returned '0': CMAKE_PREFIX_PATH=/opt/ros/humble /usr/bin/cmake --build /home/anand/Desktop/moveo_ros2/build/serial -- -j4 -l4
[21.513s] Invoking command in '/home/anand/Desktop/moveo_ros2/build/serial': CMAKE_PREFIX_PATH=/opt/ros/humble /usr/bin/cmake --install /home/anand/Desktop/moveo_ros2/build/serial
[21.525s] -- Install configuration: ""
[21.525s] -- Installing: /home/anand/Desktop/moveo_ros2/install/serial/lib/libserial.a
[21.526s] -- Installing: /home/anand/Desktop/moveo_ros2/install/serial/include/serial/serial.h
[21.527s] -- Installing: /home/anand/Desktop/moveo_ros2/install/serial/include/serial/v8stdint.h
[21.527s] -- Installing: /home/anand/Desktop/moveo_ros2/install/serial/share/serial/environment/library_path.sh
[21.528s] -- Installing: /home/anand/Desktop/moveo_ros2/install/serial/share/serial/environment/library_path.dsv
[21.528s] -- Installing: /home/anand/Desktop/moveo_ros2/install/serial/share/ament_index/resource_index/package_run_dependencies/serial
[21.528s] -- Installing: /home/anand/Desktop/moveo_ros2/install/serial/share/ament_index/resource_index/parent_prefix_path/serial
[21.529s] -- Installing: /home/anand/Desktop/moveo_ros2/install/serial/share/serial/environment/ament_prefix_path.sh
[21.529s] -- Installing: /home/anand/Desktop/moveo_ros2/install/serial/share/serial/environment/ament_prefix_path.dsv
[21.529s] -- Installing: /home/anand/Desktop/moveo_ros2/install/serial/share/serial/environment/path.sh
[21.529s] -- Installing: /home/anand/Desktop/moveo_ros2/install/serial/share/serial/environment/path.dsv
[21.529s] -- Installing: /home/anand/Desktop/moveo_ros2/install/serial/share/serial/local_setup.bash
[21.530s] -- Installing: /home/anand/Desktop/moveo_ros2/install/serial/share/serial/local_setup.sh
[21.530s] -- Installing: /home/anand/Desktop/moveo_ros2/install/serial/share/serial/local_setup.zsh
[21.530s] -- Installing: /home/anand/Desktop/moveo_ros2/install/serial/share/serial/local_setup.dsv
[21.531s] -- Installing: /home/anand/Desktop/moveo_ros2/install/serial/share/serial/package.dsv
[21.531s] -- Installing: /home/anand/Desktop/moveo_ros2/install/serial/share/ament_index/resource_index/packages/serial
[21.531s] -- Installing: /home/anand/Desktop/moveo_ros2/install/serial/share/serial/cmake/ament_cmake_export_include_directories-extras.cmake
[21.531s] -- Installing: /home/anand/Desktop/moveo_ros2/install/serial/share/serial/cmake/ament_cmake_export_libraries-extras.cmake
[21.532s] -- Installing: /home/anand/Desktop/moveo_ros2/install/serial/share/serial/cmake/serialConfig.cmake
[21.532s] -- Installing: /home/anand/Desktop/moveo_ros2/install/serial/share/serial/cmake/serialConfig-version.cmake
[21.532s] -- Installing: /home/anand/Desktop/moveo_ros2/install/serial/share/serial/package.xml
[21.540s] Invoked command in '/home/anand/Desktop/moveo_ros2/build/serial' returned '0': CMAKE_PREFIX_PATH=/opt/ros/humble /usr/bin/cmake --install /home/anand/Desktop/moveo_ros2/build/serial
