[0.594s] Invoking command in '/home/anand/Desktop/moveo_ros2/build/moveo_moveit_config': CMAKE_PREFIX_PATH=/home/anand/Desktop/moveo_ros2/install/moveo_arm:/home/anand/Desktop/moveo_ros2/install/diffdrive_arduino:/home/anand/Desktop/moveo_ros2/install/serial:/home/anand/Desktop/moveo_ros2/install/moveo_moveit_config:/home/anand/Desktop/moveo_ros2/install/gazebo_ros2_control_demos:/home/anand/Desktop/moveo_ros2/install/gazebo_ros2_control:/opt/ros/humble /usr/bin/cmake --build /home/anand/Desktop/moveo_ros2/build/moveo_moveit_config -- -j4 -l4
[1.001s] Invoked command in '/home/anand/Desktop/moveo_ros2/build/moveo_moveit_config' returned '0': CMAKE_PREFIX_PATH=/home/anand/Desktop/moveo_ros2/install/moveo_arm:/home/anand/Desktop/moveo_ros2/install/diffdrive_arduino:/home/anand/Desktop/moveo_ros2/install/serial:/home/anand/Desktop/moveo_ros2/install/moveo_moveit_config:/home/anand/Desktop/moveo_ros2/install/gazebo_ros2_control_demos:/home/anand/Desktop/moveo_ros2/install/gazebo_ros2_control:/opt/ros/humble /usr/bin/cmake --build /home/anand/Desktop/moveo_ros2/build/moveo_moveit_config -- -j4 -l4
[1.035s] Invoking command in '/home/anand/Desktop/moveo_ros2/build/moveo_moveit_config': CMAKE_PREFIX_PATH=/home/anand/Desktop/moveo_ros2/install/moveo_arm:/home/anand/Desktop/moveo_ros2/install/diffdrive_arduino:/home/anand/Desktop/moveo_ros2/install/serial:/home/anand/Desktop/moveo_ros2/install/moveo_moveit_config:/home/anand/Desktop/moveo_ros2/install/gazebo_ros2_control_demos:/home/anand/Desktop/moveo_ros2/install/gazebo_ros2_control:/opt/ros/humble /usr/bin/cmake --install /home/anand/Desktop/moveo_ros2/build/moveo_moveit_config
[1.046s] -- Install configuration: ""
[1.046s] -- Up-to-date: /home/anand/Desktop/moveo_ros2/install/moveo_moveit_config/share/ament_index/resource_index/package_run_dependencies/moveo_moveit_config
[1.046s] -- Up-to-date: /home/anand/Desktop/moveo_ros2/install/moveo_moveit_config/share/ament_index/resource_index/parent_prefix_path/moveo_moveit_config
[1.047s] -- Up-to-date: /home/anand/Desktop/moveo_ros2/install/moveo_moveit_config/share/moveo_moveit_config/environment/ament_prefix_path.sh
[1.047s] -- Up-to-date: /home/anand/Desktop/moveo_ros2/install/moveo_moveit_config/share/moveo_moveit_config/environment/ament_prefix_path.dsv
[1.047s] -- Up-to-date: /home/anand/Desktop/moveo_ros2/install/moveo_moveit_config/share/moveo_moveit_config/environment/path.sh
[1.047s] -- Up-to-date: /home/anand/Desktop/moveo_ros2/install/moveo_moveit_config/share/moveo_moveit_config/environment/path.dsv
[1.047s] -- Up-to-date: /home/anand/Desktop/moveo_ros2/install/moveo_moveit_config/share/moveo_moveit_config/local_setup.bash
[1.047s] -- Up-to-date: /home/anand/Desktop/moveo_ros2/install/moveo_moveit_config/share/moveo_moveit_config/local_setup.sh
[1.047s] -- Up-to-date: /home/anand/Desktop/moveo_ros2/install/moveo_moveit_config/share/moveo_moveit_config/local_setup.zsh
[1.048s] -- Up-to-date: /home/anand/Desktop/moveo_ros2/install/moveo_moveit_config/share/moveo_moveit_config/local_setup.dsv
[1.048s] -- Installing: /home/anand/Desktop/moveo_ros2/install/moveo_moveit_config/share/moveo_moveit_config/package.dsv
[1.199s] -- Up-to-date: /home/anand/Desktop/moveo_ros2/install/moveo_moveit_config/share/ament_index/resource_index/packages/moveo_moveit_config
[1.200s] -- Up-to-date: /home/anand/Desktop/moveo_ros2/install/moveo_moveit_config/share/moveo_moveit_config/cmake/moveo_moveit_configConfig.cmake
[1.200s] -- Up-to-date: /home/anand/Desktop/moveo_ros2/install/moveo_moveit_config/share/moveo_moveit_config/cmake/moveo_moveit_configConfig-version.cmake
[1.201s] -- Up-to-date: /home/anand/Desktop/moveo_ros2/install/moveo_moveit_config/share/moveo_moveit_config/package.xml
[1.201s] -- Up-to-date: /home/anand/Desktop/moveo_ros2/install/moveo_moveit_config/share/moveo_moveit_config/launch
[1.202s] -- Up-to-date: /home/anand/Desktop/moveo_ros2/install/moveo_moveit_config/share/moveo_moveit_config/launch/warehouse_db.launch.py
[1.202s] -- Up-to-date: /home/anand/Desktop/moveo_ros2/install/moveo_moveit_config/share/moveo_moveit_config/launch/spawn_controllers.launch.py
[1.203s] -- Up-to-date: /home/anand/Desktop/moveo_ros2/install/moveo_moveit_config/share/moveo_moveit_config/launch/static_virtual_joint_tfs.launch.py
[1.203s] -- Up-to-date: /home/anand/Desktop/moveo_ros2/install/moveo_moveit_config/share/moveo_moveit_config/launch/demo.launch.py
[1.203s] -- Up-to-date: /home/anand/Desktop/moveo_ros2/install/moveo_moveit_config/share/moveo_moveit_config/launch/setup_assistant.launch.py
[1.204s] -- Up-to-date: /home/anand/Desktop/moveo_ros2/install/moveo_moveit_config/share/moveo_moveit_config/launch/moveit_rviz.launch.py
[1.204s] -- Up-to-date: /home/anand/Desktop/moveo_ros2/install/moveo_moveit_config/share/moveo_moveit_config/launch/rsp.launch.py
[1.204s] -- Up-to-date: /home/anand/Desktop/moveo_ros2/install/moveo_moveit_config/share/moveo_moveit_config/launch/move_group.launch.py
[1.205s] -- Up-to-date: /home/anand/Desktop/moveo_ros2/install/moveo_moveit_config/share/moveo_moveit_config/config
[1.205s] -- Up-to-date: /home/anand/Desktop/moveo_ros2/install/moveo_moveit_config/share/moveo_moveit_config/config/pilz_cartesian_limits.yaml
[1.205s] -- Up-to-date: /home/anand/Desktop/moveo_ros2/install/moveo_moveit_config/share/moveo_moveit_config/config/panda.ros2_control.xacro
[1.206s] -- Up-to-date: /home/anand/Desktop/moveo_ros2/install/moveo_moveit_config/share/moveo_moveit_config/config/initial_positions.yaml
[1.206s] -- Up-to-date: /home/anand/Desktop/moveo_ros2/install/moveo_moveit_config/share/moveo_moveit_config/config/moveit_controllers.yaml
[1.206s] -- Up-to-date: /home/anand/Desktop/moveo_ros2/install/moveo_moveit_config/share/moveo_moveit_config/config/ros2_controllers.yaml
[1.207s] -- Up-to-date: /home/anand/Desktop/moveo_ros2/install/moveo_moveit_config/share/moveo_moveit_config/config/joint_limits.yaml
[1.207s] -- Up-to-date: /home/anand/Desktop/moveo_ros2/install/moveo_moveit_config/share/moveo_moveit_config/config/panda.srdf
[1.207s] -- Up-to-date: /home/anand/Desktop/moveo_ros2/install/moveo_moveit_config/share/moveo_moveit_config/config/moveit.rviz
[1.207s] -- Up-to-date: /home/anand/Desktop/moveo_ros2/install/moveo_moveit_config/share/moveo_moveit_config/config/kinematics.yaml
[1.208s] -- Up-to-date: /home/anand/Desktop/moveo_ros2/install/moveo_moveit_config/share/moveo_moveit_config/config/panda.urdf.xacro
[1.208s] -- Up-to-date: /home/anand/Desktop/moveo_ros2/install/moveo_moveit_config/share/moveo_moveit_config/.setup_assistant
[1.287s] Invoked command in '/home/anand/Desktop/moveo_ros2/build/moveo_moveit_config' returned '0': CMAKE_PREFIX_PATH=/home/anand/Desktop/moveo_ros2/install/moveo_arm:/home/anand/Desktop/moveo_ros2/install/diffdrive_arduino:/home/anand/Desktop/moveo_ros2/install/serial:/home/anand/Desktop/moveo_ros2/install/moveo_moveit_config:/home/anand/Desktop/moveo_ros2/install/gazebo_ros2_control_demos:/home/anand/Desktop/moveo_ros2/install/gazebo_ros2_control:/opt/ros/humble /usr/bin/cmake --install /home/anand/Desktop/moveo_ros2/build/moveo_moveit_config
